2025-06-09 11:58:08.270 [info] Reading sessions from keychain...
2025-06-09 11:58:08.270 [info] Getting sessions for all scopes...
2025-06-09 11:58:08.270 [info] Getting sessions for all scopes...
2025-06-09 11:58:08.272 [info] Getting sessions for all scopes...
2025-06-09 11:58:08.272 [info] Getting sessions for all scopes...
2025-06-09 11:58:08.272 [info] Getting sessions for all scopes...
2025-06-09 11:58:08.272 [info] Getting sessions for all scopes...
2025-06-09 11:58:08.273 [info] Getting sessions for all scopes...
2025-06-09 11:58:08.402 [info] Got stored sessions!
2025-06-09 11:58:08.403 [info] Got 1 verified sessions.
2025-06-09 11:58:08.403 [info] Got 1 sessions for ...
2025-06-09 11:58:08.403 [info] Got 1 sessions for ...
2025-06-09 11:58:08.403 [info] Got 1 sessions for ...
2025-06-09 11:58:08.403 [info] Got 1 sessions for ...
2025-06-09 11:58:08.403 [info] Got 1 sessions for ...
2025-06-09 11:58:08.403 [info] Got 1 sessions for ...
2025-06-09 11:58:08.403 [info] Got 1 sessions for ...
2025-06-09 11:58:08.792 [info] Getting sessions for all scopes...
2025-06-09 11:58:08.792 [info] Got 1 sessions for ...
2025-06-09 11:58:08.793 [info] Getting sessions for all scopes...
2025-06-09 11:58:08.793 [info] Got 1 sessions for ...
2025-06-09 11:58:08.793 [info] Getting sessions for all scopes...
2025-06-09 11:58:08.793 [info] Got 1 sessions for ...
2025-06-09 11:58:08.793 [info] Getting sessions for all scopes...
2025-06-09 11:58:08.793 [info] Got 1 sessions for ...
2025-06-09 11:58:08.794 [info] Getting sessions for all scopes...
2025-06-09 11:58:08.794 [info] Got 1 sessions for ...
2025-06-09 11:58:08.794 [info] Getting sessions for all scopes...
2025-06-09 11:58:08.794 [info] Got 1 sessions for ...
2025-06-09 11:58:08.846 [info] Getting sessions for all scopes...
2025-06-09 11:58:08.846 [info] Got 1 sessions for ...
2025-06-09 11:58:09.806 [info] Getting sessions for all scopes...
2025-06-09 11:58:09.806 [info] Got 1 sessions for ...
2025-06-09 11:58:10.145 [info] Getting sessions for read:user,repo,user:email,workflow...
2025-06-09 11:58:10.145 [info] Got 1 sessions for read:user,repo,user:email,workflow...
2025-06-09 11:58:10.478 [info] Getting sessions for all scopes...
2025-06-09 11:58:10.478 [info] Got 1 sessions for ...
2025-06-09 11:58:10.851 [info] Getting sessions for read:user,repo,user:email,workflow...
2025-06-09 11:58:10.851 [info] Got 1 sessions for read:user,repo,user:email,workflow...
2025-06-09 12:00:54.678 [info] Reading sessions from keychain...
2025-06-09 12:00:54.678 [info] Getting sessions for all scopes...
2025-06-09 12:00:54.678 [info] Getting sessions for all scopes...
2025-06-09 12:00:54.678 [info] Getting sessions for all scopes...
2025-06-09 12:00:54.678 [info] Getting sessions for all scopes...
2025-06-09 12:00:54.678 [info] Getting sessions for all scopes...
2025-06-09 12:00:54.678 [info] Getting sessions for all scopes...
2025-06-09 12:00:54.679 [info] Getting sessions for all scopes...
2025-06-09 12:00:54.756 [info] Got stored sessions!
2025-06-09 12:00:54.757 [info] Got 1 verified sessions.
2025-06-09 12:00:54.757 [info] Got 1 sessions for ...
2025-06-09 12:00:54.757 [info] Got 1 sessions for ...
2025-06-09 12:00:54.757 [info] Got 1 sessions for ...
2025-06-09 12:00:54.757 [info] Got 1 sessions for ...
2025-06-09 12:00:54.757 [info] Got 1 sessions for ...
2025-06-09 12:00:54.757 [info] Got 1 sessions for ...
2025-06-09 12:00:54.757 [info] Got 1 sessions for ...
2025-06-09 12:00:54.956 [info] Getting sessions for all scopes...
2025-06-09 12:00:54.956 [info] Got 1 sessions for ...
2025-06-09 12:00:54.957 [info] Getting sessions for all scopes...
2025-06-09 12:00:54.957 [info] Got 1 sessions for ...
2025-06-09 12:00:54.958 [info] Getting sessions for all scopes...
2025-06-09 12:00:54.958 [info] Got 1 sessions for ...
2025-06-09 12:00:54.958 [info] Getting sessions for all scopes...
2025-06-09 12:00:54.959 [info] Got 1 sessions for ...
2025-06-09 12:00:54.959 [info] Getting sessions for all scopes...
2025-06-09 12:00:54.959 [info] Got 1 sessions for ...
2025-06-09 12:00:54.960 [info] Getting sessions for all scopes...
2025-06-09 12:00:54.960 [info] Got 1 sessions for ...
2025-06-09 12:00:55.424 [info] Getting sessions for all scopes...
2025-06-09 12:00:55.425 [info] Got 1 sessions for ...
2025-06-09 12:00:56.449 [info] Getting sessions for all scopes...
2025-06-09 12:00:56.449 [info] Got 1 sessions for ...
2025-06-09 12:00:56.877 [info] Getting sessions for all scopes...
2025-06-09 12:00:56.877 [info] Got 1 sessions for ...
