2025-06-09 12:50:27.709 [info] [main] Log level: Info
2025-06-09 12:50:27.710 [info] [main] Validating found git in: "git"
2025-06-09 12:50:27.710 [info] [main] Using git "2.43.0" from "git"
2025-06-09 12:50:27.710 [info] [Model][doInitialScan] Initial repository scan started
2025-06-09 12:50:27.710 [info] > git rev-parse --show-toplevel [12ms]
2025-06-09 12:50:27.710 [info] > git rev-parse --git-dir --git-common-dir [6ms]
2025-06-09 12:50:27.710 [info] [Model][openRepository] Opened repository (path): /home/alan-mitchell/Hydra
2025-06-09 12:50:27.710 [info] [Model][openRepository] Opened repository (real path): /home/alan-mitchell/Hydra
2025-06-09 12:50:27.713 [info] > git config --get commit.template [14ms]
2025-06-09 12:50:27.880 [info] > git rev-parse --show-toplevel [172ms]
2025-06-09 12:50:27.956 [info] > git for-each-ref --format=%(refname)%00%(upstream:short)%00%(objectname)%00%(upstream:track)%00%(upstream:remotename)%00%(upstream:remoteref) refs/heads/rewrite refs/remotes/rewrite [14ms]
2025-06-09 12:50:27.960 [info] > git rev-parse --show-toplevel [6ms]
2025-06-09 12:50:27.963 [info] [Model][doInitialScan] Initial repository scan completed - repositories (1), closed repositories (0), parent repositories (0), unsafe repositories (0)
2025-06-09 12:50:28.064 [info] > git status -z -uall [14ms]
2025-06-09 12:50:28.066 [info] > git for-each-ref --sort -committerdate --format %(refname)%00%(objectname)%00%(*objectname) [6ms]
2025-06-09 12:50:28.116 [info] > git for-each-ref --format=%(refname)%00%(upstream:short)%00%(objectname)%00%(upstream:track)%00%(upstream:remotename)%00%(upstream:remoteref) refs/heads/rewrite refs/remotes/rewrite [15ms]
2025-06-09 12:50:28.128 [info] > git config --get commit.template [14ms]
2025-06-09 12:50:28.141 [info] > git config --get --local branch.rewrite.vscode-merge-base [14ms]
2025-06-09 12:50:28.156 [info] > git for-each-ref --format=%(refname)%00%(upstream:short)%00%(objectname)%00%(upstream:track)%00%(upstream:remotename)%00%(upstream:remoteref) refs/heads/rewrite refs/remotes/rewrite [16ms]
2025-06-09 12:50:28.187 [info] > git status -z -uall [13ms]
2025-06-09 12:50:28.187 [info] > git for-each-ref --format=%(refname)%00%(upstream:short)%00%(objectname)%00%(upstream:track)%00%(upstream:remotename)%00%(upstream:remoteref) refs/heads/origin/master refs/remotes/origin/master [33ms]
2025-06-09 12:50:28.206 [info] > git merge-base refs/heads/rewrite refs/remotes/origin/rewrite [6ms]
2025-06-09 12:50:28.218 [info] > git for-each-ref --sort -committerdate --format %(refname)%00%(objectname)%00%(*objectname) [32ms]
2025-06-09 12:50:28.326 [info] > git merge-base refs/heads/rewrite refs/remotes/origin/rewrite [90ms]
2025-06-09 12:50:28.337 [info] > git diff --name-status -z --diff-filter=ADMR 9f987ede051db835162524c7ea30ef0401e92067...refs/remotes/origin/rewrite [119ms]
2025-06-09 12:50:28.375 [info] > git show --textconv :hydra-lang/src/hydrac/parse/parser/ast.rs [20ms]
2025-06-09 12:50:28.377 [info] > git diff --name-status -z --diff-filter=ADMR 9f987ede051db835162524c7ea30ef0401e92067...refs/remotes/origin/rewrite [40ms]
2025-06-09 12:50:28.384 [info] > git ls-files --stage -- hydra-lang/src/hydrac/parse/parser/ast.rs [14ms]
2025-06-09 12:50:28.428 [info] > git check-ignore -v -z --stdin [17ms]
2025-06-09 12:50:28.429 [info] > git cat-file -s 8dd51ab84544269de52d106f08f547d2123fd54f [31ms]
2025-06-09 12:50:28.566 [info] > git blame --root --incremental 9f987ede051db835162524c7ea30ef0401e92067 -- hydra-lang/src/hydrac/parse/parser/ast.rs [6ms]
2025-06-09 12:50:30.227 [info] > git show --textconv :hydra-lang/src/hydrac/parse/lexer/token.rs [23ms]
2025-06-09 12:50:30.228 [info] > git ls-files --stage -- hydra-lang/src/hydrac/parse/lexer/token.rs [3ms]
2025-06-09 12:50:30.247 [info] > git cat-file -s 89421519a97b50b0da7ac151ae3b23f60abe913e [5ms]
2025-06-09 12:50:30.289 [info] > git blame --root --incremental 9f987ede051db835162524c7ea30ef0401e92067 -- hydra-lang/src/hydrac/parse/lexer/token.rs [12ms]
2025-06-09 12:50:39.990 [info] > git show --textconv :hydra-lang/src/hydrac/parse/lexer/lexer.rs [20ms]
2025-06-09 12:50:39.994 [info] > git ls-files --stage -- hydra-lang/src/hydrac/parse/lexer/lexer.rs [6ms]
2025-06-09 12:50:40.018 [info] > git cat-file -s 8f180924d28cfab59d6f75804bc136b02aedaabd [5ms]
2025-06-09 12:50:40.076 [info] > git blame --root --incremental 9f987ede051db835162524c7ea30ef0401e92067 -- hydra-lang/src/hydrac/parse/lexer/lexer.rs [9ms]
2025-06-09 12:51:13.733 [info] > git config --get commit.template [21ms]
2025-06-09 12:51:13.736 [info] > git for-each-ref --format=%(refname)%00%(upstream:short)%00%(objectname)%00%(upstream:track)%00%(upstream:remotename)%00%(upstream:remoteref) refs/heads/rewrite refs/remotes/rewrite [5ms]
2025-06-09 12:51:13.777 [info] > git status -z -uall [22ms]
2025-06-09 12:51:13.781 [info] > git for-each-ref --sort -committerdate --format %(refname)%00%(objectname)%00%(*objectname) [5ms]
2025-06-09 12:53:12.126 [info] > git config --get commit.template [18ms]
2025-06-09 12:53:12.127 [info] > git for-each-ref --format=%(refname)%00%(upstream:short)%00%(objectname)%00%(upstream:track)%00%(upstream:remotename)%00%(upstream:remoteref) refs/heads/rewrite refs/remotes/rewrite [3ms]
2025-06-09 12:53:12.162 [info] > git status -z -uall [17ms]
2025-06-09 12:53:12.164 [info] > git for-each-ref --sort -committerdate --format %(refname)%00%(objectname)%00%(*objectname) [3ms]
2025-06-09 12:53:12.612 [info] > git show --textconv :hydra-lang/src/hydrac/parse/lexer/token.rs [17ms]
2025-06-09 12:53:12.613 [info] > git ls-files --stage -- hydra-lang/src/hydrac/parse/lexer/token.rs [4ms]
2025-06-09 12:53:12.632 [info] > git cat-file -s 89421519a97b50b0da7ac151ae3b23f60abe913e [5ms]
2025-06-09 12:53:16.337 [info] > git show --textconv :hydra-lang/src/hydrac/parse/lexer/lexer.rs [18ms]
2025-06-09 12:53:16.339 [info] > git ls-files --stage -- hydra-lang/src/hydrac/parse/lexer/lexer.rs [3ms]
2025-06-09 12:53:16.362 [info] > git cat-file -s 8f180924d28cfab59d6f75804bc136b02aedaabd [5ms]
2025-06-09 12:53:55.218 [info] > git show --textconv :hydra-lang/src/hydrac/parse/lexer/token.rs [17ms]
2025-06-09 12:53:55.220 [info] > git ls-files --stage -- hydra-lang/src/hydrac/parse/lexer/token.rs [4ms]
2025-06-09 12:53:55.237 [info] > git cat-file -s 89421519a97b50b0da7ac151ae3b23f60abe913e [2ms]
2025-06-09 12:54:22.793 [info] > git config --get commit.template [18ms]
2025-06-09 12:54:22.797 [info] > git for-each-ref --format=%(refname)%00%(upstream:short)%00%(objectname)%00%(upstream:track)%00%(upstream:remotename)%00%(upstream:remoteref) refs/heads/rewrite refs/remotes/rewrite [5ms]
2025-06-09 12:54:22.834 [info] > git status -z -uall [20ms]
2025-06-09 12:54:22.838 [info] > git for-each-ref --sort -committerdate --format %(refname)%00%(objectname)%00%(*objectname) [5ms]
2025-06-09 12:54:28.608 [info] > git config --get commit.template [23ms]
2025-06-09 12:54:28.611 [info] > git for-each-ref --format=%(refname)%00%(upstream:short)%00%(objectname)%00%(upstream:track)%00%(upstream:remotename)%00%(upstream:remoteref) refs/heads/rewrite refs/remotes/rewrite [5ms]
2025-06-09 12:54:28.651 [info] > git status -z -uall [21ms]
2025-06-09 12:54:28.656 [info] > git for-each-ref --sort -committerdate --format %(refname)%00%(objectname)%00%(*objectname) [6ms]
2025-06-09 12:54:29.416 [info] > git show --textconv :hydra-lang/src/hydrac/parse/lexer/lexer.rs [22ms]
2025-06-09 12:54:29.418 [info] > git ls-files --stage -- hydra-lang/src/hydrac/parse/lexer/lexer.rs [4ms]
2025-06-09 12:54:29.435 [info] > git cat-file -s 8f180924d28cfab59d6f75804bc136b02aedaabd [2ms]
2025-06-09 12:55:27.358 [info] > git config --get commit.template [19ms]
2025-06-09 12:55:27.362 [info] > git for-each-ref --format=%(refname)%00%(upstream:short)%00%(objectname)%00%(upstream:track)%00%(upstream:remotename)%00%(upstream:remoteref) refs/heads/rewrite refs/remotes/rewrite [5ms]
2025-06-09 12:55:27.399 [info] > git status -z -uall [19ms]
2025-06-09 12:55:27.403 [info] > git for-each-ref --sort -committerdate --format %(refname)%00%(objectname)%00%(*objectname) [5ms]
2025-06-09 12:55:29.680 [info] > git show --textconv :hydra-lang/src/hydrac/parse/lexer/token.rs [20ms]
2025-06-09 12:55:29.683 [info] > git ls-files --stage -- hydra-lang/src/hydrac/parse/lexer/token.rs [3ms]
2025-06-09 12:55:29.698 [info] > git cat-file -s 89421519a97b50b0da7ac151ae3b23f60abe913e [2ms]
2025-06-09 12:55:31.077 [info] > git show --textconv :hydra-lang/src/hydrac/parse/lexer/lexer.rs [16ms]
2025-06-09 12:55:31.079 [info] > git ls-files --stage -- hydra-lang/src/hydrac/parse/lexer/lexer.rs [5ms]
2025-06-09 12:55:31.094 [info] > git cat-file -s 8f180924d28cfab59d6f75804bc136b02aedaabd [2ms]
2025-06-09 12:55:59.414 [info] > git show --textconv :hydra-lang/src/hydrac/parse/lexer/token.rs [19ms]
2025-06-09 12:55:59.418 [info] > git ls-files --stage -- hydra-lang/src/hydrac/parse/lexer/token.rs [5ms]
2025-06-09 12:55:59.437 [info] > git cat-file -s 89421519a97b50b0da7ac151ae3b23f60abe913e [4ms]
2025-06-09 12:56:01.211 [info] > git show --textconv :hydra-lang/src/hydrac/parse/lexer/lexer.rs [22ms]
2025-06-09 12:56:01.214 [info] > git ls-files --stage -- hydra-lang/src/hydrac/parse/lexer/lexer.rs [5ms]
2025-06-09 12:56:01.237 [info] > git cat-file -s 8f180924d28cfab59d6f75804bc136b02aedaabd [5ms]
2025-06-09 12:56:35.102 [info] > git config --get commit.template [22ms]
2025-06-09 12:56:35.105 [info] > git for-each-ref --format=%(refname)%00%(upstream:short)%00%(objectname)%00%(upstream:track)%00%(upstream:remotename)%00%(upstream:remoteref) refs/heads/rewrite refs/remotes/rewrite [4ms]
2025-06-09 12:56:35.136 [info] > git status -z -uall [16ms]
2025-06-09 12:56:35.137 [info] > git for-each-ref --sort -committerdate --format %(refname)%00%(objectname)%00%(*objectname) [3ms]
2025-06-09 12:56:35.616 [info] > git show --textconv :hydra-lang/src/hydrac/parse/lexer/token.rs [19ms]
2025-06-09 12:56:35.619 [info] > git ls-files --stage -- hydra-lang/src/hydrac/parse/lexer/token.rs [5ms]
2025-06-09 12:56:35.637 [info] > git cat-file -s 89421519a97b50b0da7ac151ae3b23f60abe913e [4ms]
2025-06-09 12:56:36.814 [info] > git show --textconv :hydra-lang/tests/test.tokens [15ms]
2025-06-09 12:56:36.816 [info] > git ls-files --stage -- hydra-lang/tests/test.tokens [4ms]
2025-06-09 12:56:36.832 [info] > git cat-file -s 8eb8d2e6bcaafe56acbec171180f65bb90454c26 [3ms]
2025-06-09 12:56:36.874 [info] > git blame --root --incremental 9f987ede051db835162524c7ea30ef0401e92067 -- hydra-lang/tests/test.tokens [9ms]
2025-06-09 12:56:38.904 [info] > git show --textconv :hydra-lang/src/hydrac/parse/lexer/token.rs [19ms]
2025-06-09 12:56:38.906 [info] > git ls-files --stage -- hydra-lang/src/hydrac/parse/lexer/token.rs [3ms]
2025-06-09 12:56:38.931 [info] > git cat-file -s 89421519a97b50b0da7ac151ae3b23f60abe913e [5ms]
2025-06-09 12:56:40.185 [info] > git config --get commit.template [22ms]
2025-06-09 12:56:40.186 [info] > git for-each-ref --format=%(refname)%00%(upstream:short)%00%(objectname)%00%(upstream:track)%00%(upstream:remotename)%00%(upstream:remoteref) refs/heads/rewrite refs/remotes/rewrite [4ms]
2025-06-09 12:56:40.225 [info] > git status -z -uall [16ms]
2025-06-09 12:56:40.226 [info] > git for-each-ref --sort -committerdate --format %(refname)%00%(objectname)%00%(*objectname) [3ms]
2025-06-09 12:57:04.179 [info] > git config --get commit.template [21ms]
2025-06-09 12:57:04.180 [info] > git for-each-ref --format=%(refname)%00%(upstream:short)%00%(objectname)%00%(upstream:track)%00%(upstream:remotename)%00%(upstream:remoteref) refs/heads/rewrite refs/remotes/rewrite [4ms]
2025-06-09 12:57:04.223 [info] > git status -z -uall [22ms]
2025-06-09 12:57:04.228 [info] > git for-each-ref --sort -committerdate --format %(refname)%00%(objectname)%00%(*objectname) [6ms]
2025-06-09 12:57:20.247 [info] > git config --get commit.template [18ms]
2025-06-09 12:57:20.249 [info] > git for-each-ref --format=%(refname)%00%(upstream:short)%00%(objectname)%00%(upstream:track)%00%(upstream:remotename)%00%(upstream:remoteref) refs/heads/rewrite refs/remotes/rewrite [4ms]
2025-06-09 12:57:20.284 [info] > git status -z -uall [19ms]
2025-06-09 12:57:20.287 [info] > git for-each-ref --sort -committerdate --format %(refname)%00%(objectname)%00%(*objectname) [6ms]
2025-06-09 12:57:20.933 [info] > git show --textconv :hydra-lang/src/hydrac/parse/lexer/lexer.rs [22ms]
2025-06-09 12:57:20.937 [info] > git ls-files --stage -- hydra-lang/src/hydrac/parse/lexer/lexer.rs [5ms]
2025-06-09 12:57:20.960 [info] > git cat-file -s 8f180924d28cfab59d6f75804bc136b02aedaabd [4ms]
2025-06-09 12:57:48.762 [info] > git config --get commit.template [20ms]
2025-06-09 12:57:48.765 [info] > git for-each-ref --format=%(refname)%00%(upstream:short)%00%(objectname)%00%(upstream:track)%00%(upstream:remotename)%00%(upstream:remoteref) refs/heads/rewrite refs/remotes/rewrite [5ms]
2025-06-09 12:57:48.802 [info] > git status -z -uall [19ms]
2025-06-09 12:57:48.806 [info] > git for-each-ref --sort -committerdate --format %(refname)%00%(objectname)%00%(*objectname) [5ms]
2025-06-09 12:57:53.343 [info] > git show --textconv :hydra-lang/tests/test.tokens [19ms]
2025-06-09 12:57:53.346 [info] > git ls-files --stage -- hydra-lang/tests/test.tokens [4ms]
2025-06-09 12:57:53.371 [info] > git cat-file -s 8eb8d2e6bcaafe56acbec171180f65bb90454c26 [4ms]
2025-06-09 12:58:08.996 [info] > git show --textconv :hydra-lang/src/hydrac/parse/lexer/lexer.rs [17ms]
2025-06-09 12:58:08.998 [info] > git ls-files --stage -- hydra-lang/src/hydrac/parse/lexer/lexer.rs [4ms]
2025-06-09 12:58:09.024 [info] > git cat-file -s 8f180924d28cfab59d6f75804bc136b02aedaabd [6ms]
2025-06-09 12:58:09.837 [info] > git config --get commit.template [18ms]
2025-06-09 12:58:09.838 [info] > git for-each-ref --format=%(refname)%00%(upstream:short)%00%(objectname)%00%(upstream:track)%00%(upstream:remotename)%00%(upstream:remoteref) refs/heads/rewrite refs/remotes/rewrite [2ms]
2025-06-09 12:58:09.877 [info] > git status -z -uall [20ms]
2025-06-09 12:58:09.881 [info] > git for-each-ref --sort -committerdate --format %(refname)%00%(objectname)%00%(*objectname) [6ms]
2025-06-09 12:58:28.296 [info] > git show --textconv :hydra-lang/Cargo.toml [22ms]
2025-06-09 12:58:28.302 [info] > git ls-files --stage -- hydra-lang/Cargo.toml [7ms]
2025-06-09 12:58:28.325 [info] > git cat-file -s c57e61f17b8ed00b2a23a83b488b49416d550e82 [4ms]
2025-06-09 12:58:28.399 [info] > git blame --root --incremental 9f987ede051db835162524c7ea30ef0401e92067 -- hydra-lang/Cargo.toml [7ms]
2025-06-09 12:58:32.409 [info] > git config --get commit.template [17ms]
2025-06-09 12:58:32.410 [info] > git for-each-ref --format=%(refname)%00%(upstream:short)%00%(objectname)%00%(upstream:track)%00%(upstream:remotename)%00%(upstream:remoteref) refs/heads/rewrite refs/remotes/rewrite [2ms]
2025-06-09 12:58:32.451 [info] > git status -z -uall [25ms]
2025-06-09 12:58:32.454 [info] > git for-each-ref --sort -committerdate --format %(refname)%00%(objectname)%00%(*objectname) [5ms]
2025-06-09 12:58:37.503 [info] > git config --get commit.template [20ms]
2025-06-09 12:58:37.505 [info] > git for-each-ref --format=%(refname)%00%(upstream:short)%00%(objectname)%00%(upstream:track)%00%(upstream:remotename)%00%(upstream:remoteref) refs/heads/rewrite refs/remotes/rewrite [3ms]
2025-06-09 12:58:37.533 [info] > git status -z -uall [14ms]
2025-06-09 12:58:37.535 [info] > git for-each-ref --sort -committerdate --format %(refname)%00%(objectname)%00%(*objectname) [3ms]
2025-06-09 12:58:42.583 [info] > git config --get commit.template [21ms]
2025-06-09 12:58:42.586 [info] > git for-each-ref --format=%(refname)%00%(upstream:short)%00%(objectname)%00%(upstream:track)%00%(upstream:remotename)%00%(upstream:remoteref) refs/heads/rewrite refs/remotes/rewrite [4ms]
2025-06-09 12:58:42.625 [info] > git status -z -uall [19ms]
2025-06-09 12:58:42.628 [info] > git for-each-ref --sort -committerdate --format %(refname)%00%(objectname)%00%(*objectname) [4ms]
2025-06-09 12:58:55.274 [info] > git show --textconv :hydra-lang/src/hydrac/parse/lexer/token.rs [23ms]
2025-06-09 12:58:55.277 [info] > git ls-files --stage -- hydra-lang/src/hydrac/parse/lexer/token.rs [5ms]
2025-06-09 12:58:55.301 [info] > git cat-file -s 89421519a97b50b0da7ac151ae3b23f60abe913e [5ms]
2025-06-09 12:59:00.303 [info] > git show --textconv :hydra-lang/src/hydrac/parse/lexer/lexer.rs [24ms]
2025-06-09 12:59:00.305 [info] > git ls-files --stage -- hydra-lang/src/hydrac/parse/lexer/lexer.rs [4ms]
2025-06-09 12:59:00.319 [info] > git cat-file -s 8f180924d28cfab59d6f75804bc136b02aedaabd [2ms]
2025-06-09 12:59:04.202 [info] > git config --get commit.template [20ms]
2025-06-09 12:59:04.205 [info] > git for-each-ref --format=%(refname)%00%(upstream:short)%00%(objectname)%00%(upstream:track)%00%(upstream:remotename)%00%(upstream:remoteref) refs/heads/rewrite refs/remotes/rewrite [4ms]
2025-06-09 12:59:04.245 [info] > git status -z -uall [21ms]
2025-06-09 12:59:04.248 [info] > git for-each-ref --sort -committerdate --format %(refname)%00%(objectname)%00%(*objectname) [4ms]
2025-06-09 12:59:23.004 [info] > git config --get commit.template [20ms]
2025-06-09 12:59:23.006 [info] > git for-each-ref --format=%(refname)%00%(upstream:short)%00%(objectname)%00%(upstream:track)%00%(upstream:remotename)%00%(upstream:remoteref) refs/heads/rewrite refs/remotes/rewrite [3ms]
2025-06-09 12:59:23.035 [info] > git status -z -uall [15ms]
2025-06-09 12:59:23.036 [info] > git for-each-ref --sort -committerdate --format %(refname)%00%(objectname)%00%(*objectname) [2ms]
2025-06-09 12:59:28.414 [info] > git config --get commit.template [21ms]
2025-06-09 12:59:28.416 [info] > git for-each-ref --format=%(refname)%00%(upstream:short)%00%(objectname)%00%(upstream:track)%00%(upstream:remotename)%00%(upstream:remoteref) refs/heads/rewrite refs/remotes/rewrite [5ms]
2025-06-09 12:59:28.452 [info] > git status -z -uall [17ms]
2025-06-09 12:59:28.456 [info] > git for-each-ref --sort -committerdate --format %(refname)%00%(objectname)%00%(*objectname) [5ms]
2025-06-09 12:59:30.907 [info] > git show --textconv :hydra-lang/tests/test.tokens [21ms]
2025-06-09 12:59:30.910 [info] > git ls-files --stage -- hydra-lang/tests/test.tokens [3ms]
2025-06-09 12:59:30.931 [info] > git cat-file -s 8eb8d2e6bcaafe56acbec171180f65bb90454c26 [4ms]
2025-06-09 12:59:52.086 [info] > git show --textconv :hydra-lang/src/hydrac/parse/lexer/lexer.rs [20ms]
2025-06-09 12:59:52.089 [info] > git ls-files --stage -- hydra-lang/src/hydrac/parse/lexer/lexer.rs [5ms]
2025-06-09 12:59:52.114 [info] > git cat-file -s 8f180924d28cfab59d6f75804bc136b02aedaabd [5ms]
