2025-06-07 15:42:10.580 [info] Reading sessions from keychain...
2025-06-07 15:42:10.580 [info] Getting sessions for all scopes...
2025-06-07 15:42:10.580 [info] Getting sessions for all scopes...
2025-06-07 15:42:10.580 [info] Getting sessions for all scopes...
2025-06-07 15:42:10.580 [info] Getting sessions for all scopes...
2025-06-07 15:42:10.580 [info] Getting sessions for all scopes...
2025-06-07 15:42:10.580 [info] Getting sessions for all scopes...
2025-06-07 15:42:10.580 [info] Getting sessions for all scopes...
2025-06-07 15:42:10.690 [info] Got stored sessions!
2025-06-07 15:42:10.690 [info] Got 1 verified sessions.
2025-06-07 15:42:10.691 [info] Got 1 sessions for ...
2025-06-07 15:42:10.691 [info] Got 1 sessions for ...
2025-06-07 15:42:10.691 [info] Got 1 sessions for ...
2025-06-07 15:42:10.691 [info] Got 1 sessions for ...
2025-06-07 15:42:10.691 [info] Got 1 sessions for ...
2025-06-07 15:42:10.691 [info] Got 1 sessions for ...
2025-06-07 15:42:10.691 [info] Got 1 sessions for ...
2025-06-07 15:42:10.889 [info] Getting sessions for all scopes...
2025-06-07 15:42:10.889 [info] Got 1 sessions for ...
2025-06-07 15:42:10.890 [info] Getting sessions for all scopes...
2025-06-07 15:42:10.890 [info] Got 1 sessions for ...
2025-06-07 15:42:10.890 [info] Getting sessions for all scopes...
2025-06-07 15:42:10.890 [info] Got 1 sessions for ...
2025-06-07 15:42:10.890 [info] Getting sessions for all scopes...
2025-06-07 15:42:10.890 [info] Got 1 sessions for ...
2025-06-07 15:42:10.891 [info] Getting sessions for all scopes...
2025-06-07 15:42:10.891 [info] Got 1 sessions for ...
2025-06-07 15:42:10.891 [info] Getting sessions for all scopes...
2025-06-07 15:42:10.891 [info] Got 1 sessions for ...
2025-06-07 15:42:11.417 [info] Getting sessions for all scopes...
2025-06-07 15:42:11.417 [info] Got 1 sessions for ...
2025-06-07 15:42:12.442 [info] Getting sessions for all scopes...
2025-06-07 15:42:12.442 [info] Got 1 sessions for ...
2025-06-07 15:42:12.860 [info] Getting sessions for all scopes...
2025-06-07 15:42:12.860 [info] Got 1 sessions for ...
