2025-06-09 11:58:09.113 [info] [main] Log level: Info
2025-06-09 11:58:09.113 [info] [main] Validating found git in: "git"
2025-06-09 11:58:09.113 [info] [main] Using git "2.43.0" from "git"
2025-06-09 11:58:09.113 [info] [Model][doInitialScan] Initial repository scan started
2025-06-09 11:58:09.113 [info] > git rev-parse --show-toplevel [7ms]
2025-06-09 11:58:09.114 [info] > git rev-parse --git-dir --git-common-dir [10ms]
2025-06-09 11:58:09.114 [info] [Model][openRepository] Opened repository (path): /home/alan-mitchell/Hydra
2025-06-09 11:58:09.114 [info] [Model][openRepository] Opened repository (real path): /home/alan-mitchell/Hydra
2025-06-09 11:58:09.114 [info] > git config --get commit.template [20ms]
2025-06-09 11:58:09.115 [info] > git rev-parse --show-toplevel [9ms]
2025-06-09 11:58:09.121 [info] [Model][doInitialScan] Initial repository scan completed - repositories (1), closed repositories (0), parent repositories (0), unsafe repositories (0)
2025-06-09 11:58:09.648 [info] > git for-each-ref --format=%(refname)%00%(upstream:short)%00%(objectname)%00%(upstream:track)%00%(upstream:remotename)%00%(upstream:remoteref) refs/heads/rewrite refs/remotes/rewrite [509ms]
2025-06-09 11:58:09.989 [info] > git status -z -uall [151ms]
2025-06-09 11:58:09.990 [info] > git for-each-ref --sort -committerdate --format %(refname)%00%(objectname)%00%(*objectname) [133ms]
2025-06-09 11:58:10.090 [info] > git for-each-ref --format=%(refname)%00%(upstream:short)%00%(objectname)%00%(upstream:track)%00%(upstream:remotename)%00%(upstream:remoteref) refs/heads/rewrite refs/remotes/rewrite [37ms]
2025-06-09 11:58:10.116 [info] > git config --get commit.template [35ms]
2025-06-09 11:58:10.121 [info] > git config --get --local branch.rewrite.vscode-merge-base [10ms]
2025-06-09 11:58:10.166 [info] > git for-each-ref --format=%(refname)%00%(upstream:short)%00%(objectname)%00%(upstream:track)%00%(upstream:remotename)%00%(upstream:remoteref) refs/heads/origin/master refs/remotes/origin/master [23ms]
2025-06-09 11:58:10.206 [info] > git check-ignore -v -z --stdin [6ms]
2025-06-09 11:58:10.208 [info] > git merge-base refs/heads/rewrite refs/remotes/origin/rewrite [26ms]
2025-06-09 11:58:10.226 [info] > git for-each-ref --format=%(refname)%00%(upstream:short)%00%(objectname)%00%(upstream:track)%00%(upstream:remotename)%00%(upstream:remoteref) refs/heads/rewrite refs/remotes/rewrite [62ms]
2025-06-09 11:58:10.356 [info] > git diff --name-status -z --diff-filter=ADMR 9f987ede051db835162524c7ea30ef0401e92067...refs/remotes/origin/rewrite [130ms]
2025-06-09 11:58:10.530 [info] > git status -z -uall [33ms]
2025-06-09 11:58:10.534 [info] > git for-each-ref --sort -committerdate --format %(refname)%00%(objectname)%00%(*objectname) [19ms]
2025-06-09 11:59:06.238 [info] > git show --textconv :hydra-lang/src/lib.rs [17ms]
2025-06-09 11:59:06.241 [info] > git ls-files --stage -- hydra-lang/src/lib.rs [3ms]
2025-06-09 11:59:06.261 [info] > git cat-file -s cb3220999998684c0c6377c33ec6aa015274e393 [3ms]
2025-06-09 11:59:06.328 [info] > git blame --root --incremental 9f987ede051db835162524c7ea30ef0401e92067 -- hydra-lang/src/lib.rs [11ms]
2025-06-09 11:59:10.405 [info] > git show --textconv :hydra-lang/src/hydrac/mod.rs [29ms]
2025-06-09 11:59:10.408 [info] > git ls-files --stage -- hydra-lang/src/hydrac/mod.rs [5ms]
2025-06-09 11:59:10.434 [info] > git cat-file -s c4d6518e7b4655c9a39fb98f83ca9c45a995156f [5ms]
2025-06-09 11:59:10.497 [info] > git blame --root --incremental 9f987ede051db835162524c7ea30ef0401e92067 -- hydra-lang/src/hydrac/mod.rs [28ms]
2025-06-09 11:59:11.960 [info] > git show --textconv :hydra-lang/src/hydrac/parse/mod.rs [27ms]
2025-06-09 11:59:11.964 [info] > git ls-files --stage -- hydra-lang/src/hydrac/parse/mod.rs [6ms]
2025-06-09 11:59:11.990 [info] > git cat-file -s fc84151dc802a8d2c8cd364e65ee9dabad3e69de [2ms]
2025-06-09 11:59:12.048 [info] > git blame --root --incremental 9f987ede051db835162524c7ea30ef0401e92067 -- hydra-lang/src/hydrac/parse/mod.rs [6ms]
2025-06-09 11:59:14.186 [info] > git check-ignore -v -z --stdin [4ms]
2025-06-09 11:59:16.065 [info] > git show --textconv :hydra-lang/src/hydrac/parse/parser/ast.rs [36ms]
2025-06-09 11:59:16.068 [info] > git ls-files --stage -- hydra-lang/src/hydrac/parse/parser/ast.rs [5ms]
2025-06-09 11:59:16.094 [info] > git cat-file -s 8dd51ab84544269de52d106f08f547d2123fd54f [5ms]
2025-06-09 11:59:58.303 [info] > git blame --root --incremental 9f987ede051db835162524c7ea30ef0401e92067 -- hydra-lang/src/hydrac/parse/parser/ast.rs [12ms]
2025-06-09 12:00:10.765 [info] > git config --get commit.template [30ms]
2025-06-09 12:00:10.767 [info] > git for-each-ref --format=%(refname)%00%(upstream:short)%00%(objectname)%00%(upstream:track)%00%(upstream:remotename)%00%(upstream:remoteref) refs/heads/rewrite refs/remotes/rewrite [6ms]
2025-06-09 12:00:10.821 [info] > git status -z -uall [31ms]
2025-06-09 12:00:10.823 [info] > git for-each-ref --sort -committerdate --format %(refname)%00%(objectname)%00%(*objectname) [5ms]
2025-06-09 12:00:55.171 [info] [main] Log level: Info
2025-06-09 12:00:55.171 [info] [main] Validating found git in: "git"
2025-06-09 12:00:55.171 [info] [main] Using git "2.43.0" from "git"
2025-06-09 12:00:55.171 [info] [Model][doInitialScan] Initial repository scan started
2025-06-09 12:00:55.171 [info] > git rev-parse --show-toplevel [6ms]
2025-06-09 12:00:55.171 [info] fatal: not a git repository (or any of the parent directories): .git
2025-06-09 12:00:55.385 [info] > git rev-parse --show-toplevel [218ms]
2025-06-09 12:00:55.676 [info] > git rev-parse --git-dir --git-common-dir [220ms]
2025-06-09 12:00:55.708 [info] [Model][openRepository] Opened repository (path): /home/alan-mitchell/mini-os/mini-kernel
2025-06-09 12:00:55.708 [info] [Model][openRepository] Opened repository (real path): /home/alan-mitchell/mini-os/mini-kernel
2025-06-09 12:00:55.866 [info] > git rev-parse --show-toplevel [14ms]
2025-06-09 12:00:55.866 [info] fatal: not a git repository (or any of the parent directories): .git
2025-06-09 12:00:55.873 [info] [Model][doInitialScan] Initial repository scan completed - repositories (1), closed repositories (0), parent repositories (0), unsafe repositories (0)
2025-06-09 12:00:55.875 [info] > git config --get commit.template [41ms]
2025-06-09 12:00:55.912 [info] [Git][getRemotes] No remotes found in the git config file
2025-06-09 12:00:55.993 [info] > git for-each-ref --format=%(refname)%00%(upstream:short)%00%(objectname)%00%(upstream:track)%00%(upstream:remotename)%00%(upstream:remoteref) refs/heads/master refs/remotes/master [82ms]
2025-06-09 12:00:55.993 [warning] [Git][getBranch] No such branch: master
2025-06-09 12:00:56.038 [info] > git rev-parse --show-toplevel [143ms]
2025-06-09 12:00:56.038 [info] fatal: not a git repository (or any of the parent directories): .git
2025-06-09 12:00:56.069 [info] > git status -z -uall [52ms]
2025-06-09 12:00:56.069 [info] > git for-each-ref --sort -committerdate --format %(refname)%00%(objectname)%00%(*objectname) [32ms]
2025-06-09 12:00:56.148 [info] > git for-each-ref --format=%(refname)%00%(upstream:short)%00%(objectname)%00%(upstream:track)%00%(upstream:remotename)%00%(upstream:remoteref) refs/heads/master refs/remotes/master [49ms]
2025-06-09 12:00:56.153 [warning] [Git][getBranch] No such branch: master
2025-06-09 12:00:56.157 [error] [GitHistoryProvider][resolveHEADMergeBase] Failed to resolve merge base for master: Error: No such branch: master.
2025-06-09 12:00:56.165 [info] > git rev-parse --show-toplevel [101ms]
2025-06-09 12:00:56.165 [info] fatal: not a git repository (or any of the parent directories): .git
2025-06-09 12:00:56.281 [info] > git config --get commit.template [138ms]
2025-06-09 12:00:56.375 [info] [Git][getRemotes] No remotes found in the git config file
2025-06-09 12:00:56.398 [info] > git for-each-ref --format=%(refname)%00%(upstream:short)%00%(objectname)%00%(upstream:track)%00%(upstream:remotename)%00%(upstream:remoteref) refs/heads/master refs/remotes/master [23ms]
2025-06-09 12:00:56.398 [warning] [Git][getBranch] No such branch: master
2025-06-09 12:00:56.440 [info] > git status -z -uall [24ms]
2025-06-09 12:00:56.451 [info] > git for-each-ref --sort -committerdate --format %(refname)%00%(objectname)%00%(*objectname) [15ms]
2025-06-09 12:00:56.503 [info] > git rev-parse --show-toplevel [15ms]
2025-06-09 12:00:56.503 [info] fatal: not a git repository (or any of the parent directories): .git
2025-06-09 12:00:56.573 [info] > git check-ignore -v -z --stdin [7ms]
2025-06-09 12:00:56.730 [info] > git rev-parse --show-toplevel [6ms]
2025-06-09 12:00:56.730 [info] fatal: not a git repository (or any of the parent directories): .git
2025-06-09 12:01:03.939 [info] [Git][getRemotes] No remotes found in the git config file
2025-06-09 12:01:03.941 [info] > git config --get commit.template [22ms]
2025-06-09 12:01:03.943 [info] > git for-each-ref --format=%(refname)%00%(upstream:short)%00%(objectname)%00%(upstream:track)%00%(upstream:remotename)%00%(upstream:remoteref) refs/heads/master refs/remotes/master [4ms]
2025-06-09 12:01:03.943 [warning] [Git][getBranch] No such branch: master
2025-06-09 12:01:03.987 [info] > git status -z -uall [25ms]
2025-06-09 12:01:03.989 [info] > git for-each-ref --sort -committerdate --format %(refname)%00%(objectname)%00%(*objectname) [4ms]
