2025-06-10 20:57:23.058 [info] Reading sessions from keychain...
2025-06-10 20:57:23.058 [info] Getting sessions for all scopes...
2025-06-10 20:57:23.058 [info] Getting sessions for all scopes...
2025-06-10 20:57:23.058 [info] Getting sessions for all scopes...
2025-06-10 20:57:23.058 [info] Getting sessions for all scopes...
2025-06-10 20:57:23.058 [info] Getting sessions for all scopes...
2025-06-10 20:57:23.058 [info] Getting sessions for all scopes...
2025-06-10 20:57:23.058 [info] Getting sessions for all scopes...
2025-06-10 20:57:23.058 [info] Getting sessions for all scopes...
2025-06-10 20:57:23.058 [info] Got stored sessions!
2025-06-10 20:57:23.058 [info] Got 1 verified sessions.
2025-06-10 20:57:23.058 [info] Got 1 sessions for ...
2025-06-10 20:57:23.058 [info] Got 1 sessions for ...
2025-06-10 20:57:23.058 [info] Got 1 sessions for ...
2025-06-10 20:57:23.058 [info] Got 1 sessions for ...
2025-06-10 20:57:23.058 [info] Got 1 sessions for ...
2025-06-10 20:57:23.058 [info] Got 1 sessions for ...
2025-06-10 20:57:23.058 [info] Got 1 sessions for ...
2025-06-10 20:57:23.058 [info] Got 1 sessions for ...
2025-06-10 20:57:23.058 [info] Getting sessions for all scopes...
2025-06-10 20:57:23.058 [info] Got 1 sessions for ...
2025-06-10 20:57:23.058 [info] Getting sessions for all scopes...
2025-06-10 20:57:23.058 [info] Got 1 sessions for ...
2025-06-10 20:57:23.058 [info] Getting sessions for all scopes...
2025-06-10 20:57:23.058 [info] Got 1 sessions for ...
2025-06-10 20:57:23.058 [info] Getting sessions for all scopes...
2025-06-10 20:57:23.058 [info] Got 1 sessions for ...
2025-06-10 20:57:23.058 [info] Getting sessions for all scopes...
2025-06-10 20:57:23.058 [info] Got 1 sessions for ...
2025-06-10 20:57:23.058 [info] Getting sessions for all scopes...
2025-06-10 20:57:23.058 [info] Got 1 sessions for ...
2025-06-10 20:57:23.058 [info] Getting sessions for all scopes...
2025-06-10 20:57:23.058 [info] Got 1 sessions for ...
2025-06-10 20:57:23.983 [info] Getting sessions for all scopes...
2025-06-10 20:57:23.983 [info] Got 1 sessions for ...
