2025-06-07 19:12:02.129 [info] Reading sessions from keychain...
2025-06-07 19:12:02.129 [info] Getting sessions for all scopes...
2025-06-07 19:12:02.129 [info] Getting sessions for all scopes...
2025-06-07 19:12:02.129 [info] Getting sessions for all scopes...
2025-06-07 19:12:02.141 [info] Getting sessions for all scopes...
2025-06-07 19:12:02.141 [info] Getting sessions for all scopes...
2025-06-07 19:12:02.141 [info] Getting sessions for all scopes...
2025-06-07 19:12:02.142 [info] Getting sessions for all scopes...
2025-06-07 19:12:02.142 [info] Getting sessions for all scopes...
2025-06-07 19:12:02.337 [info] Got stored sessions!
2025-06-07 19:12:02.337 [info] Got 1 verified sessions.
2025-06-07 19:12:02.337 [info] Got 1 sessions for ...
2025-06-07 19:12:02.337 [info] Got 1 sessions for ...
2025-06-07 19:12:02.337 [info] Got 1 sessions for ...
2025-06-07 19:12:02.337 [info] Got 1 sessions for ...
2025-06-07 19:12:02.337 [info] Got 1 sessions for ...
2025-06-07 19:12:02.337 [info] Got 1 sessions for ...
2025-06-07 19:12:02.337 [info] Got 1 sessions for ...
2025-06-07 19:12:02.337 [info] Got 1 sessions for ...
2025-06-07 19:12:02.496 [info] Getting sessions for all scopes...
2025-06-07 19:12:02.496 [info] Got 1 sessions for ...
2025-06-07 19:12:02.496 [info] Getting sessions for all scopes...
2025-06-07 19:12:02.496 [info] Got 1 sessions for ...
2025-06-07 19:12:02.496 [info] Getting sessions for all scopes...
2025-06-07 19:12:02.496 [info] Got 1 sessions for ...
2025-06-07 19:12:02.497 [info] Getting sessions for all scopes...
2025-06-07 19:12:02.497 [info] Got 1 sessions for ...
2025-06-07 19:12:02.497 [info] Getting sessions for all scopes...
2025-06-07 19:12:02.497 [info] Got 1 sessions for ...
2025-06-07 19:12:02.497 [info] Getting sessions for all scopes...
2025-06-07 19:12:02.497 [info] Got 1 sessions for ...
2025-06-07 19:12:02.535 [info] Getting sessions for all scopes...
2025-06-07 19:12:02.535 [info] Got 1 sessions for ...
2025-06-07 19:12:03.134 [info] Getting sessions for read:user,repo,user:email,workflow...
2025-06-07 19:12:03.134 [info] Got 1 sessions for read:user,repo,user:email,workflow...
2025-06-07 19:12:03.593 [info] Getting sessions for all scopes...
2025-06-07 19:12:03.593 [info] Got 1 sessions for ...
2025-06-07 19:12:03.666 [info] Getting sessions for read:user,repo,user:email,workflow...
2025-06-07 19:12:03.666 [info] Got 1 sessions for read:user,repo,user:email,workflow...
