2025-06-07 21:55:04.160 [info] Reading sessions from keychain...
2025-06-07 21:55:04.161 [info] Getting sessions for all scopes...
2025-06-07 21:55:04.161 [info] Getting sessions for all scopes...
2025-06-07 21:55:04.161 [info] Getting sessions for all scopes...
2025-06-07 21:55:04.161 [info] Getting sessions for all scopes...
2025-06-07 21:55:04.161 [info] Getting sessions for all scopes...
2025-06-07 21:55:04.161 [info] Getting sessions for all scopes...
2025-06-07 21:55:04.161 [info] Getting sessions for all scopes...
2025-06-07 21:55:04.231 [info] Got stored sessions!
2025-06-07 21:55:04.231 [info] Got 1 verified sessions.
2025-06-07 21:55:04.231 [info] Got 1 sessions for ...
2025-06-07 21:55:04.231 [info] Got 1 sessions for ...
2025-06-07 21:55:04.231 [info] Got 1 sessions for ...
2025-06-07 21:55:04.231 [info] Got 1 sessions for ...
2025-06-07 21:55:04.231 [info] Got 1 sessions for ...
2025-06-07 21:55:04.231 [info] Got 1 sessions for ...
2025-06-07 21:55:04.231 [info] Got 1 sessions for ...
2025-06-07 21:55:04.426 [info] Getting sessions for all scopes...
2025-06-07 21:55:04.426 [info] Got 1 sessions for ...
2025-06-07 21:55:04.426 [info] Getting sessions for all scopes...
2025-06-07 21:55:04.426 [info] Got 1 sessions for ...
2025-06-07 21:55:04.427 [info] Getting sessions for all scopes...
2025-06-07 21:55:04.427 [info] Got 1 sessions for ...
2025-06-07 21:55:04.427 [info] Getting sessions for all scopes...
2025-06-07 21:55:04.427 [info] Got 1 sessions for ...
2025-06-07 21:55:04.428 [info] Getting sessions for all scopes...
2025-06-07 21:55:04.428 [info] Got 1 sessions for ...
2025-06-07 21:55:04.428 [info] Getting sessions for all scopes...
2025-06-07 21:55:04.428 [info] Got 1 sessions for ...
2025-06-07 21:55:05.091 [info] Getting sessions for all scopes...
2025-06-07 21:55:05.091 [info] Got 1 sessions for ...
2025-06-07 21:55:05.354 [info] Getting sessions for read:user,repo,user:email,workflow...
2025-06-07 21:55:05.355 [info] Got 1 sessions for read:user,repo,user:email,workflow...
2025-06-07 21:55:06.610 [info] Getting sessions for all scopes...
2025-06-07 21:55:06.610 [info] Got 1 sessions for ...
2025-06-07 21:55:07.044 [info] Getting sessions for all scopes...
2025-06-07 21:55:07.044 [info] Got 1 sessions for ...
2025-06-07 21:55:07.209 [info] Getting sessions for read:user,repo,user:email,workflow...
2025-06-07 21:55:07.209 [info] Got 1 sessions for read:user,repo,user:email,workflow...
2025-06-07 23:29:23.073 [info] Reading sessions from keychain...
2025-06-07 23:29:23.073 [info] Getting sessions for all scopes...
2025-06-07 23:29:23.073 [info] Getting sessions for all scopes...
2025-06-07 23:29:23.073 [info] Getting sessions for all scopes...
2025-06-07 23:29:23.073 [info] Got stored sessions!
2025-06-07 23:29:23.073 [info] Got 1 verified sessions.
2025-06-07 23:29:23.073 [info] Got 1 sessions for ...
2025-06-07 23:29:23.073 [info] Got 1 sessions for ...
2025-06-07 23:29:23.073 [info] Got 1 sessions for ...
2025-06-07 23:29:23.073 [info] Getting sessions for all scopes...
2025-06-07 23:29:23.073 [info] Got 1 sessions for ...
2025-06-07 23:29:24.116 [info] Getting sessions for read:user,repo,user:email,workflow...
2025-06-07 23:29:24.116 [info] Got 1 sessions for read:user,repo,user:email,workflow...
2025-06-07 23:29:24.939 [info] Getting sessions for read:user,repo,user:email,workflow...
2025-06-07 23:29:24.939 [info] Got 1 sessions for read:user,repo,user:email,workflow...
