2025-06-07 21:55:02.963 [info] Extension host with pid 3192 started
2025-06-07 21:55:02.964 [info] Skipping acquiring lock for /home/alan-mitchell/.config/Code/User/workspaceStorage/f7434ee06303382261040ffe36b4bcfd.
2025-06-07 21:55:03.811 [info] ExtensionService#_doActivateExtension vscode.github-authentication, startup: false, activationEvent: 'onAuthenticationRequest:github'
2025-06-07 21:55:03.891 [info] ExtensionService#_doActivateExtension vscode.emmet, startup: false, activationEvent: 'onLanguage'
2025-06-07 21:55:04.204 [info] ExtensionService#_doActivateExtension vscode.git-base, startup: true, activationEvent: '*', root cause: vscode.git
2025-06-07 21:55:04.240 [info] ExtensionService#_doActivateExtension vscode.git, startup: true, activationEvent: '*'
2025-06-07 21:55:04.357 [info] ExtensionService#_doActivateExtension vscode.github, startup: true, activationEvent: '*'
2025-06-07 21:55:04.619 [info] Eager extensions activated
2025-06-07 21:55:04.799 [info] ExtensionService#_doActivateExtension vscode.debug-auto-launch, startup: false, activationEvent: 'onStartupFinished'
2025-06-07 21:55:04.805 [info] ExtensionService#_doActivateExtension vscode.merge-conflict, startup: false, activationEvent: 'onStartupFinished'
2025-06-07 21:55:04.845 [info] ExtensionService#_doActivateExtension Catppuccin.catppuccin-vsc, startup: false, activationEvent: 'onStartupFinished'
2025-06-07 21:55:04.857 [info] ExtensionService#_doActivateExtension Catppuccin.catppuccin-vsc-icons, startup: false, activationEvent: 'onStartupFinished'
2025-06-07 21:55:05.390 [info] ExtensionService#_doActivateExtension vscode.configuration-editing, startup: false, activationEvent: 'onLanguage:jsonc'
2025-06-07 21:55:05.407 [info] ExtensionService#_doActivateExtension vscode.json-language-features, startup: false, activationEvent: 'onLanguage:jsonc'
2025-06-07 21:55:05.537 [info] ExtensionService#_doActivateExtension vscode.typescript-language-features, startup: false, activationEvent: 'onLanguage:jsonc'
2025-06-07 21:55:22.602 [info] ExtensionService#_doActivateExtension vscode.npm, startup: false, activationEvent: 'onTerminalQuickFixRequest:ms-vscode.npm-command'
2025-06-07 23:23:51.233 [info] ExtensionService#_doActivateExtension vscode.html-language-features, startup: false, activationEvent: 'onLanguage:html'
2025-06-07 23:24:38.989 [info] ExtensionService#_doActivateExtension rust-lang.rust-analyzer, startup: false, activationEvent: 'onLanguage:rust'
2025-06-07 23:25:18.672 [info] ExtensionService#_doActivateExtension ms-vscode.live-server, startup: false, activationEvent: 'onCommand:livePreview.start.preview.atFile'
2025-06-07 23:29:19.259 [info] Extension host terminating: renderer closed the MessagePort
2025-06-07 23:29:19.368 [error] Canceled: Canceled
	at new XN (file:///snap/code/194/usr/share/code/resources/app/out/vs/workbench/api/node/extensionHostProcess.js:29:111538)
	at f5.U (file:///snap/code/194/usr/share/code/resources/app/out/vs/workbench/api/node/extensionHostProcess.js:29:116148)
	at s.<computed>.n.charCodeAt.s.<computed> (file:///snap/code/194/usr/share/code/resources/app/out/vs/workbench/api/node/extensionHostProcess.js:29:113642)
	at Wb.g (file:///snap/code/194/usr/share/code/resources/app/out/vs/workbench/api/node/extensionHostProcess.js:119:41004)
	at Wb.executeCommand (file:///snap/code/194/usr/share/code/resources/app/out/vs/workbench/api/node/extensionHostProcess.js:119:40508)
	at i.registerCommand.description (file:///snap/code/194/usr/share/code/resources/app/out/vs/workbench/api/node/extensionHostProcess.js:119:39838)
	at Wb.h (file:///snap/code/194/usr/share/code/resources/app/out/vs/workbench/api/node/extensionHostProcess.js:119:41524)
	at Wb.g (file:///snap/code/194/usr/share/code/resources/app/out/vs/workbench/api/node/extensionHostProcess.js:119:40601)
	at Wb.executeCommand (file:///snap/code/194/usr/share/code/resources/app/out/vs/workbench/api/node/extensionHostProcess.js:119:40508)
	at Object.executeCommand (file:///snap/code/194/usr/share/code/resources/app/out/vs/workbench/api/node/extensionHostProcess.js:170:31026)
	at ho (/home/alan-mitchell/.vscode/extensions/rust-lang.rust-analyzer-0.3.2482-linux-x64/out/main.js:44:50227)
	at Object.Ix (/home/alan-mitchell/.vscode/extensions/rust-lang.rust-analyzer-0.3.2482-linux-x64/out/main.js:386:593)
	at PJ.eb (file:///snap/code/194/usr/share/code/resources/app/out/vs/workbench/api/node/extensionHostProcess.js:123:11724)
	at file:///snap/code/194/usr/share/code/resources/app/out/vs/workbench/api/node/extensionHostProcess.js:123:9874
	at Array.map (<anonymous>)
	at PJ.$ (file:///snap/code/194/usr/share/code/resources/app/out/vs/workbench/api/node/extensionHostProcess.js:123:9862)
	at PJ.terminate (file:///snap/code/194/usr/share/code/resources/app/out/vs/workbench/api/node/extensionHostProcess.js:123:10105)
	at v2.terminate (file:///snap/code/194/usr/share/code/resources/app/out/vs/workbench/api/node/extensionHostProcess.js:124:1434)
	at us (file:///snap/code/194/usr/share/code/resources/app/out/vs/workbench/api/node/extensionHostProcess.js:225:5702)
	at MessagePortMain.<anonymous> (file:///snap/code/194/usr/share/code/resources/app/out/vs/workbench/api/node/extensionHostProcess.js:225:2249)
	at MessagePortMain.emit (node:events:524:28)
	at MessagePortMain._internalPort.emit (node:electron/js2c/utility_init:2:2949)
2025-06-07 23:29:19.372 [info] Extension host with pid 3192 exiting with code 0
2025-06-07 23:29:21.033 [info] Extension host with pid 14613 started
2025-06-07 23:29:21.033 [info] Skipping acquiring lock for /home/alan-mitchell/.config/Code/User/workspaceStorage/f7434ee06303382261040ffe36b4bcfd.
2025-06-07 23:29:21.818 [info] ExtensionService#_doActivateExtension vscode.github-authentication, startup: false, activationEvent: 'onAuthenticationRequest:github'
2025-06-07 23:29:21.900 [info] ExtensionService#_doActivateExtension vscode.emmet, startup: false, activationEvent: 'onLanguage'
2025-06-07 23:29:21.936 [info] ExtensionService#_doActivateExtension vscode.git-base, startup: false, activationEvent: 'onFileSystem:git', root cause: vscode.git
2025-06-07 23:29:21.942 [info] ExtensionService#_doActivateExtension vscode.configuration-editing, startup: false, activationEvent: 'onLanguage:jsonc'
2025-06-07 23:29:21.962 [info] ExtensionService#_doActivateExtension vscode.json-language-features, startup: false, activationEvent: 'onLanguage:jsonc'
2025-06-07 23:29:22.089 [info] ExtensionService#_doActivateExtension vscode.typescript-language-features, startup: false, activationEvent: 'onLanguage:jsonc'
2025-06-07 23:29:22.183 [info] ExtensionService#_doActivateExtension vscode.npm, startup: false, activationEvent: 'onTerminalQuickFixRequest:ms-vscode.npm-command'
2025-06-07 23:29:22.236 [info] ExtensionService#_doActivateExtension vscode.html-language-features, startup: false, activationEvent: 'onLanguage:html'
2025-06-07 23:29:22.335 [info] ExtensionService#_doActivateExtension ms-vscode.live-server, startup: false, activationEvent: 'onCommand:livePreview.start.preview.atFile'
2025-06-07 23:29:22.702 [info] ExtensionService#_doActivateExtension vscode.git, startup: false, activationEvent: 'onFileSystem:git'
2025-06-07 23:29:22.788 [info] ExtensionService#_doActivateExtension vscode.github, startup: false, activationEvent: '*'
2025-06-07 23:29:23.128 [info] Eager extensions activated
2025-06-07 23:29:23.231 [info] ExtensionService#_doActivateExtension vscode.debug-auto-launch, startup: false, activationEvent: 'onStartupFinished'
2025-06-07 23:29:23.236 [info] ExtensionService#_doActivateExtension vscode.merge-conflict, startup: false, activationEvent: 'onStartupFinished'
2025-06-07 23:29:23.275 [info] ExtensionService#_doActivateExtension Catppuccin.catppuccin-vsc, startup: false, activationEvent: 'onStartupFinished'
2025-06-07 23:29:23.290 [info] ExtensionService#_doActivateExtension Catppuccin.catppuccin-vsc-icons, startup: false, activationEvent: 'onStartupFinished'
2025-06-07 23:35:30.332 [info] Extension host terminating: renderer closed the MessagePort
2025-06-07 23:35:30.408 [info] Extension host with pid 14613 exiting with code 0
