2025-06-13 20:13:35.755 [info] Extension host with pid 15549 started
2025-06-13 20:13:35.755 [info] Skipping acquiring lock for /home/alan-mitchell/.config/Code/User/workspaceStorage/3ed166125521cec4e6058ccf3b39b451.
2025-06-13 20:13:35.895 [info] ExtensionService#_doActivateExtension vscode.github-authentication, startup: false, activationEvent: 'onAuthenticationRequest:github'
2025-06-13 20:13:36.096 [info] ExtensionService#_doActivateExtension vscode.git-base, startup: true, activationEvent: '*'
2025-06-13 20:13:36.105 [info] ExtensionService#_doActivateExtension vscode.configuration-editing, startup: false, activationEvent: 'onLanguage:jsonc'
2025-06-13 20:13:36.128 [info] ExtensionService#_doActivateExtension vscode.json-language-features, startup: false, activationEvent: 'onLanguage:jsonc'
2025-06-13 20:13:36.262 [info] ExtensionService#_doActivateExtension vscode.typescript-language-features, startup: false, activationEvent: 'onLanguage:jsonc'
2025-06-13 20:13:36.374 [info] ExtensionService#_doActivateExtension vscode.emmet, startup: false, activationEvent: 'onLanguage'
2025-06-13 20:13:36.651 [info] ExtensionService#_doActivateExtension vscode.github, startup: true, activationEvent: '*'
2025-06-13 20:13:36.832 [info] Eager extensions activated
2025-06-13 20:13:36.853 [info] ExtensionService#_doActivateExtension vscode.debug-auto-launch, startup: false, activationEvent: 'onStartupFinished'
2025-06-13 20:13:36.859 [info] ExtensionService#_doActivateExtension vscode.merge-conflict, startup: false, activationEvent: 'onStartupFinished'
2025-06-13 20:13:36.902 [info] ExtensionService#_doActivateExtension Catppuccin.catppuccin-vsc, startup: false, activationEvent: 'onStartupFinished'
2025-06-13 20:13:41.997 [info] ExtensionService#_doActivateExtension vscode.git, startup: false, activationEvent: 'api', root cause: vscode.github
2025-06-13 20:13:42.168 [info] ExtensionService#_doActivateExtension Catppuccin.catppuccin-vsc-icons, startup: false, activationEvent: 'onStartupFinished'
2025-06-13 20:13:42.317 [info] ExtensionService#_doActivateExtension rust-lang.rust-analyzer, startup: false, activationEvent: 'workspaceContains:Cargo.toml'
2025-06-13 20:14:38.143 [info] Extension host terminating: renderer closed the MessagePort
2025-06-13 20:14:38.207 [error] Canceled: Canceled
	at new XN (file:///snap/code/194/usr/share/code/resources/app/out/vs/workbench/api/node/extensionHostProcess.js:29:111538)
	at f5.U (file:///snap/code/194/usr/share/code/resources/app/out/vs/workbench/api/node/extensionHostProcess.js:29:116148)
	at s.<computed>.n.charCodeAt.s.<computed> (file:///snap/code/194/usr/share/code/resources/app/out/vs/workbench/api/node/extensionHostProcess.js:29:113642)
	at Wb.g (file:///snap/code/194/usr/share/code/resources/app/out/vs/workbench/api/node/extensionHostProcess.js:119:41004)
	at Wb.executeCommand (file:///snap/code/194/usr/share/code/resources/app/out/vs/workbench/api/node/extensionHostProcess.js:119:40508)
	at i.registerCommand.description (file:///snap/code/194/usr/share/code/resources/app/out/vs/workbench/api/node/extensionHostProcess.js:119:39838)
	at Wb.h (file:///snap/code/194/usr/share/code/resources/app/out/vs/workbench/api/node/extensionHostProcess.js:119:41524)
	at Wb.g (file:///snap/code/194/usr/share/code/resources/app/out/vs/workbench/api/node/extensionHostProcess.js:119:40601)
	at Wb.executeCommand (file:///snap/code/194/usr/share/code/resources/app/out/vs/workbench/api/node/extensionHostProcess.js:119:40508)
	at Object.executeCommand (file:///snap/code/194/usr/share/code/resources/app/out/vs/workbench/api/node/extensionHostProcess.js:170:31026)
	at ho (/home/alan-mitchell/.vscode/extensions/rust-lang.rust-analyzer-0.3.2490-linux-x64/out/main.js:44:50227)
	at Object.Ix (/home/alan-mitchell/.vscode/extensions/rust-lang.rust-analyzer-0.3.2490-linux-x64/out/main.js:386:593)
	at PJ.eb (file:///snap/code/194/usr/share/code/resources/app/out/vs/workbench/api/node/extensionHostProcess.js:123:11724)
	at file:///snap/code/194/usr/share/code/resources/app/out/vs/workbench/api/node/extensionHostProcess.js:123:9874
	at Array.map (<anonymous>)
	at PJ.$ (file:///snap/code/194/usr/share/code/resources/app/out/vs/workbench/api/node/extensionHostProcess.js:123:9862)
	at PJ.terminate (file:///snap/code/194/usr/share/code/resources/app/out/vs/workbench/api/node/extensionHostProcess.js:123:10105)
	at v2.terminate (file:///snap/code/194/usr/share/code/resources/app/out/vs/workbench/api/node/extensionHostProcess.js:124:1434)
	at us (file:///snap/code/194/usr/share/code/resources/app/out/vs/workbench/api/node/extensionHostProcess.js:225:5702)
	at MessagePortMain.<anonymous> (file:///snap/code/194/usr/share/code/resources/app/out/vs/workbench/api/node/extensionHostProcess.js:225:2249)
	at MessagePortMain.emit (node:events:524:28)
	at MessagePortMain._internalPort.emit (node:electron/js2c/utility_init:2:2949)
2025-06-13 20:14:38.209 [info] Extension host with pid 15549 exiting with code 0
2025-06-13 20:14:39.725 [info] Extension host with pid 16355 started
2025-06-13 20:14:39.725 [info] Skipping acquiring lock for /home/alan-mitchell/.config/Code/User/workspaceStorage/3ed166125521cec4e6058ccf3b39b451.
2025-06-13 20:14:40.558 [info] ExtensionService#_doActivateExtension vscode.git-base, startup: true, activationEvent: '*', root cause: vscode.git
2025-06-13 20:14:40.575 [info] ExtensionService#_doActivateExtension vscode.github-authentication, startup: false, activationEvent: 'onAuthenticationRequest:github'
2025-06-13 20:14:40.629 [info] ExtensionService#_doActivateExtension vscode.configuration-editing, startup: false, activationEvent: 'onLanguage:jsonc'
2025-06-13 20:14:40.649 [info] ExtensionService#_doActivateExtension vscode.json-language-features, startup: false, activationEvent: 'onLanguage:jsonc'
2025-06-13 20:14:40.761 [info] ExtensionService#_doActivateExtension vscode.typescript-language-features, startup: false, activationEvent: 'onLanguage:jsonc'
2025-06-13 20:14:40.858 [info] ExtensionService#_doActivateExtension vscode.emmet, startup: false, activationEvent: 'onLanguage'
2025-06-13 20:14:41.032 [info] ExtensionService#_doActivateExtension vscode.git, startup: true, activationEvent: '*'
2025-06-13 20:14:41.133 [info] ExtensionService#_doActivateExtension vscode.github, startup: true, activationEvent: '*'
2025-06-13 20:14:41.410 [info] Eager extensions activated
2025-06-13 20:14:41.551 [info] ExtensionService#_doActivateExtension vscode.debug-auto-launch, startup: false, activationEvent: 'onStartupFinished'
2025-06-13 20:14:41.557 [info] ExtensionService#_doActivateExtension vscode.merge-conflict, startup: false, activationEvent: 'onStartupFinished'
2025-06-13 20:14:41.595 [info] ExtensionService#_doActivateExtension Catppuccin.catppuccin-vsc, startup: false, activationEvent: 'onStartupFinished'
2025-06-13 20:14:41.606 [info] ExtensionService#_doActivateExtension Catppuccin.catppuccin-vsc-icons, startup: false, activationEvent: 'onStartupFinished'
2025-06-13 20:18:18.838 [info] Extension host terminating: renderer closed the MessagePort
2025-06-13 20:18:18.912 [info] Extension host with pid 16355 exiting with code 0
