2025-06-07 19:12:02.923 [info] [main] Log level: Info
2025-06-07 19:12:02.923 [info] [main] Validating found git in: "git"
2025-06-07 19:12:02.923 [info] [main] Using git "2.43.0" from "git"
2025-06-07 19:12:02.923 [info] [Model][doInitialScan] Initial repository scan started
2025-06-07 19:12:02.923 [info] > git rev-parse --show-toplevel [10ms]
2025-06-07 19:12:02.923 [info] > git rev-parse --git-dir --git-common-dir [73ms]
2025-06-07 19:12:02.923 [info] [Model][openRepository] Opened repository (path): /home/alan-mitchell/Hydra
2025-06-07 19:12:02.923 [info] [Model][openRepository] Opened repository (real path): /home/alan-mitchell/Hydra
2025-06-07 19:12:02.954 [info] > git rev-parse --show-toplevel [8ms]
2025-06-07 19:12:02.955 [info] > git config --get commit.template [19ms]
2025-06-07 19:12:02.988 [info] > git rev-parse --show-toplevel [18ms]
2025-06-07 19:12:03.001 [info] > git for-each-ref --format=%(refname)%00%(upstream:short)%00%(objectname)%00%(upstream:track)%00%(upstream:remotename)%00%(upstream:remoteref) refs/heads/type-inference refs/remotes/type-inference [17ms]
2025-06-07 19:12:03.033 [info] > git status -z -uall [21ms]
2025-06-07 19:12:03.035 [info] > git rev-parse --show-toplevel [34ms]
2025-06-07 19:12:03.038 [info] [Model][doInitialScan] Initial repository scan completed - repositories (1), closed repositories (0), parent repositories (0), unsafe repositories (0)
2025-06-07 19:12:03.039 [info] > git for-each-ref --sort -committerdate --format %(refname)%00%(objectname)%00%(*objectname) [14ms]
2025-06-07 19:12:03.100 [info] > git for-each-ref --format=%(refname)%00%(upstream:short)%00%(objectname)%00%(upstream:track)%00%(upstream:remotename)%00%(upstream:remoteref) refs/heads/type-inference refs/remotes/type-inference [26ms]
2025-06-07 19:12:03.121 [info] > git config --get --local branch.type-inference.vscode-merge-base [5ms]
2025-06-07 19:12:03.121 [warning] [Git][config] git config failed: Failed to execute git
2025-06-07 19:12:03.133 [info] > git config --get commit.template [44ms]
2025-06-07 19:12:03.198 [info] > git for-each-ref --format=%(refname)%00%(upstream:short)%00%(objectname)%00%(upstream:track)%00%(upstream:remotename)%00%(upstream:remoteref) refs/heads/type-inference refs/remotes/type-inference [49ms]
2025-06-07 19:12:03.230 [info] > git reflog type-inference --grep-reflog=branch: Created from *. [97ms]
2025-06-07 19:12:03.244 [info] > git status -z -uall [32ms]
2025-06-07 19:12:03.245 [info] > git for-each-ref --sort -committerdate --format %(refname)%00%(objectname)%00%(*objectname) [15ms]
2025-06-07 19:12:03.292 [info] > git for-each-ref --format=%(refname)%00%(upstream:short)%00%(objectname)%00%(upstream:track)%00%(upstream:remotename)%00%(upstream:remoteref) refs/heads/type-inference refs/remotes/type-inference [30ms]
2025-06-07 19:12:03.304 [info] > git reflog HEAD --grep-reflog=checkout: moving from .* to type-inference [62ms]
2025-06-07 19:12:03.326 [info] > git for-each-ref --format=%(refname)%00%(upstream:short)%00%(objectname)%00%(upstream:track)%00%(upstream:remotename)%00%(upstream:remoteref) refs/heads/master refs/remotes/master [4ms]
2025-06-07 19:12:03.342 [info] > git config --get --local branch.type-inference.vscode-merge-base [37ms]
2025-06-07 19:12:03.342 [warning] [Git][config] git config failed: Failed to execute git
2025-06-07 19:12:03.364 [info] > git reflog type-inference --grep-reflog=branch: Created from *. [8ms]
2025-06-07 19:12:03.376 [info] > git for-each-ref --format=%(refname)%00%(upstream:short)%00%(objectname)%00%(upstream:track)%00%(upstream:remotename)%00%(upstream:remoteref) refs/remotes/origin/master [35ms]
2025-06-07 19:12:03.422 [info] > git config --add --local branch.type-inference.vscode-merge-base origin/master [23ms]
2025-06-07 19:12:03.424 [info] > git reflog HEAD --grep-reflog=checkout: moving from .* to type-inference [49ms]
2025-06-07 19:12:03.452 [info] > git for-each-ref --format=%(refname)%00%(upstream:short)%00%(objectname)%00%(upstream:track)%00%(upstream:remotename)%00%(upstream:remoteref) refs/heads/master refs/remotes/master [14ms]
2025-06-07 19:12:03.466 [info] > git config --get commit.template [15ms]
2025-06-07 19:12:03.491 [info] > git for-each-ref --format=%(refname)%00%(upstream:short)%00%(objectname)%00%(upstream:track)%00%(upstream:remotename)%00%(upstream:remoteref) refs/heads/type-inference refs/remotes/type-inference [14ms]
2025-06-07 19:12:03.516 [info] > git for-each-ref --format=%(refname)%00%(upstream:short)%00%(objectname)%00%(upstream:track)%00%(upstream:remotename)%00%(upstream:remoteref) refs/remotes/origin/master [51ms]
2025-06-07 19:12:03.535 [info] > git check-ignore -v -z --stdin [45ms]
2025-06-07 19:12:03.536 [info] > git status -z -uall [33ms]
2025-06-07 19:12:03.536 [info] > git config --add --local branch.type-inference.vscode-merge-base origin/master [6ms]
2025-06-07 19:12:03.537 [info] > git for-each-ref --sort -committerdate --format %(refname)%00%(objectname)%00%(*objectname) [22ms] (cancelled)
2025-06-07 19:12:03.580 [info] > git for-each-ref --format=%(refname)%00%(upstream:short)%00%(objectname)%00%(upstream:track)%00%(upstream:remotename)%00%(upstream:remoteref) refs/heads/type-inference refs/remotes/type-inference [30ms]
2025-06-07 19:12:03.601 [info] > git config --get --local branch.type-inference.vscode-merge-base [10ms]
2025-06-07 19:12:03.616 [info] > git config --get commit.template [37ms]
2025-06-07 19:12:03.633 [info] > git for-each-ref --format=%(refname)%00%(upstream:short)%00%(objectname)%00%(upstream:track)%00%(upstream:remotename)%00%(upstream:remoteref) refs/heads/origin/master refs/remotes/origin/master [17ms]
2025-06-07 19:12:03.634 [info] > git for-each-ref --format=%(refname)%00%(upstream:short)%00%(objectname)%00%(upstream:track)%00%(upstream:remotename)%00%(upstream:remoteref) refs/heads/type-inference refs/remotes/type-inference [3ms]
2025-06-07 19:12:03.659 [info] > git status -z -uall [13ms]
2025-06-07 19:12:03.662 [info] > git for-each-ref --sort -committerdate --format %(refname)%00%(objectname)%00%(*objectname) [4ms]
2025-06-07 19:12:04.706 [info] > git for-each-ref --format=%(refname)%00%(upstream:short)%00%(objectname)%00%(upstream:track)%00%(upstream:remotename)%00%(upstream:remoteref) refs/heads/type-inference refs/remotes/type-inference [5ms]
2025-06-07 19:12:04.707 [info] > git config --get commit.template [20ms]
2025-06-07 19:12:04.742 [info] > git status -z -uall [16ms]
2025-06-07 19:12:04.744 [info] > git for-each-ref --sort -committerdate --format %(refname)%00%(objectname)%00%(*objectname) [3ms]
2025-06-07 19:12:35.538 [info] > git check-ignore -v -z --stdin [5ms]
2025-06-07 19:12:40.398 [info] > git check-ignore -v -z --stdin [4ms]
2025-06-07 19:13:15.711 [info] > git config --get commit.template [17ms]
2025-06-07 19:13:15.711 [info] > git for-each-ref --format=%(refname)%00%(upstream:short)%00%(objectname)%00%(upstream:track)%00%(upstream:remotename)%00%(upstream:remoteref) refs/heads/type-inference refs/remotes/type-inference [2ms]
2025-06-07 19:13:15.748 [info] > git status -z -uall [18ms]
2025-06-07 19:13:15.751 [info] > git for-each-ref --sort -committerdate --format %(refname)%00%(objectname)%00%(*objectname) [4ms]
2025-06-07 19:13:20.797 [info] > git config --get commit.template [17ms]
2025-06-07 19:13:20.801 [info] > git for-each-ref --format=%(refname)%00%(upstream:short)%00%(objectname)%00%(upstream:track)%00%(upstream:remotename)%00%(upstream:remoteref) refs/heads/type-inference refs/remotes/type-inference [5ms]
2025-06-07 19:13:20.826 [info] > git status -z -uall [11ms]
2025-06-07 19:13:20.828 [info] > git for-each-ref --sort -committerdate --format %(refname)%00%(objectname)%00%(*objectname) [2ms]
2025-06-07 19:13:21.886 [info] > git show --textconv :Cargo.lock [18ms]
2025-06-07 19:13:21.889 [info] > git ls-files --stage -- Cargo.lock [4ms]
2025-06-07 19:13:21.905 [info] > git cat-file -s 17f888a334464d44ea03dda6885fb7f2ff0631f3 [2ms]
2025-06-07 19:13:25.880 [info] > git config --get commit.template [23ms]
2025-06-07 19:13:25.882 [info] > git for-each-ref --format=%(refname)%00%(upstream:short)%00%(objectname)%00%(upstream:track)%00%(upstream:remotename)%00%(upstream:remoteref) refs/heads/type-inference refs/remotes/type-inference [4ms]
2025-06-07 19:13:25.920 [info] > git status -z -uall [20ms]
2025-06-07 19:13:25.923 [info] > git for-each-ref --sort -committerdate --format %(refname)%00%(objectname)%00%(*objectname) [4ms]
2025-06-07 19:13:27.347 [info] > git show --textconv :language_ideas.txt [25ms]
2025-06-07 19:13:27.349 [info] > git ls-files --stage -- language_ideas.txt [4ms]
2025-06-07 19:13:27.373 [info] > git cat-file -s 29339318f9bbb312017de874c39f3dc7cc6b8b51 [5ms]
2025-06-07 19:13:30.421 [info] > git show --textconv :README.md [37ms]
2025-06-07 19:13:30.527 [info] > git ls-files --stage -- README.md [128ms]
2025-06-07 19:13:30.568 [info] > git cat-file -s f4c9a8f5185d5bc2d8f9e01780242e7228102f35 [24ms]
2025-06-07 19:13:30.971 [info] > git config --get commit.template [23ms]
2025-06-07 19:13:30.974 [info] > git for-each-ref --format=%(refname)%00%(upstream:short)%00%(objectname)%00%(upstream:track)%00%(upstream:remotename)%00%(upstream:remoteref) refs/heads/type-inference refs/remotes/type-inference [4ms]
2025-06-07 19:13:31.009 [info] > git status -z -uall [16ms]
2025-06-07 19:13:31.014 [info] > git for-each-ref --sort -committerdate --format %(refname)%00%(objectname)%00%(*objectname) [5ms]
2025-06-07 19:13:36.357 [info] > git config --get commit.template [22ms]
2025-06-07 19:13:36.360 [info] > git for-each-ref --format=%(refname)%00%(upstream:short)%00%(objectname)%00%(upstream:track)%00%(upstream:remotename)%00%(upstream:remoteref) refs/heads/type-inference refs/remotes/type-inference [4ms]
2025-06-07 19:13:36.398 [info] > git status -z -uall [20ms]
2025-06-07 19:13:36.402 [info] > git for-each-ref --sort -committerdate --format %(refname)%00%(objectname)%00%(*objectname) [5ms]
2025-06-07 19:13:42.061 [info] > git config --get commit.template [20ms]
2025-06-07 19:13:42.063 [info] > git for-each-ref --format=%(refname)%00%(upstream:short)%00%(objectname)%00%(upstream:track)%00%(upstream:remotename)%00%(upstream:remoteref) refs/heads/type-inference refs/remotes/type-inference [4ms]
2025-06-07 19:13:42.093 [info] > git status -z -uall [17ms]
2025-06-07 19:13:42.095 [info] > git for-each-ref --sort -committerdate --format %(refname)%00%(objectname)%00%(*objectname) [3ms]
2025-06-07 19:13:49.275 [info] > git check-ignore -v -z --stdin [4ms]
2025-06-07 19:13:49.842 [info] > git config --get commit.template [17ms]
2025-06-07 19:13:49.843 [info] > git for-each-ref --format=%(refname)%00%(upstream:short)%00%(objectname)%00%(upstream:track)%00%(upstream:remotename)%00%(upstream:remoteref) refs/heads/type-inference refs/remotes/type-inference [2ms]
2025-06-07 19:13:49.876 [info] > git status -z -uall [19ms]
2025-06-07 19:13:49.879 [info] > git for-each-ref --sort -committerdate --format %(refname)%00%(objectname)%00%(*objectname) [4ms]
2025-06-07 19:13:54.245 [info] > git check-ignore -v -z --stdin [4ms]
2025-06-07 19:13:54.924 [info] > git config --get commit.template [17ms]
2025-06-07 19:13:54.927 [info] > git for-each-ref --format=%(refname)%00%(upstream:short)%00%(objectname)%00%(upstream:track)%00%(upstream:remotename)%00%(upstream:remoteref) refs/heads/type-inference refs/remotes/type-inference [4ms]
2025-06-07 19:13:54.959 [info] > git status -z -uall [15ms]
2025-06-07 19:13:54.961 [info] > git for-each-ref --sort -committerdate --format %(refname)%00%(objectname)%00%(*objectname) [3ms]
2025-06-07 19:14:16.201 [info] > git check-ignore -v -z --stdin [4ms]
2025-06-07 19:14:56.803 [info] > git config --get commit.template [20ms]
2025-06-07 19:14:56.806 [info] > git for-each-ref --format=%(refname)%00%(upstream:short)%00%(objectname)%00%(upstream:track)%00%(upstream:remotename)%00%(upstream:remoteref) refs/heads/rewrite refs/remotes/rewrite [4ms]
2025-06-07 19:14:56.848 [info] > git status -z -uall [23ms]
2025-06-07 19:14:56.852 [info] > git for-each-ref --sort -committerdate --format %(refname)%00%(objectname)%00%(*objectname) [5ms]
2025-06-07 19:14:56.885 [info] > git for-each-ref --format=%(refname)%00%(upstream:short)%00%(objectname)%00%(upstream:track)%00%(upstream:remotename)%00%(upstream:remoteref) refs/heads/rewrite refs/remotes/rewrite [5ms]
2025-06-07 19:14:56.903 [info] > git config --get --local branch.rewrite.vscode-merge-base [4ms]
2025-06-07 19:14:56.922 [info] > git for-each-ref --format=%(refname)%00%(upstream:short)%00%(objectname)%00%(upstream:track)%00%(upstream:remotename)%00%(upstream:remoteref) refs/heads/origin/master refs/remotes/origin/master [4ms]
2025-06-07 19:20:43.384 [info] > git config --get commit.template [17ms]
2025-06-07 19:20:43.387 [info] > git for-each-ref --format=%(refname)%00%(upstream:short)%00%(objectname)%00%(upstream:track)%00%(upstream:remotename)%00%(upstream:remoteref) refs/heads/rewrite refs/remotes/rewrite [4ms]
2025-06-07 19:20:43.422 [info] > git status -z -uall [17ms]
2025-06-07 19:20:43.424 [info] > git for-each-ref --sort -committerdate --format %(refname)%00%(objectname)%00%(*objectname) [3ms]
2025-06-07 19:20:48.594 [info] > git config --get commit.template [15ms]
2025-06-07 19:20:48.595 [info] > git for-each-ref --format=%(refname)%00%(upstream:short)%00%(objectname)%00%(upstream:track)%00%(upstream:remotename)%00%(upstream:remoteref) refs/heads/rewrite refs/remotes/rewrite [2ms]
2025-06-07 19:20:48.617 [info] > git status -z -uall [11ms]
2025-06-07 19:20:48.619 [info] > git for-each-ref --sort -committerdate --format %(refname)%00%(objectname)%00%(*objectname) [2ms]
2025-06-07 19:32:52.488 [info] > git config --get commit.template [21ms]
2025-06-07 19:32:52.489 [info] > git for-each-ref --format=%(refname)%00%(upstream:short)%00%(objectname)%00%(upstream:track)%00%(upstream:remotename)%00%(upstream:remoteref) refs/heads/rewrite refs/remotes/rewrite [2ms]
2025-06-07 19:32:52.516 [info] > git status -z -uall [16ms]
2025-06-07 19:32:52.520 [info] > git for-each-ref --sort -committerdate --format %(refname)%00%(objectname)%00%(*objectname) [5ms]
2025-06-07 19:34:14.771 [info] > git config --get commit.template [21ms]
2025-06-07 19:34:14.771 [info] > git for-each-ref --format=%(refname)%00%(upstream:short)%00%(objectname)%00%(upstream:track)%00%(upstream:remotename)%00%(upstream:remoteref) refs/heads/rewrite refs/remotes/rewrite [2ms]
2025-06-07 19:34:14.805 [info] > git status -z -uall [17ms]
2025-06-07 19:34:14.809 [info] > git for-each-ref --sort -committerdate --format %(refname)%00%(objectname)%00%(*objectname) [5ms]
2025-06-07 19:34:14.832 [info] > git merge-base refs/heads/rewrite refs/remotes/origin/rewrite [4ms]
2025-06-07 19:34:14.847 [info] > git diff --name-status -z --diff-filter=ADMR 47a1c72b03019a7514282e07a89b914946756c77...refs/remotes/origin/rewrite [3ms]
2025-06-07 19:34:19.874 [info] > git config --get commit.template [20ms]
2025-06-07 19:34:19.878 [info] > git for-each-ref --format=%(refname)%00%(upstream:short)%00%(objectname)%00%(upstream:track)%00%(upstream:remotename)%00%(upstream:remoteref) refs/heads/rewrite refs/remotes/rewrite [5ms]
2025-06-07 19:34:19.924 [info] > git status -z -uall [27ms]
2025-06-07 19:34:19.929 [info] > git for-each-ref --sort -committerdate --format %(refname)%00%(objectname)%00%(*objectname) [6ms]
