2025-06-10 20:57:23.340 [info] [main] Log level: Info
2025-06-10 20:57:23.340 [info] [main] Validating found git in: "git"
2025-06-10 20:57:23.340 [info] [main] Using git "2.43.0" from "git"
2025-06-10 20:57:23.340 [info] [Model][doInitialScan] Initial repository scan started
2025-06-10 20:57:23.340 [info] > git rev-parse --show-toplevel [8ms]
2025-06-10 20:57:23.340 [info] fatal: not a git repository (or any of the parent directories): .git
2025-06-10 20:57:23.340 [info] > git rev-parse --show-toplevel [182ms]
2025-06-10 20:57:23.353 [info] > git rev-parse --git-dir --git-common-dir [2ms]
2025-06-10 20:57:23.366 [info] [Model][openRepository] Opened repository (path): /home/alan-mitchell/Chess/chess-game
2025-06-10 20:57:23.366 [info] [Model][openRepository] Opened repository (real path): /home/alan-mitchell/Chess/chess-game
2025-06-10 20:57:23.370 [info] [Model][doInitialScan] Initial repository scan completed - repositories (1), closed repositories (0), parent repositories (0), unsafe repositories (0)
2025-06-10 20:57:23.386 [info] > git config --get commit.template [4ms]
2025-06-10 20:57:23.400 [info] [Git][getRemotes] No remotes found in the git config file
2025-06-10 20:57:23.452 [info] > git for-each-ref --format=%(refname)%00%(upstream:short)%00%(objectname)%00%(upstream:track)%00%(upstream:remotename)%00%(upstream:remoteref) refs/heads/master refs/remotes/master [53ms]
2025-06-10 20:57:23.452 [warning] [Git][getBranch] No such branch: master
2025-06-10 20:57:23.479 [info] > git status -z -uall [15ms]
2025-06-10 20:57:23.480 [info] > git for-each-ref --sort -committerdate --format %(refname)%00%(objectname)%00%(*objectname) [4ms]
2025-06-10 20:57:23.526 [info] > git for-each-ref --format=%(refname)%00%(upstream:short)%00%(objectname)%00%(upstream:track)%00%(upstream:remotename)%00%(upstream:remoteref) refs/heads/master refs/remotes/master [26ms]
2025-06-10 20:57:23.526 [warning] [Git][getBranch] No such branch: master
2025-06-10 20:57:23.527 [error] [GitHistoryProvider][resolveHEADMergeBase] Failed to resolve merge base for master: Error: No such branch: master.
2025-06-10 20:57:23.531 [info] > git config --get commit.template [9ms]
2025-06-10 20:57:23.544 [info] [Git][getRemotes] No remotes found in the git config file
2025-06-10 20:57:23.546 [info] > git for-each-ref --format=%(refname)%00%(upstream:short)%00%(objectname)%00%(upstream:track)%00%(upstream:remotename)%00%(upstream:remoteref) refs/heads/master refs/remotes/master [2ms]
2025-06-10 20:57:23.546 [warning] [Git][getBranch] No such branch: master
2025-06-10 20:57:23.570 [info] > git status -z -uall [13ms]
2025-06-10 20:57:23.571 [info] > git for-each-ref --sort -committerdate --format %(refname)%00%(objectname)%00%(*objectname) [2ms]
2025-06-10 20:57:23.920 [info] > git check-ignore -v -z --stdin [2ms]
2025-06-10 20:57:23.978 [info] > git rev-parse --show-toplevel [2ms]
2025-06-10 20:57:23.978 [info] fatal: not a git repository (or any of the parent directories): .git
2025-06-10 20:57:24.850 [info] > git check-ignore -v -z --stdin [4ms]
2025-06-10 20:58:35.523 [info] [Git][getRemotes] No remotes found in the git config file
2025-06-10 20:58:35.525 [info] > git config --get commit.template [21ms]
2025-06-10 20:58:35.528 [info] > git for-each-ref --format=%(refname)%00%(upstream:short)%00%(objectname)%00%(upstream:track)%00%(upstream:remotename)%00%(upstream:remoteref) refs/heads/master refs/remotes/master [5ms]
2025-06-10 20:58:35.528 [warning] [Git][getBranch] No such branch: master
2025-06-10 20:58:35.561 [info] > git status -z -uall [17ms]
2025-06-10 20:58:35.562 [info] > git for-each-ref --sort -committerdate --format %(refname)%00%(objectname)%00%(*objectname) [2ms]
2025-06-10 20:58:36.048 [info] > git check-ignore -v -z --stdin [3ms]
2025-06-10 21:03:33.915 [info] [Git][getRemotes] No remotes found in the git config file
2025-06-10 21:03:33.917 [info] > git config --get commit.template [24ms]
2025-06-10 21:03:33.919 [info] > git for-each-ref --format=%(refname)%00%(upstream:short)%00%(objectname)%00%(upstream:track)%00%(upstream:remotename)%00%(upstream:remoteref) refs/heads/master refs/remotes/master [4ms]
2025-06-10 21:03:33.920 [warning] [Git][getBranch] No such branch: master
2025-06-10 21:03:33.959 [info] > git status -z -uall [22ms]
2025-06-10 21:03:33.962 [info] > git for-each-ref --sort -committerdate --format %(refname)%00%(objectname)%00%(*objectname) [5ms]
2025-06-10 21:03:39.006 [info] [Git][getRemotes] No remotes found in the git config file
2025-06-10 21:03:39.008 [info] > git config --get commit.template [21ms]
2025-06-10 21:03:39.010 [info] > git for-each-ref --format=%(refname)%00%(upstream:short)%00%(objectname)%00%(upstream:track)%00%(upstream:remotename)%00%(upstream:remoteref) refs/heads/master refs/remotes/master [4ms]
2025-06-10 21:03:39.010 [warning] [Git][getBranch] No such branch: master
2025-06-10 21:03:39.049 [info] > git status -z -uall [21ms]
2025-06-10 21:03:39.053 [info] > git for-each-ref --sort -committerdate --format %(refname)%00%(objectname)%00%(*objectname) [4ms]
2025-06-10 21:03:48.995 [info] [Git][getRemotes] No remotes found in the git config file
2025-06-10 21:03:48.996 [info] > git config --get commit.template [17ms]
2025-06-10 21:03:48.999 [info] > git for-each-ref --format=%(refname)%00%(upstream:short)%00%(objectname)%00%(upstream:track)%00%(upstream:remotename)%00%(upstream:remoteref) refs/heads/master refs/remotes/master [4ms]
2025-06-10 21:03:48.999 [warning] [Git][getBranch] No such branch: master
2025-06-10 21:03:49.036 [info] > git status -z -uall [20ms]
2025-06-10 21:03:49.039 [info] > git for-each-ref --sort -committerdate --format %(refname)%00%(objectname)%00%(*objectname) [3ms]
2025-06-10 21:04:08.446 [info] [Git][getRemotes] No remotes found in the git config file
2025-06-10 21:04:08.463 [info] > git for-each-ref --format=%(refname)%00%(upstream:short)%00%(objectname)%00%(upstream:track)%00%(upstream:remotename)%00%(upstream:remoteref) refs/heads/master refs/remotes/master [17ms]
2025-06-10 21:04:08.463 [warning] [Git][getBranch] No such branch: master
2025-06-10 21:04:08.463 [info] > git config --get commit.template [34ms]
2025-06-10 21:04:08.493 [info] > git check-ignore -v -z --stdin [32ms]
2025-06-10 21:04:08.494 [info] > git status -z -uall [17ms]
2025-06-10 21:04:08.495 [info] > git for-each-ref --sort -committerdate --format %(refname)%00%(objectname)%00%(*objectname) [4ms]
2025-06-10 21:04:10.493 [info] > git check-ignore -v -z --stdin [5ms]
2025-06-10 21:04:13.524 [info] > git config --get commit.template [4ms]
2025-06-10 21:04:13.539 [info] [Git][getRemotes] No remotes found in the git config file
2025-06-10 21:04:13.542 [info] > git for-each-ref --format=%(refname)%00%(upstream:short)%00%(objectname)%00%(upstream:track)%00%(upstream:remotename)%00%(upstream:remoteref) refs/heads/master refs/remotes/master [3ms]
2025-06-10 21:04:13.542 [warning] [Git][getBranch] No such branch: master
2025-06-10 21:04:13.589 [info] > git status -z -uall [29ms]
2025-06-10 21:04:13.593 [info] > git for-each-ref --sort -committerdate --format %(refname)%00%(objectname)%00%(*objectname) [10ms]
2025-06-10 21:05:12.289 [info] [Git][getRemotes] No remotes found in the git config file
2025-06-10 21:05:12.307 [info] > git config --get commit.template [19ms]
2025-06-10 21:05:12.310 [info] > git for-each-ref --format=%(refname)%00%(upstream:short)%00%(objectname)%00%(upstream:track)%00%(upstream:remotename)%00%(upstream:remoteref) refs/heads/master refs/remotes/master [4ms]
2025-06-10 21:05:12.310 [warning] [Git][getBranch] No such branch: master
2025-06-10 21:05:12.345 [info] > git status -z -uall [18ms]
2025-06-10 21:05:12.348 [info] > git for-each-ref --sort -committerdate --format %(refname)%00%(objectname)%00%(*objectname) [4ms]
2025-06-10 21:05:37.592 [info] [Git][getRemotes] No remotes found in the git config file
2025-06-10 21:05:37.593 [info] > git config --get commit.template [16ms]
2025-06-10 21:05:37.594 [info] > git for-each-ref --format=%(refname)%00%(upstream:short)%00%(objectname)%00%(upstream:track)%00%(upstream:remotename)%00%(upstream:remoteref) refs/heads/master refs/remotes/master [2ms]
2025-06-10 21:05:37.594 [warning] [Git][getBranch] No such branch: master
2025-06-10 21:05:37.629 [info] > git status -z -uall [18ms]
2025-06-10 21:05:37.630 [info] > git for-each-ref --sort -committerdate --format %(refname)%00%(objectname)%00%(*objectname) [4ms]
2025-06-10 21:05:42.671 [info] [Git][getRemotes] No remotes found in the git config file
2025-06-10 21:05:42.673 [info] > git config --get commit.template [18ms]
2025-06-10 21:05:42.675 [info] > git for-each-ref --format=%(refname)%00%(upstream:short)%00%(objectname)%00%(upstream:track)%00%(upstream:remotename)%00%(upstream:remoteref) refs/heads/master refs/remotes/master [4ms]
2025-06-10 21:05:42.675 [warning] [Git][getBranch] No such branch: master
2025-06-10 21:05:42.703 [info] > git status -z -uall [15ms]
2025-06-10 21:05:42.705 [info] > git for-each-ref --sort -committerdate --format %(refname)%00%(objectname)%00%(*objectname) [3ms]
2025-06-10 21:07:37.097 [info] [Git][getRemotes] No remotes found in the git config file
2025-06-10 21:07:37.118 [info] > git config --get commit.template [23ms]
2025-06-10 21:07:37.120 [info] > git for-each-ref --format=%(refname)%00%(upstream:short)%00%(objectname)%00%(upstream:track)%00%(upstream:remotename)%00%(upstream:remoteref) refs/heads/master refs/remotes/master [4ms]
2025-06-10 21:07:37.120 [warning] [Git][getBranch] No such branch: master
2025-06-10 21:07:37.156 [info] > git status -z -uall [18ms]
2025-06-10 21:07:37.158 [info] > git for-each-ref --sort -committerdate --format %(refname)%00%(objectname)%00%(*objectname) [3ms]
2025-06-10 21:08:15.355 [info] [Git][getRemotes] No remotes found in the git config file
2025-06-10 21:08:15.356 [info] > git config --get commit.template [22ms]
2025-06-10 21:08:15.358 [info] > git for-each-ref --format=%(refname)%00%(upstream:short)%00%(objectname)%00%(upstream:track)%00%(upstream:remotename)%00%(upstream:remoteref) refs/heads/master refs/remotes/master [3ms]
2025-06-10 21:08:15.359 [warning] [Git][getBranch] No such branch: master
2025-06-10 21:08:15.401 [info] > git status -z -uall [21ms]
2025-06-10 21:08:15.403 [info] > git for-each-ref --sort -committerdate --format %(refname)%00%(objectname)%00%(*objectname) [4ms]
2025-06-10 21:11:49.941 [info] > git config --get commit.template [3ms]
2025-06-10 21:11:49.963 [info] [Git][getRemotes] No remotes found in the git config file
2025-06-10 21:11:49.966 [info] > git for-each-ref --format=%(refname)%00%(upstream:short)%00%(objectname)%00%(upstream:track)%00%(upstream:remotename)%00%(upstream:remoteref) refs/heads/master refs/remotes/master [3ms]
2025-06-10 21:11:49.966 [warning] [Git][getBranch] No such branch: master
2025-06-10 21:11:50.003 [info] > git status -z -uall [20ms]
2025-06-10 21:11:50.003 [info] > git for-each-ref --sort -committerdate --format %(refname)%00%(objectname)%00%(*objectname) [3ms]
2025-06-10 21:12:09.747 [info] [Git][getRemotes] No remotes found in the git config file
2025-06-10 21:12:09.751 [info] > git for-each-ref --format=%(refname)%00%(upstream:short)%00%(objectname)%00%(upstream:track)%00%(upstream:remotename)%00%(upstream:remoteref) refs/heads/master refs/remotes/master [4ms]
2025-06-10 21:12:09.752 [warning] [Git][getBranch] No such branch: master
2025-06-10 21:12:09.752 [info] > git config --get commit.template [30ms]
2025-06-10 21:12:09.791 [info] > git status -z -uall [19ms]
2025-06-10 21:12:09.796 [info] > git for-each-ref --sort -committerdate --format %(refname)%00%(objectname)%00%(*objectname) [6ms]
2025-06-10 21:12:18.473 [info] [Git][getRemotes] No remotes found in the git config file
2025-06-10 21:12:18.474 [info] > git config --get commit.template [23ms]
2025-06-10 21:12:18.479 [info] > git for-each-ref --format=%(refname)%00%(upstream:short)%00%(objectname)%00%(upstream:track)%00%(upstream:remotename)%00%(upstream:remoteref) refs/heads/master refs/remotes/master [7ms]
2025-06-10 21:12:18.479 [warning] [Git][getBranch] No such branch: master
2025-06-10 21:12:18.521 [info] > git status -z -uall [22ms]
2025-06-10 21:12:18.527 [info] > git for-each-ref --sort -committerdate --format %(refname)%00%(objectname)%00%(*objectname) [8ms]
2025-06-10 21:13:42.738 [info] [Git][getRemotes] No remotes found in the git config file
2025-06-10 21:13:42.739 [info] > git config --get commit.template [17ms]
2025-06-10 21:13:42.742 [info] > git for-each-ref --format=%(refname)%00%(upstream:short)%00%(objectname)%00%(upstream:track)%00%(upstream:remotename)%00%(upstream:remoteref) refs/heads/master refs/remotes/master [4ms]
2025-06-10 21:13:42.742 [warning] [Git][getBranch] No such branch: master
2025-06-10 21:13:42.775 [info] > git status -z -uall [18ms]
2025-06-10 21:13:42.778 [info] > git for-each-ref --sort -committerdate --format %(refname)%00%(objectname)%00%(*objectname) [4ms]
2025-06-10 21:13:50.665 [info] [Git][getRemotes] No remotes found in the git config file
2025-06-10 21:13:50.666 [info] > git config --get commit.template [20ms]
2025-06-10 21:13:50.669 [info] > git for-each-ref --format=%(refname)%00%(upstream:short)%00%(objectname)%00%(upstream:track)%00%(upstream:remotename)%00%(upstream:remoteref) refs/heads/master refs/remotes/master [4ms]
2025-06-10 21:13:50.669 [warning] [Git][getBranch] No such branch: master
2025-06-10 21:13:50.704 [info] > git status -z -uall [18ms]
2025-06-10 21:13:50.706 [info] > git for-each-ref --sort -committerdate --format %(refname)%00%(objectname)%00%(*objectname) [3ms]
