2025-06-07 21:08:25.703 [info] Reading sessions from keychain...
2025-06-07 21:08:25.703 [info] Getting sessions for all scopes...
2025-06-07 21:08:25.703 [info] Getting sessions for all scopes...
2025-06-07 21:08:25.712 [info] Getting sessions for all scopes...
2025-06-07 21:08:25.713 [info] Getting sessions for all scopes...
2025-06-07 21:08:25.713 [info] Getting sessions for all scopes...
2025-06-07 21:08:25.713 [info] Getting sessions for all scopes...
2025-06-07 21:08:25.713 [info] Getting sessions for all scopes...
2025-06-07 21:08:25.719 [info] Got stored sessions!
2025-06-07 21:08:25.720 [info] Got 1 verified sessions.
2025-06-07 21:08:25.720 [info] Got 1 sessions for ...
2025-06-07 21:08:25.720 [info] Got 1 sessions for ...
2025-06-07 21:08:25.720 [info] Got 1 sessions for ...
2025-06-07 21:08:25.720 [info] Got 1 sessions for ...
2025-06-07 21:08:25.720 [info] Got 1 sessions for ...
2025-06-07 21:08:25.720 [info] Got 1 sessions for ...
2025-06-07 21:08:25.720 [info] Got 1 sessions for ...
2025-06-07 21:08:25.727 [info] Getting sessions for all scopes...
2025-06-07 21:08:25.727 [info] Got 1 sessions for ...
2025-06-07 21:08:25.728 [info] Getting sessions for all scopes...
2025-06-07 21:08:25.729 [info] Got 1 sessions for ...
2025-06-07 21:08:25.729 [info] Getting sessions for all scopes...
2025-06-07 21:08:25.729 [info] Got 1 sessions for ...
2025-06-07 21:08:25.729 [info] Getting sessions for all scopes...
2025-06-07 21:08:25.729 [info] Got 1 sessions for ...
2025-06-07 21:08:25.730 [info] Getting sessions for all scopes...
2025-06-07 21:08:25.730 [info] Got 1 sessions for ...
2025-06-07 21:08:25.730 [info] Getting sessions for all scopes...
2025-06-07 21:08:25.730 [info] Got 1 sessions for ...
2025-06-07 21:08:25.960 [info] Getting sessions for all scopes...
2025-06-07 21:08:25.960 [info] Got 1 sessions for ...
2025-06-07 21:08:26.784 [info] Getting sessions for all scopes...
2025-06-07 21:08:26.784 [info] Got 1 sessions for ...
2025-06-07 21:08:27.488 [info] Getting sessions for read:user,repo,user:email,workflow...
2025-06-07 21:08:27.488 [info] Got 1 sessions for read:user,repo,user:email,workflow...
2025-06-07 21:08:27.489 [info] Getting sessions for all scopes...
2025-06-07 21:08:27.489 [info] Got 1 sessions for ...
2025-06-07 21:08:28.425 [info] Getting sessions for read:user,repo,user:email,workflow...
2025-06-07 21:08:28.425 [info] Got 1 sessions for read:user,repo,user:email,workflow...
