2025-06-07 21:08:26.798 [info] [main] Log level: Info
2025-06-07 21:08:26.798 [info] [main] Validating found git in: "git"
2025-06-07 21:08:26.798 [info] [main] Using git "2.43.0" from "git"
2025-06-07 21:08:26.798 [info] [Model][doInitialScan] Initial repository scan started
2025-06-07 21:08:26.798 [info] > git rev-parse --show-toplevel [24ms]
2025-06-07 21:08:26.800 [info] > git rev-parse --git-dir --git-common-dir [76ms]
2025-06-07 21:08:26.821 [info] [Model][openRepository] Opened repository (path): /home/alan-mitchell/Hydra
2025-06-07 21:08:26.821 [info] [Model][openRepository] Opened repository (real path): /home/alan-mitchell/Hydra
2025-06-07 21:08:26.947 [info] > git config --get commit.template [91ms]
2025-06-07 21:08:26.989 [info] > git rev-parse --show-toplevel [118ms]
2025-06-07 21:08:26.996 [info] [Model][doInitialScan] Initial repository scan completed - repositories (1), closed repositories (0), parent repositories (0), unsafe repositories (0)
2025-06-07 21:08:27.043 [info] > git for-each-ref --format=%(refname)%00%(upstream:short)%00%(objectname)%00%(upstream:track)%00%(upstream:remotename)%00%(upstream:remoteref) refs/heads/rewrite refs/remotes/rewrite [9ms]
2025-06-07 21:08:27.084 [info] > git status -z -uall [22ms]
2025-06-07 21:08:27.088 [info] > git for-each-ref --sort -committerdate --format %(refname)%00%(objectname)%00%(*objectname) [6ms]
2025-06-07 21:08:27.165 [info] > git for-each-ref --format=%(refname)%00%(upstream:short)%00%(objectname)%00%(upstream:track)%00%(upstream:remotename)%00%(upstream:remoteref) refs/heads/rewrite refs/remotes/rewrite [27ms]
2025-06-07 21:08:27.207 [info] > git config --get --local branch.rewrite.vscode-merge-base [21ms]
2025-06-07 21:08:27.230 [info] > git config --get commit.template [66ms]
2025-06-07 21:08:27.238 [info] > git for-each-ref --format=%(refname)%00%(upstream:short)%00%(objectname)%00%(upstream:track)%00%(upstream:remotename)%00%(upstream:remoteref) refs/heads/origin/master refs/remotes/origin/master [10ms]
2025-06-07 21:08:27.463 [info] > git for-each-ref --format=%(refname)%00%(upstream:short)%00%(objectname)%00%(upstream:track)%00%(upstream:remotename)%00%(upstream:remoteref) refs/heads/rewrite refs/remotes/rewrite [182ms]
2025-06-07 21:08:27.464 [info] > git merge-base refs/heads/rewrite refs/remotes/origin/rewrite [205ms]
2025-06-07 21:08:27.497 [info] > git diff --name-status -z --diff-filter=ADMR 47a1c72b03019a7514282e07a89b914946756c77...refs/remotes/origin/rewrite [15ms]
2025-06-07 21:08:27.589 [info] > git check-ignore -v -z --stdin [62ms]
2025-06-07 21:08:27.590 [info] > git status -z -uall [17ms]
2025-06-07 21:08:27.633 [info] > git for-each-ref --sort -committerdate --format %(refname)%00%(objectname)%00%(*objectname) [44ms]
2025-06-07 21:08:30.241 [info] > git check-ignore -v -z --stdin [3ms]
2025-06-07 21:08:31.687 [info] > git check-ignore -v -z --stdin [5ms]
2025-06-07 21:08:33.579 [info] > git show --textconv :hydra-lang/src/hydrac/parse/lexer/lexer.rs [23ms]
2025-06-07 21:08:33.581 [info] > git ls-files --stage -- hydra-lang/src/hydrac/parse/lexer/lexer.rs [4ms]
2025-06-07 21:08:33.605 [info] > git cat-file -s 165e4b1f51b9d6228a7c7f4f9310ab248d030c8b [4ms]
2025-06-07 21:08:40.050 [info] > git blame --root --incremental 47a1c72b03019a7514282e07a89b914946756c77 -- hydra-lang/src/hydrac/parse/lexer/lexer.rs [14ms]
2025-06-07 21:10:31.316 [info] > git show --textconv :hydra-lang/src/hydrac/parse/lexer/token.rs [25ms]
2025-06-07 21:10:31.319 [info] > git ls-files --stage -- hydra-lang/src/hydrac/parse/lexer/token.rs [6ms]
2025-06-07 21:10:31.343 [info] > git cat-file -s c728ec957d698dd2cf8169d8d2fe49b5b8f59161 [3ms]
2025-06-07 21:10:33.793 [info] > git blame --root --incremental 47a1c72b03019a7514282e07a89b914946756c77 -- hydra-lang/src/hydrac/parse/lexer/token.rs [13ms]
2025-06-07 21:11:01.232 [info] > git config --get commit.template [21ms]
2025-06-07 21:11:01.235 [info] > git for-each-ref --format=%(refname)%00%(upstream:short)%00%(objectname)%00%(upstream:track)%00%(upstream:remotename)%00%(upstream:remoteref) refs/heads/rewrite refs/remotes/rewrite [5ms]
2025-06-07 21:11:01.278 [info] > git status -z -uall [23ms]
2025-06-07 21:11:01.280 [info] > git for-each-ref --sort -committerdate --format %(refname)%00%(objectname)%00%(*objectname) [5ms]
2025-06-07 21:11:29.686 [info] > git show --textconv :hydra-lang/src/hydrac/parse/lexer/lexer.rs [26ms]
2025-06-07 21:11:29.690 [info] > git ls-files --stage -- hydra-lang/src/hydrac/parse/lexer/lexer.rs [6ms]
2025-06-07 21:11:29.718 [info] > git cat-file -s 165e4b1f51b9d6228a7c7f4f9310ab248d030c8b [4ms]
2025-06-07 21:11:39.364 [info] > git config --get commit.template [23ms]
2025-06-07 21:11:39.367 [info] > git for-each-ref --format=%(refname)%00%(upstream:short)%00%(objectname)%00%(upstream:track)%00%(upstream:remotename)%00%(upstream:remoteref) refs/heads/rewrite refs/remotes/rewrite [5ms]
2025-06-07 21:11:39.408 [info] > git status -z -uall [21ms]
2025-06-07 21:11:39.411 [info] > git for-each-ref --sort -committerdate --format %(refname)%00%(objectname)%00%(*objectname) [5ms]
2025-06-07 21:12:12.705 [info] > git config --get commit.template [24ms]
2025-06-07 21:12:12.708 [info] > git for-each-ref --format=%(refname)%00%(upstream:short)%00%(objectname)%00%(upstream:track)%00%(upstream:remotename)%00%(upstream:remoteref) refs/heads/rewrite refs/remotes/rewrite [5ms]
2025-06-07 21:12:12.750 [info] > git status -z -uall [22ms]
2025-06-07 21:12:12.752 [info] > git for-each-ref --sort -committerdate --format %(refname)%00%(objectname)%00%(*objectname) [4ms]
2025-06-07 21:12:30.012 [info] > git config --get commit.template [24ms]
2025-06-07 21:12:30.014 [info] > git for-each-ref --format=%(refname)%00%(upstream:short)%00%(objectname)%00%(upstream:track)%00%(upstream:remotename)%00%(upstream:remoteref) refs/heads/rewrite refs/remotes/rewrite [3ms]
2025-06-07 21:12:30.048 [info] > git status -z -uall [17ms]
2025-06-07 21:12:30.051 [info] > git for-each-ref --sort -committerdate --format %(refname)%00%(objectname)%00%(*objectname) [4ms]
2025-06-07 21:12:36.812 [info] > git config --get commit.template [22ms]
2025-06-07 21:12:36.814 [info] > git for-each-ref --format=%(refname)%00%(upstream:short)%00%(objectname)%00%(upstream:track)%00%(upstream:remotename)%00%(upstream:remoteref) refs/heads/rewrite refs/remotes/rewrite [4ms]
2025-06-07 21:12:36.856 [info] > git status -z -uall [22ms]
2025-06-07 21:12:36.859 [info] > git for-each-ref --sort -committerdate --format %(refname)%00%(objectname)%00%(*objectname) [5ms]
2025-06-07 21:12:55.518 [info] > git config --get commit.template [21ms]
2025-06-07 21:12:55.521 [info] > git for-each-ref --format=%(refname)%00%(upstream:short)%00%(objectname)%00%(upstream:track)%00%(upstream:remotename)%00%(upstream:remoteref) refs/heads/rewrite refs/remotes/rewrite [5ms]
2025-06-07 21:12:55.563 [info] > git status -z -uall [22ms]
2025-06-07 21:12:55.567 [info] > git for-each-ref --sort -committerdate --format %(refname)%00%(objectname)%00%(*objectname) [5ms]
2025-06-07 21:14:28.956 [info] > git config --get commit.template [20ms]
2025-06-07 21:14:28.958 [info] > git for-each-ref --format=%(refname)%00%(upstream:short)%00%(objectname)%00%(upstream:track)%00%(upstream:remotename)%00%(upstream:remoteref) refs/heads/rewrite refs/remotes/rewrite [4ms]
2025-06-07 21:14:29.001 [info] > git status -z -uall [21ms]
2025-06-07 21:14:29.004 [info] > git for-each-ref --sort -committerdate --format %(refname)%00%(objectname)%00%(*objectname) [5ms]
2025-06-07 21:14:36.217 [info] > git config --get commit.template [21ms]
2025-06-07 21:14:36.218 [info] > git for-each-ref --format=%(refname)%00%(upstream:short)%00%(objectname)%00%(upstream:track)%00%(upstream:remotename)%00%(upstream:remoteref) refs/heads/rewrite refs/remotes/rewrite [3ms]
2025-06-07 21:14:36.261 [info] > git status -z -uall [23ms]
2025-06-07 21:14:36.267 [info] > git for-each-ref --sort -committerdate --format %(refname)%00%(objectname)%00%(*objectname) [7ms]
2025-06-07 21:14:41.318 [info] > git config --get commit.template [21ms]
2025-06-07 21:14:41.322 [info] > git for-each-ref --format=%(refname)%00%(upstream:short)%00%(objectname)%00%(upstream:track)%00%(upstream:remotename)%00%(upstream:remoteref) refs/heads/rewrite refs/remotes/rewrite [5ms]
2025-06-07 21:14:41.364 [info] > git status -z -uall [21ms]
2025-06-07 21:14:41.368 [info] > git for-each-ref --sort -committerdate --format %(refname)%00%(objectname)%00%(*objectname) [5ms]
2025-06-07 21:14:46.417 [info] > git config --get commit.template [23ms]
2025-06-07 21:14:46.419 [info] > git for-each-ref --format=%(refname)%00%(upstream:short)%00%(objectname)%00%(upstream:track)%00%(upstream:remotename)%00%(upstream:remoteref) refs/heads/rewrite refs/remotes/rewrite [4ms]
2025-06-07 21:14:46.461 [info] > git status -z -uall [18ms]
2025-06-07 21:14:46.464 [info] > git for-each-ref --sort -committerdate --format %(refname)%00%(objectname)%00%(*objectname) [4ms]
2025-06-07 21:14:51.513 [info] > git config --get commit.template [21ms]
2025-06-07 21:14:51.517 [info] > git for-each-ref --format=%(refname)%00%(upstream:short)%00%(objectname)%00%(upstream:track)%00%(upstream:remotename)%00%(upstream:remoteref) refs/heads/rewrite refs/remotes/rewrite [5ms]
2025-06-07 21:14:51.558 [info] > git status -z -uall [21ms]
2025-06-07 21:14:51.560 [info] > git for-each-ref --sort -committerdate --format %(refname)%00%(objectname)%00%(*objectname) [4ms]
2025-06-07 21:15:05.320 [info] > git config --get commit.template [22ms]
2025-06-07 21:15:05.322 [info] > git for-each-ref --format=%(refname)%00%(upstream:short)%00%(objectname)%00%(upstream:track)%00%(upstream:remotename)%00%(upstream:remoteref) refs/heads/rewrite refs/remotes/rewrite [4ms]
2025-06-07 21:15:05.375 [info] > git status -z -uall [32ms]
2025-06-07 21:15:05.381 [info] > git for-each-ref --sort -committerdate --format %(refname)%00%(objectname)%00%(*objectname) [11ms]
2025-06-07 21:15:10.433 [info] > git config --get commit.template [21ms]
2025-06-07 21:15:10.436 [info] > git for-each-ref --format=%(refname)%00%(upstream:short)%00%(objectname)%00%(upstream:track)%00%(upstream:remotename)%00%(upstream:remoteref) refs/heads/rewrite refs/remotes/rewrite [5ms]
2025-06-07 21:15:10.478 [info] > git status -z -uall [22ms]
2025-06-07 21:15:10.481 [info] > git for-each-ref --sort -committerdate --format %(refname)%00%(objectname)%00%(*objectname) [5ms]
2025-06-07 21:15:15.530 [info] > git config --get commit.template [23ms]
2025-06-07 21:15:15.532 [info] > git for-each-ref --format=%(refname)%00%(upstream:short)%00%(objectname)%00%(upstream:track)%00%(upstream:remotename)%00%(upstream:remoteref) refs/heads/rewrite refs/remotes/rewrite [3ms]
2025-06-07 21:15:15.574 [info] > git status -z -uall [21ms]
2025-06-07 21:15:15.576 [info] > git for-each-ref --sort -committerdate --format %(refname)%00%(objectname)%00%(*objectname) [4ms]
2025-06-07 21:15:20.625 [info] > git config --get commit.template [21ms]
2025-06-07 21:15:20.628 [info] > git for-each-ref --format=%(refname)%00%(upstream:short)%00%(objectname)%00%(upstream:track)%00%(upstream:remotename)%00%(upstream:remoteref) refs/heads/rewrite refs/remotes/rewrite [5ms]
2025-06-07 21:15:20.673 [info] > git status -z -uall [25ms]
2025-06-07 21:15:20.677 [info] > git for-each-ref --sort -committerdate --format %(refname)%00%(objectname)%00%(*objectname) [5ms]
2025-06-07 21:15:27.165 [info] > git config --get commit.template [22ms]
2025-06-07 21:15:27.168 [info] > git for-each-ref --format=%(refname)%00%(upstream:short)%00%(objectname)%00%(upstream:track)%00%(upstream:remotename)%00%(upstream:remoteref) refs/heads/rewrite refs/remotes/rewrite [4ms]
2025-06-07 21:15:27.211 [info] > git status -z -uall [23ms]
2025-06-07 21:15:27.215 [info] > git for-each-ref --sort -committerdate --format %(refname)%00%(objectname)%00%(*objectname) [6ms]
2025-06-07 21:15:32.265 [info] > git config --get commit.template [22ms]
2025-06-07 21:15:32.268 [info] > git for-each-ref --format=%(refname)%00%(upstream:short)%00%(objectname)%00%(upstream:track)%00%(upstream:remotename)%00%(upstream:remoteref) refs/heads/rewrite refs/remotes/rewrite [5ms]
2025-06-07 21:15:32.312 [info] > git status -z -uall [22ms]
2025-06-07 21:15:32.314 [info] > git for-each-ref --sort -committerdate --format %(refname)%00%(objectname)%00%(*objectname) [4ms]
2025-06-07 21:15:37.366 [info] > git config --get commit.template [21ms]
2025-06-07 21:15:37.368 [info] > git for-each-ref --format=%(refname)%00%(upstream:short)%00%(objectname)%00%(upstream:track)%00%(upstream:remotename)%00%(upstream:remoteref) refs/heads/rewrite refs/remotes/rewrite [4ms]
2025-06-07 21:15:37.409 [info] > git status -z -uall [21ms]
2025-06-07 21:15:37.411 [info] > git for-each-ref --sort -committerdate --format %(refname)%00%(objectname)%00%(*objectname) [4ms]
2025-06-07 21:15:42.459 [info] > git config --get commit.template [21ms]
2025-06-07 21:15:42.463 [info] > git for-each-ref --format=%(refname)%00%(upstream:short)%00%(objectname)%00%(upstream:track)%00%(upstream:remotename)%00%(upstream:remoteref) refs/heads/rewrite refs/remotes/rewrite [5ms]
2025-06-07 21:15:42.504 [info] > git status -z -uall [20ms]
2025-06-07 21:15:42.507 [info] > git for-each-ref --sort -committerdate --format %(refname)%00%(objectname)%00%(*objectname) [5ms]
2025-06-07 21:15:52.071 [info] > git config --get commit.template [22ms]
2025-06-07 21:15:52.074 [info] > git for-each-ref --format=%(refname)%00%(upstream:short)%00%(objectname)%00%(upstream:track)%00%(upstream:remotename)%00%(upstream:remoteref) refs/heads/rewrite refs/remotes/rewrite [4ms]
2025-06-07 21:15:52.118 [info] > git status -z -uall [24ms]
2025-06-07 21:15:52.120 [info] > git for-each-ref --sort -committerdate --format %(refname)%00%(objectname)%00%(*objectname) [5ms]
2025-06-07 21:15:57.170 [info] > git config --get commit.template [20ms]
2025-06-07 21:15:57.173 [info] > git for-each-ref --format=%(refname)%00%(upstream:short)%00%(objectname)%00%(upstream:track)%00%(upstream:remotename)%00%(upstream:remoteref) refs/heads/rewrite refs/remotes/rewrite [5ms]
2025-06-07 21:15:57.214 [info] > git status -z -uall [21ms]
2025-06-07 21:15:57.216 [info] > git for-each-ref --sort -committerdate --format %(refname)%00%(objectname)%00%(*objectname) [5ms]
2025-06-07 21:16:09.421 [info] > git config --get commit.template [22ms]
2025-06-07 21:16:09.424 [info] > git for-each-ref --format=%(refname)%00%(upstream:short)%00%(objectname)%00%(upstream:track)%00%(upstream:remotename)%00%(upstream:remoteref) refs/heads/rewrite refs/remotes/rewrite [5ms]
2025-06-07 21:16:09.466 [info] > git status -z -uall [21ms]
2025-06-07 21:16:09.471 [info] > git for-each-ref --sort -committerdate --format %(refname)%00%(objectname)%00%(*objectname) [6ms]
2025-06-07 21:16:18.382 [info] > git config --get commit.template [22ms]
2025-06-07 21:16:18.386 [info] > git for-each-ref --format=%(refname)%00%(upstream:short)%00%(objectname)%00%(upstream:track)%00%(upstream:remotename)%00%(upstream:remoteref) refs/heads/rewrite refs/remotes/rewrite [4ms]
2025-06-07 21:16:18.428 [info] > git status -z -uall [22ms]
2025-06-07 21:16:18.431 [info] > git for-each-ref --sort -committerdate --format %(refname)%00%(objectname)%00%(*objectname) [5ms]
2025-06-07 21:16:26.691 [info] > git show --textconv :hydra-lang/src/hydrac/parse/lexer/token.rs [25ms]
2025-06-07 21:16:26.694 [info] > git ls-files --stage -- hydra-lang/src/hydrac/parse/lexer/token.rs [6ms]
2025-06-07 21:16:26.744 [info] > git cat-file -s c728ec957d698dd2cf8169d8d2fe49b5b8f59161 [28ms]
2025-06-07 21:16:26.768 [info] > git config --get commit.template [25ms]
2025-06-07 21:16:26.770 [info] > git for-each-ref --format=%(refname)%00%(upstream:short)%00%(objectname)%00%(upstream:track)%00%(upstream:remotename)%00%(upstream:remoteref) refs/heads/rewrite refs/remotes/rewrite [5ms]
2025-06-07 21:16:26.812 [info] > git status -z -uall [24ms]
2025-06-07 21:16:26.815 [info] > git for-each-ref --sort -committerdate --format %(refname)%00%(objectname)%00%(*objectname) [6ms]
2025-06-07 21:16:31.865 [info] > git config --get commit.template [21ms]
2025-06-07 21:16:31.868 [info] > git for-each-ref --format=%(refname)%00%(upstream:short)%00%(objectname)%00%(upstream:track)%00%(upstream:remotename)%00%(upstream:remoteref) refs/heads/rewrite refs/remotes/rewrite [5ms]
2025-06-07 21:16:31.905 [info] > git status -z -uall [19ms]
2025-06-07 21:16:31.907 [info] > git for-each-ref --sort -committerdate --format %(refname)%00%(objectname)%00%(*objectname) [3ms]
2025-06-07 21:16:53.031 [info] > git config --get commit.template [26ms]
2025-06-07 21:16:53.033 [info] > git for-each-ref --format=%(refname)%00%(upstream:short)%00%(objectname)%00%(upstream:track)%00%(upstream:remotename)%00%(upstream:remoteref) refs/heads/rewrite refs/remotes/rewrite [7ms]
2025-06-07 21:16:53.067 [info] > git status -z -uall [17ms]
2025-06-07 21:16:53.069 [info] > git for-each-ref --sort -committerdate --format %(refname)%00%(objectname)%00%(*objectname) [5ms]
2025-06-07 21:18:30.447 [info] > git show --textconv :hydra-lang/src/main.rs [25ms]
2025-06-07 21:18:30.450 [info] > git ls-files --stage -- hydra-lang/src/main.rs [5ms]
2025-06-07 21:18:30.478 [info] > git cat-file -s 8384b6b02e663d8f34933c3e16439bca5c9770db [5ms]
2025-06-07 21:18:30.608 [info] > git blame --root --incremental 47a1c72b03019a7514282e07a89b914946756c77 -- hydra-lang/src/main.rs [8ms]
2025-06-07 21:22:29.809 [info] > git show --textconv :hydra-lang/Cargo.toml [25ms]
2025-06-07 21:22:29.812 [info] > git ls-files --stage -- hydra-lang/Cargo.toml [6ms]
2025-06-07 21:22:29.838 [info] > git cat-file -s d1efd3e35ea7d6f5d64aa21e9d3faea48b31733c [6ms]
2025-06-07 21:22:30.999 [info] > git blame --root --incremental 47a1c72b03019a7514282e07a89b914946756c77 -- hydra-lang/Cargo.toml [8ms]
2025-06-07 21:22:33.694 [info] > git config --get commit.template [20ms]
2025-06-07 21:22:33.696 [info] > git for-each-ref --format=%(refname)%00%(upstream:short)%00%(objectname)%00%(upstream:track)%00%(upstream:remotename)%00%(upstream:remoteref) refs/heads/rewrite refs/remotes/rewrite [4ms]
2025-06-07 21:22:33.736 [info] > git status -z -uall [21ms]
2025-06-07 21:22:33.740 [info] > git for-each-ref --sort -committerdate --format %(refname)%00%(objectname)%00%(*objectname) [5ms]
2025-06-07 21:22:38.792 [info] > git config --get commit.template [25ms]
2025-06-07 21:22:38.794 [info] > git for-each-ref --format=%(refname)%00%(upstream:short)%00%(objectname)%00%(upstream:track)%00%(upstream:remotename)%00%(upstream:remoteref) refs/heads/rewrite refs/remotes/rewrite [5ms]
2025-06-07 21:22:38.840 [info] > git status -z -uall [25ms]
2025-06-07 21:22:38.846 [info] > git for-each-ref --sort -committerdate --format %(refname)%00%(objectname)%00%(*objectname) [7ms]
2025-06-07 21:23:11.461 [info] > git config --get commit.template [20ms]
2025-06-07 21:23:11.464 [info] > git for-each-ref --format=%(refname)%00%(upstream:short)%00%(objectname)%00%(upstream:track)%00%(upstream:remotename)%00%(upstream:remoteref) refs/heads/rewrite refs/remotes/rewrite [5ms]
2025-06-07 21:23:11.526 [info] > git status -z -uall [43ms]
2025-06-07 21:23:11.526 [info] > git for-each-ref --sort -committerdate --format %(refname)%00%(objectname)%00%(*objectname) [24ms]
2025-06-07 21:23:11.531 [info] > git check-ignore -v -z --stdin [6ms]
2025-06-07 21:23:32.586 [info] > git config --get commit.template [23ms]
2025-06-07 21:23:32.590 [info] > git for-each-ref --format=%(refname)%00%(upstream:short)%00%(objectname)%00%(upstream:track)%00%(upstream:remotename)%00%(upstream:remoteref) refs/heads/rewrite refs/remotes/rewrite [5ms]
2025-06-07 21:23:32.629 [info] > git status -z -uall [20ms]
2025-06-07 21:23:32.631 [info] > git for-each-ref --sort -committerdate --format %(refname)%00%(objectname)%00%(*objectname) [3ms]
2025-06-07 21:23:47.819 [info] > git check-ignore -v -z --stdin [5ms]
2025-06-07 21:23:50.910 [info] > git config --get commit.template [22ms]
2025-06-07 21:23:50.914 [info] > git for-each-ref --format=%(refname)%00%(upstream:short)%00%(objectname)%00%(upstream:track)%00%(upstream:remotename)%00%(upstream:remoteref) refs/heads/rewrite refs/remotes/rewrite [5ms]
2025-06-07 21:23:50.955 [info] > git status -z -uall [21ms]
2025-06-07 21:23:50.957 [info] > git for-each-ref --sort -committerdate --format %(refname)%00%(objectname)%00%(*objectname) [4ms]
2025-06-07 21:24:22.211 [info] > git config --get commit.template [22ms]
2025-06-07 21:24:22.238 [info] > git for-each-ref --format=%(refname)%00%(upstream:short)%00%(objectname)%00%(upstream:track)%00%(upstream:remotename)%00%(upstream:remoteref) refs/heads/rewrite refs/remotes/rewrite [29ms]
2025-06-07 21:24:22.281 [info] > git check-ignore -v -z --stdin [44ms]
2025-06-07 21:24:22.283 [info] > git status -z -uall [25ms]
2025-06-07 21:24:22.285 [info] > git for-each-ref --sort -committerdate --format %(refname)%00%(objectname)%00%(*objectname) [6ms]
2025-06-07 21:24:27.332 [info] > git config --get commit.template [21ms]
2025-06-07 21:24:27.335 [info] > git for-each-ref --format=%(refname)%00%(upstream:short)%00%(objectname)%00%(upstream:track)%00%(upstream:remotename)%00%(upstream:remoteref) refs/heads/rewrite refs/remotes/rewrite [5ms]
2025-06-07 21:24:27.372 [info] > git status -z -uall [17ms]
2025-06-07 21:24:27.375 [info] > git for-each-ref --sort -committerdate --format %(refname)%00%(objectname)%00%(*objectname) [4ms]
2025-06-07 21:24:27.967 [info] > git check-ignore -v -z --stdin [5ms]
2025-06-07 21:24:33.022 [info] > git config --get commit.template [5ms]
2025-06-07 21:24:33.047 [info] > git for-each-ref --format=%(refname)%00%(upstream:short)%00%(objectname)%00%(upstream:track)%00%(upstream:remotename)%00%(upstream:remoteref) refs/heads/rewrite refs/remotes/rewrite [6ms]
2025-06-07 21:24:33.086 [info] > git status -z -uall [22ms]
2025-06-07 21:24:33.090 [info] > git for-each-ref --sort -committerdate --format %(refname)%00%(objectname)%00%(*objectname) [8ms]
2025-06-07 21:24:42.236 [info] > git config --get commit.template [21ms]
2025-06-07 21:24:42.240 [info] > git for-each-ref --format=%(refname)%00%(upstream:short)%00%(objectname)%00%(upstream:track)%00%(upstream:remotename)%00%(upstream:remoteref) refs/heads/rewrite refs/remotes/rewrite [5ms]
2025-06-07 21:24:42.279 [info] > git status -z -uall [20ms]
2025-06-07 21:24:42.282 [info] > git for-each-ref --sort -committerdate --format %(refname)%00%(objectname)%00%(*objectname) [4ms]
2025-06-07 21:25:36.112 [info] > git config --get commit.template [4ms]
2025-06-07 21:25:36.137 [info] > git for-each-ref --format=%(refname)%00%(upstream:short)%00%(objectname)%00%(upstream:track)%00%(upstream:remotename)%00%(upstream:remoteref) refs/heads/rewrite refs/remotes/rewrite [5ms]
2025-06-07 21:25:36.188 [info] > git status -z -uall [25ms]
2025-06-07 21:25:36.191 [info] > git for-each-ref --sort -committerdate --format %(refname)%00%(objectname)%00%(*objectname) [4ms]
2025-06-07 21:25:52.046 [info] > git config --get commit.template [23ms]
2025-06-07 21:25:52.050 [info] > git for-each-ref --format=%(refname)%00%(upstream:short)%00%(objectname)%00%(upstream:track)%00%(upstream:remotename)%00%(upstream:remoteref) refs/heads/rewrite refs/remotes/rewrite [5ms]
2025-06-07 21:25:52.092 [info] > git status -z -uall [20ms]
2025-06-07 21:25:52.094 [info] > git for-each-ref --sort -committerdate --format %(refname)%00%(objectname)%00%(*objectname) [4ms]
2025-06-07 21:25:57.142 [info] > git config --get commit.template [20ms]
2025-06-07 21:25:57.145 [info] > git for-each-ref --format=%(refname)%00%(upstream:short)%00%(objectname)%00%(upstream:track)%00%(upstream:remotename)%00%(upstream:remoteref) refs/heads/rewrite refs/remotes/rewrite [5ms]
2025-06-07 21:25:57.181 [info] > git status -z -uall [18ms]
2025-06-07 21:25:57.183 [info] > git for-each-ref --sort -committerdate --format %(refname)%00%(objectname)%00%(*objectname) [3ms]
2025-06-07 21:26:02.230 [info] > git config --get commit.template [22ms]
2025-06-07 21:26:02.233 [info] > git for-each-ref --format=%(refname)%00%(upstream:short)%00%(objectname)%00%(upstream:track)%00%(upstream:remotename)%00%(upstream:remoteref) refs/heads/rewrite refs/remotes/rewrite [5ms]
2025-06-07 21:26:02.273 [info] > git status -z -uall [21ms]
2025-06-07 21:26:02.277 [info] > git for-each-ref --sort -committerdate --format %(refname)%00%(objectname)%00%(*objectname) [5ms]
2025-06-07 21:26:07.325 [info] > git config --get commit.template [21ms]
2025-06-07 21:26:07.328 [info] > git for-each-ref --format=%(refname)%00%(upstream:short)%00%(objectname)%00%(upstream:track)%00%(upstream:remotename)%00%(upstream:remoteref) refs/heads/rewrite refs/remotes/rewrite [4ms]
2025-06-07 21:26:07.368 [info] > git status -z -uall [20ms]
2025-06-07 21:26:07.372 [info] > git for-each-ref --sort -committerdate --format %(refname)%00%(objectname)%00%(*objectname) [5ms]
2025-06-07 21:26:12.423 [info] > git config --get commit.template [20ms]
2025-06-07 21:26:12.426 [info] > git for-each-ref --format=%(refname)%00%(upstream:short)%00%(objectname)%00%(upstream:track)%00%(upstream:remotename)%00%(upstream:remoteref) refs/heads/rewrite refs/remotes/rewrite [5ms]
2025-06-07 21:26:12.466 [info] > git status -z -uall [21ms]
2025-06-07 21:26:12.469 [info] > git for-each-ref --sort -committerdate --format %(refname)%00%(objectname)%00%(*objectname) [4ms]
2025-06-07 21:26:16.281 [info] > git show --textconv :hydra-lang/src/hydrac/parse/lexer/lexer.rs [21ms]
2025-06-07 21:26:16.284 [info] > git ls-files --stage -- hydra-lang/src/hydrac/parse/lexer/lexer.rs [4ms]
2025-06-07 21:26:16.306 [info] > git cat-file -s 165e4b1f51b9d6228a7c7f4f9310ab248d030c8b [4ms]
2025-06-07 21:26:19.427 [info] > git show --textconv :hydra-lang/src/hydrac/parse/lexer/token.rs [21ms]
2025-06-07 21:26:19.429 [info] > git ls-files --stage -- hydra-lang/src/hydrac/parse/lexer/token.rs [4ms]
2025-06-07 21:26:19.456 [info] > git cat-file -s c728ec957d698dd2cf8169d8d2fe49b5b8f59161 [5ms]
2025-06-07 21:26:21.014 [info] > git show --textconv :hydra-lang/src/main.rs [23ms]
2025-06-07 21:26:21.017 [info] > git ls-files --stage -- hydra-lang/src/main.rs [5ms]
2025-06-07 21:26:21.039 [info] > git cat-file -s 8384b6b02e663d8f34933c3e16439bca5c9770db [3ms]
2025-06-07 21:26:34.335 [info] > git config --get commit.template [20ms]
2025-06-07 21:26:34.338 [info] > git for-each-ref --format=%(refname)%00%(upstream:short)%00%(objectname)%00%(upstream:track)%00%(upstream:remotename)%00%(upstream:remoteref) refs/heads/rewrite refs/remotes/rewrite [3ms]
2025-06-07 21:26:34.378 [info] > git status -z -uall [21ms]
2025-06-07 21:26:34.382 [info] > git for-each-ref --sort -committerdate --format %(refname)%00%(objectname)%00%(*objectname) [5ms]
2025-06-07 21:26:39.434 [info] > git config --get commit.template [23ms]
2025-06-07 21:26:39.436 [info] > git for-each-ref --format=%(refname)%00%(upstream:short)%00%(objectname)%00%(upstream:track)%00%(upstream:remotename)%00%(upstream:remoteref) refs/heads/rewrite refs/remotes/rewrite [4ms]
2025-06-07 21:26:39.475 [info] > git status -z -uall [19ms]
2025-06-07 21:26:39.478 [info] > git for-each-ref --sort -committerdate --format %(refname)%00%(objectname)%00%(*objectname) [5ms]
2025-06-07 21:26:46.662 [info] > git config --get commit.template [21ms]
2025-06-07 21:26:46.666 [info] > git for-each-ref --format=%(refname)%00%(upstream:short)%00%(objectname)%00%(upstream:track)%00%(upstream:remotename)%00%(upstream:remoteref) refs/heads/rewrite refs/remotes/rewrite [5ms]
2025-06-07 21:26:46.706 [info] > git status -z -uall [17ms]
2025-06-07 21:26:46.708 [info] > git for-each-ref --sort -committerdate --format %(refname)%00%(objectname)%00%(*objectname) [4ms]
2025-06-07 21:27:26.657 [info] > git config --get commit.template [23ms]
2025-06-07 21:27:26.662 [info] > git for-each-ref --format=%(refname)%00%(upstream:short)%00%(objectname)%00%(upstream:track)%00%(upstream:remotename)%00%(upstream:remoteref) refs/heads/rewrite refs/remotes/rewrite [6ms]
2025-06-07 21:27:26.705 [info] > git status -z -uall [21ms]
2025-06-07 21:27:26.709 [info] > git for-each-ref --sort -committerdate --format %(refname)%00%(objectname)%00%(*objectname) [6ms]
2025-06-07 21:27:32.638 [info] > git config --get commit.template [22ms]
2025-06-07 21:27:32.641 [info] > git for-each-ref --format=%(refname)%00%(upstream:short)%00%(objectname)%00%(upstream:track)%00%(upstream:remotename)%00%(upstream:remoteref) refs/heads/rewrite refs/remotes/rewrite [5ms]
2025-06-07 21:27:32.687 [info] > git status -z -uall [23ms]
2025-06-07 21:27:32.691 [info] > git for-each-ref --sort -committerdate --format %(refname)%00%(objectname)%00%(*objectname) [5ms]
2025-06-07 21:27:37.791 [info] > git config --get commit.template [42ms]
2025-06-07 21:27:37.795 [info] > git for-each-ref --format=%(refname)%00%(upstream:short)%00%(objectname)%00%(upstream:track)%00%(upstream:remotename)%00%(upstream:remoteref) refs/heads/rewrite refs/remotes/rewrite [10ms]
2025-06-07 21:27:37.854 [info] > git status -z -uall [31ms]
2025-06-07 21:27:37.860 [info] > git for-each-ref --sort -committerdate --format %(refname)%00%(objectname)%00%(*objectname) [8ms]
2025-06-07 21:27:46.011 [info] > git config --get commit.template [21ms]
2025-06-07 21:27:46.013 [info] > git for-each-ref --format=%(refname)%00%(upstream:short)%00%(objectname)%00%(upstream:track)%00%(upstream:remotename)%00%(upstream:remoteref) refs/heads/rewrite refs/remotes/rewrite [3ms]
2025-06-07 21:27:46.052 [info] > git status -z -uall [20ms]
2025-06-07 21:27:46.055 [info] > git for-each-ref --sort -committerdate --format %(refname)%00%(objectname)%00%(*objectname) [4ms]
2025-06-07 21:28:07.258 [info] > git config --get commit.template [19ms]
2025-06-07 21:28:07.261 [info] > git for-each-ref --format=%(refname)%00%(upstream:short)%00%(objectname)%00%(upstream:track)%00%(upstream:remotename)%00%(upstream:remoteref) refs/heads/rewrite refs/remotes/rewrite [4ms]
2025-06-07 21:28:07.302 [info] > git status -z -uall [18ms]
2025-06-07 21:28:07.305 [info] > git for-each-ref --sort -committerdate --format %(refname)%00%(objectname)%00%(*objectname) [4ms]
2025-06-07 21:28:07.725 [info] > git show --textconv :hydra-lang/benches/lexer_bench.rs [64ms]
2025-06-07 21:28:07.725 [info] > git show --textconv HEAD:hydra-lang/benches/lexer_bench.rs [42ms]
2025-06-07 21:28:07.725 [info] > git ls-files --stage -- hydra-lang/benches/lexer_bench.rs [23ms]
2025-06-07 21:28:07.769 [info] > git cat-file -s 3e3f7796b0bd1501652f396b16c9e938c5575de9 [25ms]
2025-06-07 21:28:07.770 [info] > git ls-tree -l HEAD -- hydra-lang/benches/lexer_bench.rs [47ms]
2025-06-07 21:28:07.792 [info] > git hash-object -t tree /dev/null [25ms]
2025-06-07 21:28:07.793 [warning] [GitFileSystemProvider][readFile] File not found - git:/home/alan-mitchell/Hydra/hydra-lang/benches/lexer_bench.rs.git?%7B%22path%22%3A%22%2Fhome%2Falan-mitchell%2FHydra%2Fhydra-lang%2Fbenches%2Flexer_bench.rs%22%2C%22ref%22%3A%22HEAD%22%7D
2025-06-07 21:28:07.797 [info] > git hash-object -t tree /dev/null [6ms]
2025-06-07 21:28:07.797 [warning] [GitFileSystemProvider][stat] File not found - git:/home/alan-mitchell/Hydra/hydra-lang/benches/lexer_bench.rs.git?%7B%22path%22%3A%22%2Fhome%2Falan-mitchell%2FHydra%2Fhydra-lang%2Fbenches%2Flexer_bench.rs%22%2C%22ref%22%3A%22HEAD%22%7D
2025-06-07 21:28:07.832 [info] > git blame --root --incremental 47a1c72b03019a7514282e07a89b914946756c77 -- hydra-lang/benches/lexer_bench.rs [8ms]
2025-06-07 21:28:07.832 [info] fatal: no such path hydra-lang/benches/lexer_bench.rs in 47a1c72b03019a7514282e07a89b914946756c77
2025-06-07 21:28:08.386 [info] > git ls-files --stage -- hydra-lang/benches/lexer_bench.rs [4ms]
2025-06-07 21:28:08.409 [info] > git cat-file -s 3e3f7796b0bd1501652f396b16c9e938c5575de9 [4ms]
2025-06-07 21:28:08.436 [info] > git show --textconv :hydra-lang/benches/lexer_bench.rs [5ms]
2025-06-07 21:28:18.376 [info] > git config --get commit.template [23ms]
2025-06-07 21:28:18.378 [info] > git for-each-ref --format=%(refname)%00%(upstream:short)%00%(objectname)%00%(upstream:track)%00%(upstream:remotename)%00%(upstream:remoteref) refs/heads/rewrite refs/remotes/rewrite [5ms]
2025-06-07 21:28:18.413 [info] > git status -z -uall [18ms]
2025-06-07 21:28:18.416 [info] > git for-each-ref --sort -committerdate --format %(refname)%00%(objectname)%00%(*objectname) [4ms]
2025-06-07 21:28:18.471 [info] > git merge-base refs/heads/rewrite refs/remotes/origin/rewrite [7ms]
2025-06-07 21:28:18.497 [info] > git blame --root --incremental 0497d11a5044d32c3c2db733a9487bbadbc92c9a -- hydra-lang/benches/lexer_bench.rs [59ms]
2025-06-07 21:28:18.502 [info] > git diff --name-status -z --diff-filter=ADMR 47a1c72b03019a7514282e07a89b914946756c77...refs/remotes/origin/rewrite [4ms]
2025-06-07 21:28:19.537 [info] > git ls-files --stage -- hydra-lang/benches/lexer_bench.rs [3ms]
2025-06-07 21:28:19.556 [info] > git cat-file -s 3e3f7796b0bd1501652f396b16c9e938c5575de9 [3ms]
2025-06-07 21:28:19.580 [info] > git show --textconv :hydra-lang/benches/lexer_bench.rs [4ms]
2025-06-07 21:36:58.317 [info] > git config --get commit.template [6ms]
2025-06-07 21:36:58.337 [info] > git for-each-ref --format=%(refname)%00%(upstream:short)%00%(objectname)%00%(upstream:track)%00%(upstream:remotename)%00%(upstream:remoteref) refs/heads/rewrite refs/remotes/rewrite [3ms]
2025-06-07 21:36:58.371 [info] > git status -z -uall [19ms]
2025-06-07 21:36:58.375 [info] > git for-each-ref --sort -committerdate --format %(refname)%00%(objectname)%00%(*objectname) [5ms]
2025-06-07 21:36:58.407 [info] > git merge-base refs/heads/rewrite refs/remotes/origin/rewrite [6ms]
2025-06-07 21:36:58.427 [info] > git diff --name-status -z --diff-filter=ADMR 0497d11a5044d32c3c2db733a9487bbadbc92c9a...refs/remotes/origin/rewrite [4ms]
2025-06-07 21:36:59.462 [info] > git ls-files --stage -- hydra-lang/benches/lexer_bench.rs [3ms]
2025-06-07 21:36:59.485 [info] > git cat-file -s 3e3f7796b0bd1501652f396b16c9e938c5575de9 [4ms]
2025-06-07 21:36:59.512 [info] > git show --textconv :hydra-lang/benches/lexer_bench.rs [5ms]
