2025-06-08 09:24:02.571 [info] Reading sessions from keychain...
2025-06-08 09:24:02.571 [info] Getting sessions for all scopes...
2025-06-08 09:24:02.571 [info] Getting sessions for all scopes...
2025-06-08 09:24:02.571 [info] Got stored sessions!
2025-06-08 09:24:02.571 [info] Got 1 verified sessions.
2025-06-08 09:24:02.571 [info] Got 1 sessions for ...
2025-06-08 09:24:02.571 [info] Got 1 sessions for ...
2025-06-08 09:24:02.571 [info] Getting sessions for all scopes...
2025-06-08 09:24:02.571 [info] Got 1 sessions for ...
2025-06-08 09:24:02.571 [info] Getting sessions for all scopes...
2025-06-08 09:24:02.571 [info] Got 1 sessions for ...
2025-06-08 09:24:02.571 [info] Getting sessions for all scopes...
2025-06-08 09:24:02.571 [info] Got 1 sessions for ...
2025-06-08 09:24:02.571 [info] Getting sessions for all scopes...
2025-06-08 09:24:02.571 [info] Got 1 sessions for ...
2025-06-08 09:24:02.571 [info] Getting sessions for all scopes...
2025-06-08 09:24:02.571 [info] Got 1 sessions for ...
2025-06-08 09:24:02.605 [info] Getting sessions for all scopes...
2025-06-08 09:24:02.605 [info] Got 1 sessions for ...
2025-06-08 09:24:02.606 [info] Getting sessions for all scopes...
2025-06-08 09:24:02.606 [info] Got 1 sessions for ...
2025-06-08 09:24:02.606 [info] Getting sessions for all scopes...
2025-06-08 09:24:02.607 [info] Got 1 sessions for ...
2025-06-08 09:24:02.607 [info] Getting sessions for all scopes...
2025-06-08 09:24:02.607 [info] Got 1 sessions for ...
2025-06-08 09:24:02.608 [info] Getting sessions for all scopes...
2025-06-08 09:24:02.608 [info] Got 1 sessions for ...
2025-06-08 09:24:02.608 [info] Getting sessions for all scopes...
2025-06-08 09:24:02.608 [info] Got 1 sessions for ...
2025-06-08 09:24:03.369 [info] Getting sessions for all scopes...
2025-06-08 09:24:03.369 [info] Got 1 sessions for ...
2025-06-08 09:24:04.163 [info] Getting sessions for read:user,repo,user:email,workflow...
2025-06-08 09:24:04.164 [info] Got 1 sessions for read:user,repo,user:email,workflow...
2025-06-08 09:24:05.155 [info] Getting sessions for all scopes...
2025-06-08 09:24:05.155 [info] Got 1 sessions for ...
2025-06-08 09:24:05.567 [info] Getting sessions for read:user,repo,user:email,workflow...
2025-06-08 09:24:05.568 [info] Got 1 sessions for read:user,repo,user:email,workflow...
2025-06-08 09:24:05.944 [info] Getting sessions for all scopes...
2025-06-08 09:24:05.944 [info] Got 1 sessions for ...
