2025-06-08 09:24:03.425 [info] [main] Log level: Info
2025-06-08 09:24:03.425 [info] [main] Validating found git in: "git"
2025-06-08 09:24:03.425 [info] [main] Using git "2.43.0" from "git"
2025-06-08 09:24:03.425 [info] [Model][doInitialScan] Initial repository scan started
2025-06-08 09:24:03.425 [info] > git rev-parse --show-toplevel [12ms]
2025-06-08 09:24:03.425 [info] > git rev-parse --git-dir --git-common-dir [255ms]
2025-06-08 09:24:03.426 [info] [Model][openRepository] Opened repository (path): /home/alan-mitchell/Hydra
2025-06-08 09:24:03.426 [info] [Model][openRepository] Opened repository (real path): /home/alan-mitchell/Hydra
2025-06-08 09:24:03.470 [info] > git rev-parse --show-toplevel [9ms]
2025-06-08 09:24:03.479 [info] [Model][doInitialScan] Initial repository scan completed - repositories (1), closed repositories (0), parent repositories (0), unsafe repositories (0)
2025-06-08 09:24:03.480 [info] > git config --get commit.template [36ms]
2025-06-08 09:24:03.519 [info] > git for-each-ref --format=%(refname)%00%(upstream:short)%00%(objectname)%00%(upstream:track)%00%(upstream:remotename)%00%(upstream:remoteref) refs/heads/rewrite refs/remotes/rewrite [14ms]
2025-06-08 09:24:03.556 [info] > git status -z -uall [20ms]
2025-06-08 09:24:03.563 [info] > git for-each-ref --sort -committerdate --format %(refname)%00%(objectname)%00%(*objectname) [9ms]
2025-06-08 09:24:03.633 [info] > git for-each-ref --format=%(refname)%00%(upstream:short)%00%(objectname)%00%(upstream:track)%00%(upstream:remotename)%00%(upstream:remoteref) refs/heads/rewrite refs/remotes/rewrite [25ms]
2025-06-08 09:24:04.010 [info] > git config --get --local branch.rewrite.vscode-merge-base [360ms]
2025-06-08 09:24:04.030 [info] > git config --get commit.template [397ms]
2025-06-08 09:24:04.138 [info] > git for-each-ref --format=%(refname)%00%(upstream:short)%00%(objectname)%00%(upstream:track)%00%(upstream:remotename)%00%(upstream:remoteref) refs/heads/origin/master refs/remotes/origin/master [110ms]
2025-06-08 09:24:04.265 [info] > git show --textconv :syntax_rules.txt [79ms]
2025-06-08 09:24:04.265 [info] > git ls-files --stage -- syntax_rules.txt [53ms]
2025-06-08 09:24:04.296 [info] > git merge-base refs/heads/rewrite refs/remotes/origin/rewrite [138ms]
2025-06-08 09:24:04.351 [info] > git diff --name-status -z --diff-filter=ADMR bc48938b9af43fd2b714339a625a6533267f33dc...refs/remotes/origin/rewrite [24ms]
2025-06-08 09:24:04.353 [info] > git cat-file -s a90f16af24ece1b2d02f765cc5ce5116365e960a [69ms]
2025-06-08 09:24:04.355 [info] > git for-each-ref --format=%(refname)%00%(upstream:short)%00%(objectname)%00%(upstream:track)%00%(upstream:remotename)%00%(upstream:remoteref) refs/heads/rewrite refs/remotes/rewrite [93ms]
2025-06-08 09:24:04.622 [info] > git check-ignore -v -z --stdin [62ms]
2025-06-08 09:24:04.625 [info] > git status -z -uall [28ms]
2025-06-08 09:24:04.648 [info] > git for-each-ref --sort -committerdate --format %(refname)%00%(objectname)%00%(*objectname) [28ms]
2025-06-08 09:24:04.724 [info] > git blame --root --incremental bc48938b9af43fd2b714339a625a6533267f33dc -- syntax_rules.txt [16ms]
2025-06-08 09:24:29.190 [info] > git show --textconv :hydra-lang/src/hydrac/parse/lexer/lexer.rs [34ms]
2025-06-08 09:24:29.195 [info] > git ls-files --stage -- hydra-lang/src/hydrac/parse/lexer/lexer.rs [6ms]
2025-06-08 09:24:29.218 [info] > git cat-file -s c0b2b61e29632ae560903247fa0884592cefa5cd [4ms]
2025-06-08 09:24:29.457 [info] > git blame --root --incremental bc48938b9af43fd2b714339a625a6533267f33dc -- hydra-lang/src/hydrac/parse/lexer/lexer.rs [17ms]
2025-06-08 09:24:45.564 [info] > git show --textconv :hydra-lang/tests/lex_benchmark.hydra [26ms]
2025-06-08 09:24:45.566 [info] > git ls-files --stage -- hydra-lang/tests/lex_benchmark.hydra [4ms]
2025-06-08 09:24:45.598 [info] > git cat-file -s b96cdcfb997d53cd2590925a2f7e8704004ad903 [7ms]
2025-06-08 09:24:45.654 [info] > git blame --root --incremental bc48938b9af43fd2b714339a625a6533267f33dc -- hydra-lang/tests/lex_benchmark.hydra [6ms]
2025-06-08 09:24:45.705 [info] > git config --get commit.template [19ms]
2025-06-08 09:24:45.707 [info] > git for-each-ref --format=%(refname)%00%(upstream:short)%00%(objectname)%00%(upstream:track)%00%(upstream:remotename)%00%(upstream:remoteref) refs/heads/rewrite refs/remotes/rewrite [3ms]
2025-06-08 09:24:45.741 [info] > git status -z -uall [18ms]
2025-06-08 09:24:45.744 [info] > git for-each-ref --sort -committerdate --format %(refname)%00%(objectname)%00%(*objectname) [3ms]
2025-06-08 09:24:47.781 [info] > git show --textconv :hydra-lang/src/hydrac/parse/lexer/lexer.rs [18ms]
2025-06-08 09:24:47.783 [info] > git ls-files --stage -- hydra-lang/src/hydrac/parse/lexer/lexer.rs [4ms]
2025-06-08 09:24:47.805 [info] > git cat-file -s c0b2b61e29632ae560903247fa0884592cefa5cd [3ms]
2025-06-08 09:24:48.521 [info] > git show --textconv :hydra-lang/tests/test.hydra [20ms]
2025-06-08 09:24:48.524 [info] > git ls-files --stage -- hydra-lang/tests/test.hydra [4ms]
2025-06-08 09:24:48.546 [info] > git cat-file -s f1b8167349c185638f0ef8a302c34de7593a5776 [4ms]
2025-06-08 09:24:48.587 [info] > git blame --root --incremental bc48938b9af43fd2b714339a625a6533267f33dc -- hydra-lang/tests/test.hydra [9ms]
2025-06-08 09:24:50.238 [info] > git show --textconv :hydra-lang/src/hydrac/parse/lexer/lexer.rs [23ms]
2025-06-08 09:24:50.240 [info] > git ls-files --stage -- hydra-lang/src/hydrac/parse/lexer/lexer.rs [6ms]
2025-06-08 09:24:50.259 [info] > git cat-file -s c0b2b61e29632ae560903247fa0884592cefa5cd [4ms]
2025-06-08 09:24:50.963 [info] > git show --textconv :syntax_rules.txt [28ms]
2025-06-08 09:24:50.966 [info] > git ls-files --stage -- syntax_rules.txt [5ms]
2025-06-08 09:24:50.990 [info] > git cat-file -s a90f16af24ece1b2d02f765cc5ce5116365e960a [3ms]
2025-06-08 09:24:53.284 [info] > git show --textconv :hydra-lang/src/hydrac/parse/lexer/lexer.rs [22ms]
2025-06-08 09:24:53.288 [info] > git ls-files --stage -- hydra-lang/src/hydrac/parse/lexer/lexer.rs [5ms]
2025-06-08 09:24:53.312 [info] > git cat-file -s c0b2b61e29632ae560903247fa0884592cefa5cd [3ms]
2025-06-08 09:25:01.100 [info] > git show --textconv :hydra-lang/tests/test.tokens [22ms]
2025-06-08 09:25:01.103 [info] > git ls-files --stage -- hydra-lang/tests/test.tokens [3ms]
2025-06-08 09:25:01.122 [info] > git cat-file -s 35c4259df6395acdb0fdcdfccaca175ab3001f1a [3ms]
2025-06-08 09:25:01.217 [info] > git blame --root --incremental bc48938b9af43fd2b714339a625a6533267f33dc -- hydra-lang/tests/test.tokens [6ms]
2025-06-08 09:25:18.876 [info] > git show --textconv :hydra-lang/src/hydrac/parse/lexer/lexer.rs [25ms]
2025-06-08 09:25:18.879 [info] > git ls-files --stage -- hydra-lang/src/hydrac/parse/lexer/lexer.rs [5ms]
2025-06-08 09:25:18.907 [info] > git cat-file -s c0b2b61e29632ae560903247fa0884592cefa5cd [5ms]
2025-06-08 09:25:24.331 [info] > git show --textconv :hydra-lang/src/hydrac/parse/lexer/token.rs [22ms]
2025-06-08 09:25:24.336 [info] > git ls-files --stage -- hydra-lang/src/hydrac/parse/lexer/token.rs [6ms]
2025-06-08 09:25:24.359 [info] > git cat-file -s ad7e5757cdaab6db4f410b8d1f459d98cbcaaec8 [5ms]
2025-06-08 09:25:24.432 [info] > git blame --root --incremental bc48938b9af43fd2b714339a625a6533267f33dc -- hydra-lang/src/hydrac/parse/lexer/token.rs [10ms]
2025-06-08 09:25:33.051 [info] > git show --textconv :hydra-lang/src/hydrac/parse/lexer/lexer.rs [23ms]
2025-06-08 09:25:33.054 [info] > git ls-files --stage -- hydra-lang/src/hydrac/parse/lexer/lexer.rs [5ms]
2025-06-08 09:25:33.077 [info] > git cat-file -s c0b2b61e29632ae560903247fa0884592cefa5cd [4ms]
2025-06-08 09:26:15.279 [info] > git show --textconv :hydra-lang/src/hydrac/parse/lexer/token.rs [23ms]
2025-06-08 09:26:15.281 [info] > git ls-files --stage -- hydra-lang/src/hydrac/parse/lexer/token.rs [4ms]
2025-06-08 09:26:15.306 [info] > git cat-file -s ad7e5757cdaab6db4f410b8d1f459d98cbcaaec8 [5ms]
2025-06-08 09:26:16.652 [info] > git show --textconv :hydra-lang/src/hydrac/parse/lexer/lexer.rs [27ms]
2025-06-08 09:26:16.656 [info] > git ls-files --stage -- hydra-lang/src/hydrac/parse/lexer/lexer.rs [5ms]
2025-06-08 09:26:16.683 [info] > git cat-file -s c0b2b61e29632ae560903247fa0884592cefa5cd [5ms]
2025-06-08 09:26:30.304 [info] > git show --textconv :hydra-lang/src/hydrac/parse/lexer/token.rs [22ms]
2025-06-08 09:26:30.307 [info] > git ls-files --stage -- hydra-lang/src/hydrac/parse/lexer/token.rs [5ms]
2025-06-08 09:26:30.329 [info] > git cat-file -s ad7e5757cdaab6db4f410b8d1f459d98cbcaaec8 [3ms]
2025-06-08 09:26:31.592 [info] > git show --textconv :hydra-lang/src/hydrac/parse/lexer/lexer.rs [21ms]
2025-06-08 09:26:31.595 [info] > git ls-files --stage -- hydra-lang/src/hydrac/parse/lexer/lexer.rs [5ms]
2025-06-08 09:26:31.618 [info] > git cat-file -s c0b2b61e29632ae560903247fa0884592cefa5cd [3ms]
2025-06-08 09:26:54.877 [info] > git show --textconv :hydra-lang/src/hydrac/parse/lexer/token.rs [22ms]
2025-06-08 09:26:54.880 [info] > git ls-files --stage -- hydra-lang/src/hydrac/parse/lexer/token.rs [5ms]
2025-06-08 09:26:54.902 [info] > git cat-file -s ad7e5757cdaab6db4f410b8d1f459d98cbcaaec8 [4ms]
2025-06-08 09:26:56.481 [info] > git show --textconv :hydra-lang/src/hydrac/parse/lexer/lexer.rs [24ms]
2025-06-08 09:26:56.484 [info] > git ls-files --stage -- hydra-lang/src/hydrac/parse/lexer/lexer.rs [4ms]
2025-06-08 09:26:56.511 [info] > git cat-file -s c0b2b61e29632ae560903247fa0884592cefa5cd [4ms]
2025-06-08 09:27:04.862 [info] > git show --textconv :hydra-lang/src/hydrac/parse/lexer/token.rs [24ms]
2025-06-08 09:27:04.865 [info] > git ls-files --stage -- hydra-lang/src/hydrac/parse/lexer/token.rs [5ms]
2025-06-08 09:27:04.889 [info] > git cat-file -s ad7e5757cdaab6db4f410b8d1f459d98cbcaaec8 [4ms]
2025-06-08 09:27:06.493 [info] > git show --textconv :hydra-lang/src/hydrac/parse/lexer/lexer.rs [24ms]
2025-06-08 09:27:06.495 [info] > git ls-files --stage -- hydra-lang/src/hydrac/parse/lexer/lexer.rs [4ms]
2025-06-08 09:27:06.520 [info] > git cat-file -s c0b2b61e29632ae560903247fa0884592cefa5cd [5ms]
2025-06-08 09:27:20.229 [info] > git show --textconv :hydra-lang/src/hydrac/parse/lexer/token.rs [22ms]
2025-06-08 09:27:20.231 [info] > git ls-files --stage -- hydra-lang/src/hydrac/parse/lexer/token.rs [4ms]
2025-06-08 09:27:20.255 [info] > git cat-file -s ad7e5757cdaab6db4f410b8d1f459d98cbcaaec8 [5ms]
2025-06-08 09:27:22.054 [info] > git show --textconv :hydra-lang/src/hydrac/parse/lexer/lexer.rs [19ms]
2025-06-08 09:27:22.056 [info] > git ls-files --stage -- hydra-lang/src/hydrac/parse/lexer/lexer.rs [3ms]
2025-06-08 09:27:22.077 [info] > git cat-file -s c0b2b61e29632ae560903247fa0884592cefa5cd [4ms]
2025-06-08 09:27:27.360 [info] > git show --textconv :hydra-lang/src/hydrac/parse/lexer/token.rs [23ms]
2025-06-08 09:27:27.363 [info] > git ls-files --stage -- hydra-lang/src/hydrac/parse/lexer/token.rs [4ms]
2025-06-08 09:27:27.388 [info] > git cat-file -s ad7e5757cdaab6db4f410b8d1f459d98cbcaaec8 [5ms]
2025-06-08 09:27:57.772 [info] > git config --get commit.template [22ms]
2025-06-08 09:27:57.776 [info] > git for-each-ref --format=%(refname)%00%(upstream:short)%00%(objectname)%00%(upstream:track)%00%(upstream:remotename)%00%(upstream:remoteref) refs/heads/rewrite refs/remotes/rewrite [5ms]
2025-06-08 09:27:57.816 [info] > git status -z -uall [21ms]
2025-06-08 09:27:57.819 [info] > git for-each-ref --sort -committerdate --format %(refname)%00%(objectname)%00%(*objectname) [5ms]
2025-06-08 09:27:59.477 [info] > git show --textconv :hydra-lang/src/hydrac/parse/lexer/lexer.rs [23ms]
2025-06-08 09:27:59.481 [info] > git ls-files --stage -- hydra-lang/src/hydrac/parse/lexer/lexer.rs [6ms]
2025-06-08 09:27:59.510 [info] > git cat-file -s c0b2b61e29632ae560903247fa0884592cefa5cd [5ms]
2025-06-08 09:28:01.331 [info] > git show --textconv :hydra-lang/src/hydrac/parse/lexer/token.rs [22ms]
2025-06-08 09:28:01.334 [info] > git ls-files --stage -- hydra-lang/src/hydrac/parse/lexer/token.rs [5ms]
2025-06-08 09:28:01.358 [info] > git cat-file -s ad7e5757cdaab6db4f410b8d1f459d98cbcaaec8 [4ms]
2025-06-08 09:28:05.963 [info] > git config --get commit.template [26ms]
2025-06-08 09:28:05.965 [info] > git for-each-ref --format=%(refname)%00%(upstream:short)%00%(objectname)%00%(upstream:track)%00%(upstream:remotename)%00%(upstream:remoteref) refs/heads/rewrite refs/remotes/rewrite [4ms]
2025-06-08 09:28:06.010 [info] > git status -z -uall [25ms]
2025-06-08 09:28:06.013 [info] > git for-each-ref --sort -committerdate --format %(refname)%00%(objectname)%00%(*objectname) [4ms]
2025-06-08 09:28:06.608 [info] > git show --textconv :hydra-lang/src/hydrac/parse/lexer/lexer.rs [28ms]
2025-06-08 09:28:06.612 [info] > git ls-files --stage -- hydra-lang/src/hydrac/parse/lexer/lexer.rs [5ms]
2025-06-08 09:28:06.634 [info] > git cat-file -s c0b2b61e29632ae560903247fa0884592cefa5cd [4ms]
2025-06-08 09:28:15.714 [info] > git show --textconv :hydra-lang/src/hydrac/parse/lexer/token.rs [22ms]
2025-06-08 09:28:15.716 [info] > git ls-files --stage -- hydra-lang/src/hydrac/parse/lexer/token.rs [4ms]
2025-06-08 09:28:15.740 [info] > git cat-file -s ad7e5757cdaab6db4f410b8d1f459d98cbcaaec8 [4ms]
2025-06-08 09:28:18.056 [info] > git show --textconv :hydra-lang/src/hydrac/parse/lexer/lexer.rs [22ms]
2025-06-08 09:28:18.058 [info] > git ls-files --stage -- hydra-lang/src/hydrac/parse/lexer/lexer.rs [4ms]
2025-06-08 09:28:18.081 [info] > git cat-file -s c0b2b61e29632ae560903247fa0884592cefa5cd [3ms]
2025-06-08 09:28:31.375 [info] > git show --textconv :hydra-lang/src/hydrac/parse/lexer/token.rs [21ms]
2025-06-08 09:28:31.378 [info] > git ls-files --stage -- hydra-lang/src/hydrac/parse/lexer/token.rs [4ms]
2025-06-08 09:28:31.406 [info] > git cat-file -s ad7e5757cdaab6db4f410b8d1f459d98cbcaaec8 [5ms]
2025-06-08 09:28:32.996 [info] > git show --textconv :hydra-lang/src/hydrac/parse/lexer/lexer.rs [24ms]
2025-06-08 09:28:32.999 [info] > git ls-files --stage -- hydra-lang/src/hydrac/parse/lexer/lexer.rs [5ms]
2025-06-08 09:28:33.026 [info] > git cat-file -s c0b2b61e29632ae560903247fa0884592cefa5cd [5ms]
2025-06-08 09:28:50.850 [info] > git show --textconv :hydra-lang/src/hydrac/parse/lexer/token.rs [26ms]
2025-06-08 09:28:50.854 [info] > git ls-files --stage -- hydra-lang/src/hydrac/parse/lexer/token.rs [5ms]
2025-06-08 09:28:50.879 [info] > git cat-file -s ad7e5757cdaab6db4f410b8d1f459d98cbcaaec8 [4ms]
2025-06-08 09:28:52.368 [info] > git show --textconv :hydra-lang/src/hydrac/parse/lexer/lexer.rs [25ms]
2025-06-08 09:28:52.370 [info] > git ls-files --stage -- hydra-lang/src/hydrac/parse/lexer/lexer.rs [5ms]
2025-06-08 09:28:52.399 [info] > git cat-file -s c0b2b61e29632ae560903247fa0884592cefa5cd [5ms]
2025-06-08 09:29:03.115 [info] > git show --textconv :hydra-lang/src/hydrac/parse/lexer/token.rs [23ms]
2025-06-08 09:29:03.118 [info] > git ls-files --stage -- hydra-lang/src/hydrac/parse/lexer/token.rs [5ms]
2025-06-08 09:29:03.144 [info] > git cat-file -s ad7e5757cdaab6db4f410b8d1f459d98cbcaaec8 [6ms]
2025-06-08 09:29:06.165 [info] > git show --textconv :hydra-lang/src/hydrac/parse/lexer/lexer.rs [25ms]
2025-06-08 09:29:06.168 [info] > git ls-files --stage -- hydra-lang/src/hydrac/parse/lexer/lexer.rs [4ms]
2025-06-08 09:29:06.195 [info] > git cat-file -s c0b2b61e29632ae560903247fa0884592cefa5cd [4ms]
2025-06-08 09:29:12.716 [info] > git config --get commit.template [22ms]
2025-06-08 09:29:12.719 [info] > git for-each-ref --format=%(refname)%00%(upstream:short)%00%(objectname)%00%(upstream:track)%00%(upstream:remotename)%00%(upstream:remoteref) refs/heads/rewrite refs/remotes/rewrite [5ms]
2025-06-08 09:29:12.769 [info] > git status -z -uall [27ms]
2025-06-08 09:29:12.773 [info] > git for-each-ref --sort -committerdate --format %(refname)%00%(objectname)%00%(*objectname) [9ms]
2025-06-08 09:29:27.251 [info] > git config --get commit.template [21ms]
2025-06-08 09:29:27.254 [info] > git for-each-ref --format=%(refname)%00%(upstream:short)%00%(objectname)%00%(upstream:track)%00%(upstream:remotename)%00%(upstream:remoteref) refs/heads/rewrite refs/remotes/rewrite [5ms]
2025-06-08 09:29:27.295 [info] > git status -z -uall [21ms]
2025-06-08 09:29:27.299 [info] > git for-each-ref --sort -committerdate --format %(refname)%00%(objectname)%00%(*objectname) [6ms]
2025-06-08 09:29:29.516 [info] > git show --textconv :hydra-lang/src/hydrac/parse/lexer/token.rs [29ms]
2025-06-08 09:29:29.519 [info] > git ls-files --stage -- hydra-lang/src/hydrac/parse/lexer/token.rs [5ms]
2025-06-08 09:29:29.543 [info] > git cat-file -s ad7e5757cdaab6db4f410b8d1f459d98cbcaaec8 [5ms]
2025-06-08 09:29:40.943 [info] > git show --textconv :hydra-lang/src/hydrac/parse/lexer/lexer.rs [25ms]
2025-06-08 09:29:40.945 [info] > git ls-files --stage -- hydra-lang/src/hydrac/parse/lexer/lexer.rs [4ms]
2025-06-08 09:29:40.972 [info] > git cat-file -s c0b2b61e29632ae560903247fa0884592cefa5cd [5ms]
2025-06-08 09:30:30.511 [info] > git show --textconv :hydra-lang/src/hydrac/parse/lexer/token.rs [19ms]
2025-06-08 09:30:30.513 [info] > git ls-files --stage -- hydra-lang/src/hydrac/parse/lexer/token.rs [3ms]
2025-06-08 09:30:30.532 [info] > git cat-file -s ad7e5757cdaab6db4f410b8d1f459d98cbcaaec8 [5ms]
2025-06-08 09:30:44.425 [info] > git show --textconv :hydra-lang/src/hydrac/parse/lexer/lexer.rs [26ms]
2025-06-08 09:30:44.428 [info] > git ls-files --stage -- hydra-lang/src/hydrac/parse/lexer/lexer.rs [4ms]
2025-06-08 09:30:44.453 [info] > git cat-file -s c0b2b61e29632ae560903247fa0884592cefa5cd [6ms]
2025-06-08 09:37:35.082 [info] > git config --get commit.template [25ms]
2025-06-08 09:37:35.084 [info] > git for-each-ref --format=%(refname)%00%(upstream:short)%00%(objectname)%00%(upstream:track)%00%(upstream:remotename)%00%(upstream:remoteref) refs/heads/rewrite refs/remotes/rewrite [4ms]
2025-06-08 09:37:35.127 [info] > git status -z -uall [23ms]
2025-06-08 09:37:35.131 [info] > git for-each-ref --sort -committerdate --format %(refname)%00%(objectname)%00%(*objectname) [6ms]
2025-06-08 09:37:40.562 [info] > git config --get commit.template [21ms]
2025-06-08 09:37:40.564 [info] > git for-each-ref --format=%(refname)%00%(upstream:short)%00%(objectname)%00%(upstream:track)%00%(upstream:remotename)%00%(upstream:remoteref) refs/heads/rewrite refs/remotes/rewrite [4ms]
2025-06-08 09:37:40.611 [info] > git status -z -uall [22ms]
2025-06-08 09:37:40.614 [info] > git for-each-ref --sort -committerdate --format %(refname)%00%(objectname)%00%(*objectname) [4ms]
2025-06-08 09:37:50.292 [info] > git config --get commit.template [22ms]
2025-06-08 09:37:50.296 [info] > git for-each-ref --format=%(refname)%00%(upstream:short)%00%(objectname)%00%(upstream:track)%00%(upstream:remotename)%00%(upstream:remoteref) refs/heads/rewrite refs/remotes/rewrite [5ms]
2025-06-08 09:37:50.338 [info] > git status -z -uall [23ms]
2025-06-08 09:37:50.340 [info] > git for-each-ref --sort -committerdate --format %(refname)%00%(objectname)%00%(*objectname) [5ms]
2025-06-08 09:38:25.461 [info] > git config --get commit.template [21ms]
2025-06-08 09:38:25.465 [info] > git for-each-ref --format=%(refname)%00%(upstream:short)%00%(objectname)%00%(upstream:track)%00%(upstream:remotename)%00%(upstream:remoteref) refs/heads/rewrite refs/remotes/rewrite [5ms]
2025-06-08 09:38:25.507 [info] > git status -z -uall [20ms]
2025-06-08 09:38:25.510 [info] > git for-each-ref --sort -committerdate --format %(refname)%00%(objectname)%00%(*objectname) [4ms]
2025-06-08 09:38:38.393 [info] > git config --get commit.template [24ms]
2025-06-08 09:38:38.396 [info] > git for-each-ref --format=%(refname)%00%(upstream:short)%00%(objectname)%00%(upstream:track)%00%(upstream:remotename)%00%(upstream:remoteref) refs/heads/rewrite refs/remotes/rewrite [5ms]
2025-06-08 09:38:38.446 [info] > git status -z -uall [27ms]
2025-06-08 09:38:38.453 [info] > git for-each-ref --sort -committerdate --format %(refname)%00%(objectname)%00%(*objectname) [8ms]
2025-06-08 09:39:44.968 [info] > git config --get commit.template [21ms]
2025-06-08 09:39:44.971 [info] > git for-each-ref --format=%(refname)%00%(upstream:short)%00%(objectname)%00%(upstream:track)%00%(upstream:remotename)%00%(upstream:remoteref) refs/heads/rewrite refs/remotes/rewrite [5ms]
2025-06-08 09:39:45.013 [info] > git status -z -uall [20ms]
2025-06-08 09:39:45.017 [info] > git for-each-ref --sort -committerdate --format %(refname)%00%(objectname)%00%(*objectname) [5ms]
2025-06-08 09:40:16.329 [info] > git config --get commit.template [24ms]
2025-06-08 09:40:16.331 [info] > git for-each-ref --format=%(refname)%00%(upstream:short)%00%(objectname)%00%(upstream:track)%00%(upstream:remotename)%00%(upstream:remoteref) refs/heads/rewrite refs/remotes/rewrite [5ms]
2025-06-08 09:40:16.370 [info] > git status -z -uall [19ms]
2025-06-08 09:40:16.373 [info] > git for-each-ref --sort -committerdate --format %(refname)%00%(objectname)%00%(*objectname) [4ms]
2025-06-08 09:40:21.423 [info] > git config --get commit.template [21ms]
2025-06-08 09:40:21.426 [info] > git for-each-ref --format=%(refname)%00%(upstream:short)%00%(objectname)%00%(upstream:track)%00%(upstream:remotename)%00%(upstream:remoteref) refs/heads/rewrite refs/remotes/rewrite [4ms]
2025-06-08 09:40:21.469 [info] > git status -z -uall [23ms]
2025-06-08 09:40:21.472 [info] > git for-each-ref --sort -committerdate --format %(refname)%00%(objectname)%00%(*objectname) [6ms]
2025-06-08 09:41:26.971 [info] > git config --get commit.template [22ms]
2025-06-08 09:41:26.974 [info] > git for-each-ref --format=%(refname)%00%(upstream:short)%00%(objectname)%00%(upstream:track)%00%(upstream:remotename)%00%(upstream:remoteref) refs/heads/rewrite refs/remotes/rewrite [5ms]
2025-06-08 09:41:27.015 [info] > git status -z -uall [21ms]
2025-06-08 09:41:27.017 [info] > git for-each-ref --sort -committerdate --format %(refname)%00%(objectname)%00%(*objectname) [4ms]
2025-06-08 09:42:18.560 [info] > git config --get commit.template [21ms]
2025-06-08 09:42:18.563 [info] > git for-each-ref --format=%(refname)%00%(upstream:short)%00%(objectname)%00%(upstream:track)%00%(upstream:remotename)%00%(upstream:remoteref) refs/heads/rewrite refs/remotes/rewrite [5ms]
2025-06-08 09:42:18.608 [info] > git status -z -uall [23ms]
2025-06-08 09:42:18.611 [info] > git for-each-ref --sort -committerdate --format %(refname)%00%(objectname)%00%(*objectname) [6ms]
2025-06-08 09:43:07.094 [info] > git config --get commit.template [22ms]
2025-06-08 09:43:07.097 [info] > git for-each-ref --format=%(refname)%00%(upstream:short)%00%(objectname)%00%(upstream:track)%00%(upstream:remotename)%00%(upstream:remoteref) refs/heads/rewrite refs/remotes/rewrite [4ms]
2025-06-08 09:43:07.140 [info] > git status -z -uall [23ms]
2025-06-08 09:43:07.142 [info] > git for-each-ref --sort -committerdate --format %(refname)%00%(objectname)%00%(*objectname) [6ms]
2025-06-08 09:43:15.681 [info] > git config --get commit.template [22ms]
2025-06-08 09:43:15.684 [info] > git for-each-ref --format=%(refname)%00%(upstream:short)%00%(objectname)%00%(upstream:track)%00%(upstream:remotename)%00%(upstream:remoteref) refs/heads/rewrite refs/remotes/rewrite [5ms]
2025-06-08 09:43:15.731 [info] > git status -z -uall [25ms]
2025-06-08 09:43:15.735 [info] > git for-each-ref --sort -committerdate --format %(refname)%00%(objectname)%00%(*objectname) [5ms]
2025-06-08 09:43:20.783 [info] > git config --get commit.template [21ms]
2025-06-08 09:43:20.787 [info] > git for-each-ref --format=%(refname)%00%(upstream:short)%00%(objectname)%00%(upstream:track)%00%(upstream:remotename)%00%(upstream:remoteref) refs/heads/rewrite refs/remotes/rewrite [5ms]
2025-06-08 09:43:20.824 [info] > git status -z -uall [18ms]
2025-06-08 09:43:20.827 [info] > git for-each-ref --sort -committerdate --format %(refname)%00%(objectname)%00%(*objectname) [4ms]
2025-06-08 09:44:13.356 [info] > git config --get commit.template [23ms]
2025-06-08 09:44:13.359 [info] > git for-each-ref --format=%(refname)%00%(upstream:short)%00%(objectname)%00%(upstream:track)%00%(upstream:remotename)%00%(upstream:remoteref) refs/heads/rewrite refs/remotes/rewrite [5ms]
2025-06-08 09:44:13.403 [info] > git status -z -uall [21ms]
2025-06-08 09:44:13.406 [info] > git for-each-ref --sort -committerdate --format %(refname)%00%(objectname)%00%(*objectname) [4ms]
2025-06-08 09:44:31.582 [info] > git config --get commit.template [21ms]
2025-06-08 09:44:31.585 [info] > git for-each-ref --format=%(refname)%00%(upstream:short)%00%(objectname)%00%(upstream:track)%00%(upstream:remotename)%00%(upstream:remoteref) refs/heads/rewrite refs/remotes/rewrite [5ms]
2025-06-08 09:44:31.625 [info] > git status -z -uall [20ms]
2025-06-08 09:44:31.628 [info] > git for-each-ref --sort -committerdate --format %(refname)%00%(objectname)%00%(*objectname) [5ms]
2025-06-08 09:44:36.674 [info] > git config --get commit.template [21ms]
2025-06-08 09:44:36.678 [info] > git for-each-ref --format=%(refname)%00%(upstream:short)%00%(objectname)%00%(upstream:track)%00%(upstream:remotename)%00%(upstream:remoteref) refs/heads/rewrite refs/remotes/rewrite [5ms]
2025-06-08 09:44:36.718 [info] > git status -z -uall [21ms]
2025-06-08 09:44:36.722 [info] > git for-each-ref --sort -committerdate --format %(refname)%00%(objectname)%00%(*objectname) [5ms]
2025-06-08 09:44:41.770 [info] > git config --get commit.template [22ms]
2025-06-08 09:44:41.774 [info] > git for-each-ref --format=%(refname)%00%(upstream:short)%00%(objectname)%00%(upstream:track)%00%(upstream:remotename)%00%(upstream:remoteref) refs/heads/rewrite refs/remotes/rewrite [5ms]
2025-06-08 09:44:41.816 [info] > git status -z -uall [23ms]
2025-06-08 09:44:41.818 [info] > git for-each-ref --sort -committerdate --format %(refname)%00%(objectname)%00%(*objectname) [4ms]
2025-06-08 09:45:36.865 [info] > git config --get commit.template [21ms]
2025-06-08 09:45:36.869 [info] > git for-each-ref --format=%(refname)%00%(upstream:short)%00%(objectname)%00%(upstream:track)%00%(upstream:remotename)%00%(upstream:remoteref) refs/heads/rewrite refs/remotes/rewrite [6ms]
2025-06-08 09:45:36.914 [info] > git status -z -uall [23ms]
2025-06-08 09:45:36.916 [info] > git for-each-ref --sort -committerdate --format %(refname)%00%(objectname)%00%(*objectname) [4ms]
2025-06-08 09:45:44.585 [info] > git config --get commit.template [23ms]
2025-06-08 09:45:44.587 [info] > git for-each-ref --format=%(refname)%00%(upstream:short)%00%(objectname)%00%(upstream:track)%00%(upstream:remotename)%00%(upstream:remoteref) refs/heads/rewrite refs/remotes/rewrite [3ms]
2025-06-08 09:45:44.632 [info] > git status -z -uall [22ms]
2025-06-08 09:45:44.635 [info] > git for-each-ref --sort -committerdate --format %(refname)%00%(objectname)%00%(*objectname) [4ms]
2025-06-08 09:45:52.001 [info] > git config --get commit.template [22ms]
2025-06-08 09:45:52.005 [info] > git for-each-ref --format=%(refname)%00%(upstream:short)%00%(objectname)%00%(upstream:track)%00%(upstream:remotename)%00%(upstream:remoteref) refs/heads/rewrite refs/remotes/rewrite [5ms]
2025-06-08 09:45:52.050 [info] > git status -z -uall [25ms]
2025-06-08 09:45:52.054 [info] > git for-each-ref --sort -committerdate --format %(refname)%00%(objectname)%00%(*objectname) [6ms]
2025-06-08 09:46:27.030 [info] > git config --get commit.template [23ms]
2025-06-08 09:46:27.031 [info] > git for-each-ref --format=%(refname)%00%(upstream:short)%00%(objectname)%00%(upstream:track)%00%(upstream:remotename)%00%(upstream:remoteref) refs/heads/rewrite refs/remotes/rewrite [4ms]
2025-06-08 09:46:27.073 [info] > git status -z -uall [22ms]
2025-06-08 09:46:27.076 [info] > git for-each-ref --sort -committerdate --format %(refname)%00%(objectname)%00%(*objectname) [4ms]
2025-06-08 09:46:53.627 [info] > git config --get commit.template [24ms]
2025-06-08 09:46:53.628 [info] > git for-each-ref --format=%(refname)%00%(upstream:short)%00%(objectname)%00%(upstream:track)%00%(upstream:remotename)%00%(upstream:remoteref) refs/heads/rewrite refs/remotes/rewrite [3ms]
2025-06-08 09:46:53.678 [info] > git status -z -uall [26ms]
2025-06-08 09:46:53.679 [info] > git for-each-ref --sort -committerdate --format %(refname)%00%(objectname)%00%(*objectname) [3ms]
2025-06-08 09:47:01.648 [info] > git config --get commit.template [23ms]
2025-06-08 09:47:01.651 [info] > git for-each-ref --format=%(refname)%00%(upstream:short)%00%(objectname)%00%(upstream:track)%00%(upstream:remotename)%00%(upstream:remoteref) refs/heads/rewrite refs/remotes/rewrite [5ms]
2025-06-08 09:47:01.695 [info] > git status -z -uall [21ms]
2025-06-08 09:47:01.699 [info] > git for-each-ref --sort -committerdate --format %(refname)%00%(objectname)%00%(*objectname) [5ms]
2025-06-08 09:48:12.908 [info] > git config --get commit.template [22ms]
2025-06-08 09:48:12.911 [info] > git for-each-ref --format=%(refname)%00%(upstream:short)%00%(objectname)%00%(upstream:track)%00%(upstream:remotename)%00%(upstream:remoteref) refs/heads/rewrite refs/remotes/rewrite [4ms]
2025-06-08 09:48:12.953 [info] > git status -z -uall [23ms]
2025-06-08 09:48:12.955 [info] > git for-each-ref --sort -committerdate --format %(refname)%00%(objectname)%00%(*objectname) [4ms]
2025-06-08 09:48:18.004 [info] > git config --get commit.template [21ms]
2025-06-08 09:48:18.008 [info] > git for-each-ref --format=%(refname)%00%(upstream:short)%00%(objectname)%00%(upstream:track)%00%(upstream:remotename)%00%(upstream:remoteref) refs/heads/rewrite refs/remotes/rewrite [4ms]
2025-06-08 09:48:18.045 [info] > git status -z -uall [20ms]
2025-06-08 09:48:18.048 [info] > git for-each-ref --sort -committerdate --format %(refname)%00%(objectname)%00%(*objectname) [5ms]
2025-06-08 09:48:30.625 [info] > git config --get commit.template [23ms]
2025-06-08 09:48:30.627 [info] > git for-each-ref --format=%(refname)%00%(upstream:short)%00%(objectname)%00%(upstream:track)%00%(upstream:remotename)%00%(upstream:remoteref) refs/heads/rewrite refs/remotes/rewrite [4ms]
2025-06-08 09:48:30.675 [info] > git status -z -uall [23ms]
2025-06-08 09:48:30.677 [info] > git for-each-ref --sort -committerdate --format %(refname)%00%(objectname)%00%(*objectname) [5ms]
2025-06-08 09:48:41.335 [info] > git config --get commit.template [21ms]
2025-06-08 09:48:41.338 [info] > git for-each-ref --format=%(refname)%00%(upstream:short)%00%(objectname)%00%(upstream:track)%00%(upstream:remotename)%00%(upstream:remoteref) refs/heads/rewrite refs/remotes/rewrite [5ms]
2025-06-08 09:48:41.380 [info] > git status -z -uall [21ms]
2025-06-08 09:48:41.382 [info] > git for-each-ref --sort -committerdate --format %(refname)%00%(objectname)%00%(*objectname) [4ms]
2025-06-08 09:48:52.102 [info] > git config --get commit.template [23ms]
2025-06-08 09:48:52.106 [info] > git for-each-ref --format=%(refname)%00%(upstream:short)%00%(objectname)%00%(upstream:track)%00%(upstream:remotename)%00%(upstream:remoteref) refs/heads/rewrite refs/remotes/rewrite [6ms]
2025-06-08 09:48:52.151 [info] > git status -z -uall [22ms]
2025-06-08 09:48:52.154 [info] > git for-each-ref --sort -committerdate --format %(refname)%00%(objectname)%00%(*objectname) [5ms]
2025-06-08 09:49:36.633 [info] > git config --get commit.template [22ms]
2025-06-08 09:49:36.636 [info] > git for-each-ref --format=%(refname)%00%(upstream:short)%00%(objectname)%00%(upstream:track)%00%(upstream:remotename)%00%(upstream:remoteref) refs/heads/rewrite refs/remotes/rewrite [4ms]
2025-06-08 09:49:36.677 [info] > git status -z -uall [21ms]
2025-06-08 09:49:36.682 [info] > git for-each-ref --sort -committerdate --format %(refname)%00%(objectname)%00%(*objectname) [6ms]
2025-06-08 09:49:42.461 [info] > git config --get commit.template [21ms]
2025-06-08 09:49:42.465 [info] > git for-each-ref --format=%(refname)%00%(upstream:short)%00%(objectname)%00%(upstream:track)%00%(upstream:remotename)%00%(upstream:remoteref) refs/heads/rewrite refs/remotes/rewrite [4ms]
2025-06-08 09:49:42.504 [info] > git status -z -uall [19ms]
2025-06-08 09:49:42.509 [info] > git for-each-ref --sort -committerdate --format %(refname)%00%(objectname)%00%(*objectname) [8ms]
2025-06-08 09:49:47.559 [info] > git config --get commit.template [23ms]
2025-06-08 09:49:47.563 [info] > git for-each-ref --format=%(refname)%00%(upstream:short)%00%(objectname)%00%(upstream:track)%00%(upstream:remotename)%00%(upstream:remoteref) refs/heads/rewrite refs/remotes/rewrite [4ms]
2025-06-08 09:49:47.605 [info] > git status -z -uall [22ms]
2025-06-08 09:49:47.609 [info] > git for-each-ref --sort -committerdate --format %(refname)%00%(objectname)%00%(*objectname) [5ms]
2025-06-08 09:49:53.395 [info] > git show --textconv :hydra-lang/tests/lex_benchmark.hydra [24ms]
2025-06-08 09:49:53.399 [info] > git ls-files --stage -- hydra-lang/tests/lex_benchmark.hydra [6ms]
2025-06-08 09:49:53.423 [info] > git cat-file -s b96cdcfb997d53cd2590925a2f7e8704004ad903 [3ms]
2025-06-08 09:50:11.657 [info] > git show --textconv :hydra-lang/src/hydrac/parse/lexer/lexer.rs [24ms]
2025-06-08 09:50:11.660 [info] > git ls-files --stage -- hydra-lang/src/hydrac/parse/lexer/lexer.rs [4ms]
2025-06-08 09:50:11.685 [info] > git cat-file -s c0b2b61e29632ae560903247fa0884592cefa5cd [4ms]
2025-06-08 09:50:42.202 [info] > git show --textconv :hydra-lang/src/hydrac/parse/lexer/token.rs [17ms]
2025-06-08 09:50:42.205 [info] > git ls-files --stage -- hydra-lang/src/hydrac/parse/lexer/token.rs [4ms]
2025-06-08 09:50:42.228 [info] > git cat-file -s ad7e5757cdaab6db4f410b8d1f459d98cbcaaec8 [4ms]
2025-06-08 09:51:04.314 [info] > git config --get commit.template [21ms]
2025-06-08 09:51:04.316 [info] > git for-each-ref --format=%(refname)%00%(upstream:short)%00%(objectname)%00%(upstream:track)%00%(upstream:remotename)%00%(upstream:remoteref) refs/heads/rewrite refs/remotes/rewrite [3ms]
2025-06-08 09:51:04.358 [info] > git status -z -uall [20ms]
2025-06-08 09:51:04.362 [info] > git for-each-ref --sort -committerdate --format %(refname)%00%(objectname)%00%(*objectname) [5ms]
2025-06-08 09:51:04.868 [info] > git show --textconv :hydra-lang/src/hydrac/parse/lexer/lexer.rs [20ms]
2025-06-08 09:51:04.870 [info] > git ls-files --stage -- hydra-lang/src/hydrac/parse/lexer/lexer.rs [4ms]
2025-06-08 09:51:04.891 [info] > git cat-file -s c0b2b61e29632ae560903247fa0884592cefa5cd [4ms]
2025-06-08 09:51:09.414 [info] > git config --get commit.template [20ms]
2025-06-08 09:51:09.419 [info] > git for-each-ref --format=%(refname)%00%(upstream:short)%00%(objectname)%00%(upstream:track)%00%(upstream:remotename)%00%(upstream:remoteref) refs/heads/rewrite refs/remotes/rewrite [6ms]
2025-06-08 09:51:09.453 [info] > git status -z -uall [17ms]
2025-06-08 09:51:09.456 [info] > git for-each-ref --sort -committerdate --format %(refname)%00%(objectname)%00%(*objectname) [4ms]
2025-06-08 09:51:14.550 [info] > git config --get commit.template [30ms]
2025-06-08 09:51:14.559 [info] > git for-each-ref --format=%(refname)%00%(upstream:short)%00%(objectname)%00%(upstream:track)%00%(upstream:remotename)%00%(upstream:remoteref) refs/heads/rewrite refs/remotes/rewrite [10ms]
2025-06-08 09:51:14.622 [info] > git status -z -uall [34ms]
2025-06-08 09:51:14.626 [info] > git for-each-ref --sort -committerdate --format %(refname)%00%(objectname)%00%(*objectname) [5ms]
2025-06-08 09:51:19.679 [info] > git config --get commit.template [20ms]
2025-06-08 09:51:19.680 [info] > git for-each-ref --format=%(refname)%00%(upstream:short)%00%(objectname)%00%(upstream:track)%00%(upstream:remotename)%00%(upstream:remoteref) refs/heads/rewrite refs/remotes/rewrite [3ms]
2025-06-08 09:51:19.721 [info] > git status -z -uall [21ms]
2025-06-08 09:51:19.723 [info] > git for-each-ref --sort -committerdate --format %(refname)%00%(objectname)%00%(*objectname) [3ms]
2025-06-08 09:51:29.362 [info] > git config --get commit.template [22ms]
2025-06-08 09:51:29.365 [info] > git for-each-ref --format=%(refname)%00%(upstream:short)%00%(objectname)%00%(upstream:track)%00%(upstream:remotename)%00%(upstream:remoteref) refs/heads/rewrite refs/remotes/rewrite [4ms]
2025-06-08 09:51:29.407 [info] > git status -z -uall [22ms]
2025-06-08 09:51:29.410 [info] > git for-each-ref --sort -committerdate --format %(refname)%00%(objectname)%00%(*objectname) [5ms]
2025-06-08 09:51:40.801 [info] > git check-ignore -v -z --stdin [5ms]
2025-06-08 09:51:41.996 [info] > git check-ignore -v -z --stdin [4ms]
2025-06-08 09:51:42.697 [info] > git check-ignore -v -z --stdin [4ms]
2025-06-08 09:51:43.944 [info] > git show --textconv :hydra-lang/target/criterion/report/index.html [52ms]
2025-06-08 09:51:43.980 [info] > git ls-files --stage -- hydra-lang/target/criterion/report/index.html [38ms]
2025-06-08 09:51:44.010 [info] > git hash-object -t tree /dev/null [32ms]
2025-06-08 09:51:44.011 [warning] [GitFileSystemProvider][readFile] File not found - git:/home/alan-mitchell/Hydra/hydra-lang/target/criterion/report/index.html.git?%7B%22path%22%3A%22%2Fhome%2Falan-mitchell%2FHydra%2Fhydra-lang%2Ftarget%2Fcriterion%2Freport%2Findex.html%22%2C%22ref%22%3A%22%22%7D
2025-06-08 09:51:44.014 [info] > git hash-object -t tree /dev/null [5ms]
2025-06-08 09:51:44.015 [warning] [GitFileSystemProvider][stat] File not found - git:/home/alan-mitchell/Hydra/hydra-lang/target/criterion/report/index.html.git?%7B%22path%22%3A%22%2Fhome%2Falan-mitchell%2FHydra%2Fhydra-lang%2Ftarget%2Fcriterion%2Freport%2Findex.html%22%2C%22ref%22%3A%22%22%7D
2025-06-08 09:52:55.410 [info] > git blame --root --incremental bc48938b9af43fd2b714339a625a6533267f33dc -- hydra-lang/target/criterion/report/index.html [7ms]
2025-06-08 09:52:55.410 [info] fatal: no such path hydra-lang/target/criterion/report/index.html in bc48938b9af43fd2b714339a625a6533267f33dc
2025-06-08 09:52:57.630 [info] > git show --textconv :hydra-lang/src/hydrac/parse/lexer/lexer.rs [25ms]
2025-06-08 09:52:57.632 [info] > git ls-files --stage -- hydra-lang/src/hydrac/parse/lexer/lexer.rs [3ms]
2025-06-08 09:52:57.650 [info] > git cat-file -s c0b2b61e29632ae560903247fa0884592cefa5cd [3ms]
2025-06-08 09:54:40.911 [info] > git config --get commit.template [23ms]
2025-06-08 09:54:40.914 [info] > git for-each-ref --format=%(refname)%00%(upstream:short)%00%(objectname)%00%(upstream:track)%00%(upstream:remotename)%00%(upstream:remoteref) refs/heads/rewrite refs/remotes/rewrite [5ms]
2025-06-08 09:54:40.959 [info] > git status -z -uall [24ms]
2025-06-08 09:54:40.962 [info] > git for-each-ref --sort -committerdate --format %(refname)%00%(objectname)%00%(*objectname) [4ms]
2025-06-08 09:55:51.670 [info] > git config --get commit.template [22ms]
2025-06-08 09:55:51.671 [info] > git for-each-ref --format=%(refname)%00%(upstream:short)%00%(objectname)%00%(upstream:track)%00%(upstream:remotename)%00%(upstream:remoteref) refs/heads/rewrite refs/remotes/rewrite [3ms]
2025-06-08 09:55:51.715 [info] > git status -z -uall [24ms]
2025-06-08 09:55:51.717 [info] > git for-each-ref --sort -committerdate --format %(refname)%00%(objectname)%00%(*objectname) [5ms]
2025-06-08 09:56:22.759 [info] > git show --textconv :hydra-lang/src/hydrac/parse/lexer/token.rs [22ms]
2025-06-08 09:56:22.762 [info] > git ls-files --stage -- hydra-lang/src/hydrac/parse/lexer/token.rs [5ms]
2025-06-08 09:56:22.789 [info] > git cat-file -s ad7e5757cdaab6db4f410b8d1f459d98cbcaaec8 [5ms]
2025-06-08 09:56:25.085 [info] > git show --textconv :hydra-lang/src/hydrac/parse/lexer/lexer.rs [29ms]
2025-06-08 09:56:25.088 [info] > git ls-files --stage -- hydra-lang/src/hydrac/parse/lexer/lexer.rs [5ms]
2025-06-08 09:56:25.113 [info] > git cat-file -s c0b2b61e29632ae560903247fa0884592cefa5cd [4ms]
2025-06-08 09:56:28.771 [info] > git show --textconv :hydra-lang/tests/test.tokens [22ms]
2025-06-08 09:56:28.773 [info] > git ls-files --stage -- hydra-lang/tests/test.tokens [4ms]
2025-06-08 09:56:28.794 [info] > git cat-file -s 35c4259df6395acdb0fdcdfccaca175ab3001f1a [5ms]
2025-06-08 09:56:31.288 [info] > git config --get commit.template [23ms]
2025-06-08 09:56:31.292 [info] > git for-each-ref --format=%(refname)%00%(upstream:short)%00%(objectname)%00%(upstream:track)%00%(upstream:remotename)%00%(upstream:remoteref) refs/heads/rewrite refs/remotes/rewrite [5ms]
2025-06-08 09:56:31.332 [info] > git status -z -uall [20ms]
2025-06-08 09:56:31.335 [info] > git for-each-ref --sort -committerdate --format %(refname)%00%(objectname)%00%(*objectname) [4ms]
2025-06-08 09:56:43.772 [info] > git config --get commit.template [26ms]
2025-06-08 09:56:43.775 [info] > git for-each-ref --format=%(refname)%00%(upstream:short)%00%(objectname)%00%(upstream:track)%00%(upstream:remotename)%00%(upstream:remoteref) refs/heads/rewrite refs/remotes/rewrite [4ms]
2025-06-08 09:56:43.821 [info] > git status -z -uall [24ms]
2025-06-08 09:56:43.824 [info] > git for-each-ref --sort -committerdate --format %(refname)%00%(objectname)%00%(*objectname) [4ms]
2025-06-08 09:57:07.314 [info] > git show --textconv :hydra-lang/tests/lex_benchmark.hydra [24ms]
2025-06-08 09:57:07.317 [info] > git ls-files --stage -- hydra-lang/tests/lex_benchmark.hydra [4ms]
2025-06-08 09:57:07.341 [info] > git cat-file -s b96cdcfb997d53cd2590925a2f7e8704004ad903 [3ms]
2025-06-08 09:57:13.386 [info] > git show --textconv :hydra-lang/tests/test.tokens [24ms]
2025-06-08 09:57:13.388 [info] > git ls-files --stage -- hydra-lang/tests/test.tokens [4ms]
2025-06-08 09:57:13.415 [info] > git cat-file -s 35c4259df6395acdb0fdcdfccaca175ab3001f1a [4ms]
2025-06-08 09:57:18.046 [info] > git show --textconv :hydra-lang/tests/test.hydra [24ms]
2025-06-08 09:57:18.049 [info] > git ls-files --stage -- hydra-lang/tests/test.hydra [4ms]
2025-06-08 09:57:18.073 [info] > git cat-file -s f1b8167349c185638f0ef8a302c34de7593a5776 [5ms]
2025-06-08 09:57:20.976 [info] > git config --get commit.template [24ms]
2025-06-08 09:57:20.978 [info] > git for-each-ref --format=%(refname)%00%(upstream:short)%00%(objectname)%00%(upstream:track)%00%(upstream:remotename)%00%(upstream:remoteref) refs/heads/rewrite refs/remotes/rewrite [3ms]
2025-06-08 09:57:21.023 [info] > git status -z -uall [23ms]
2025-06-08 09:57:21.025 [info] > git for-each-ref --sort -committerdate --format %(refname)%00%(objectname)%00%(*objectname) [4ms]
2025-06-08 10:01:03.501 [info] > git show --textconv :hydra-lang/src/main.rs [31ms]
2025-06-08 10:01:03.504 [info] > git ls-files --stage -- hydra-lang/src/main.rs [7ms]
2025-06-08 10:01:03.535 [info] > git cat-file -s eaa73d6d1a2e5a857777e14785267fdf97c0abb6 [6ms]
2025-06-08 10:01:03.612 [info] > git blame --root --incremental bc48938b9af43fd2b714339a625a6533267f33dc -- hydra-lang/src/main.rs [8ms]
2025-06-08 10:02:35.376 [info] > git show --textconv :hydra-lang/tests/test.hydra [22ms]
2025-06-08 10:02:35.378 [info] > git ls-files --stage -- hydra-lang/tests/test.hydra [3ms]
2025-06-08 10:02:35.398 [info] > git cat-file -s f1b8167349c185638f0ef8a302c34de7593a5776 [4ms]
2025-06-08 10:02:37.003 [info] > git show --textconv :hydra-lang/src/hydrac/parse/lexer/lexer.rs [27ms]
2025-06-08 10:02:37.005 [info] > git ls-files --stage -- hydra-lang/src/hydrac/parse/lexer/lexer.rs [3ms]
2025-06-08 10:02:37.025 [info] > git cat-file -s c0b2b61e29632ae560903247fa0884592cefa5cd [3ms]
2025-06-08 10:03:57.813 [info] > git config --get commit.template [23ms]
2025-06-08 10:03:57.816 [info] > git for-each-ref --format=%(refname)%00%(upstream:short)%00%(objectname)%00%(upstream:track)%00%(upstream:remotename)%00%(upstream:remoteref) refs/heads/rewrite refs/remotes/rewrite [5ms]
2025-06-08 10:03:57.857 [info] > git status -z -uall [21ms]
2025-06-08 10:03:57.859 [info] > git for-each-ref --sort -committerdate --format %(refname)%00%(objectname)%00%(*objectname) [4ms]
2025-06-08 10:04:04.709 [info] > git config --get commit.template [23ms]
2025-06-08 10:04:04.712 [info] > git for-each-ref --format=%(refname)%00%(upstream:short)%00%(objectname)%00%(upstream:track)%00%(upstream:remotename)%00%(upstream:remoteref) refs/heads/rewrite refs/remotes/rewrite [5ms]
2025-06-08 10:04:04.756 [info] > git status -z -uall [22ms]
2025-06-08 10:04:04.758 [info] > git for-each-ref --sort -committerdate --format %(refname)%00%(objectname)%00%(*objectname) [4ms]
2025-06-08 10:04:09.809 [info] > git config --get commit.template [24ms]
2025-06-08 10:04:09.812 [info] > git for-each-ref --format=%(refname)%00%(upstream:short)%00%(objectname)%00%(upstream:track)%00%(upstream:remotename)%00%(upstream:remoteref) refs/heads/rewrite refs/remotes/rewrite [5ms]
2025-06-08 10:04:09.854 [info] > git status -z -uall [21ms]
2025-06-08 10:04:09.857 [info] > git for-each-ref --sort -committerdate --format %(refname)%00%(objectname)%00%(*objectname) [4ms]
2025-06-08 10:04:48.155 [info] > git config --get commit.template [23ms]
2025-06-08 10:04:48.158 [info] > git for-each-ref --format=%(refname)%00%(upstream:short)%00%(objectname)%00%(upstream:track)%00%(upstream:remotename)%00%(upstream:remoteref) refs/heads/rewrite refs/remotes/rewrite [5ms]
2025-06-08 10:04:48.202 [info] > git status -z -uall [23ms]
2025-06-08 10:04:48.207 [info] > git for-each-ref --sort -committerdate --format %(refname)%00%(objectname)%00%(*objectname) [6ms]
2025-06-08 10:05:20.408 [info] > git config --get commit.template [24ms]
2025-06-08 10:05:20.412 [info] > git for-each-ref --format=%(refname)%00%(upstream:short)%00%(objectname)%00%(upstream:track)%00%(upstream:remotename)%00%(upstream:remoteref) refs/heads/rewrite refs/remotes/rewrite [6ms]
2025-06-08 10:05:20.455 [info] > git status -z -uall [22ms]
2025-06-08 10:05:20.459 [info] > git for-each-ref --sort -committerdate --format %(refname)%00%(objectname)%00%(*objectname) [5ms]
2025-06-08 10:05:28.471 [info] > git config --get commit.template [21ms]
2025-06-08 10:05:28.475 [info] > git for-each-ref --format=%(refname)%00%(upstream:short)%00%(objectname)%00%(upstream:track)%00%(upstream:remotename)%00%(upstream:remoteref) refs/heads/rewrite refs/remotes/rewrite [5ms]
2025-06-08 10:05:28.517 [info] > git status -z -uall [21ms]
2025-06-08 10:05:28.521 [info] > git for-each-ref --sort -committerdate --format %(refname)%00%(objectname)%00%(*objectname) [5ms]
2025-06-08 10:05:51.531 [info] > git config --get commit.template [21ms]
2025-06-08 10:05:51.534 [info] > git for-each-ref --format=%(refname)%00%(upstream:short)%00%(objectname)%00%(upstream:track)%00%(upstream:remotename)%00%(upstream:remoteref) refs/heads/rewrite refs/remotes/rewrite [5ms]
2025-06-08 10:05:51.580 [info] > git status -z -uall [24ms]
2025-06-08 10:05:51.582 [info] > git for-each-ref --sort -committerdate --format %(refname)%00%(objectname)%00%(*objectname) [5ms]
2025-06-08 10:07:05.800 [info] > git config --get commit.template [22ms]
2025-06-08 10:07:05.802 [info] > git for-each-ref --format=%(refname)%00%(upstream:short)%00%(objectname)%00%(upstream:track)%00%(upstream:remotename)%00%(upstream:remoteref) refs/heads/rewrite refs/remotes/rewrite [4ms]
2025-06-08 10:07:05.845 [info] > git status -z -uall [21ms]
2025-06-08 10:07:05.847 [info] > git for-each-ref --sort -committerdate --format %(refname)%00%(objectname)%00%(*objectname) [4ms]
2025-06-08 10:07:12.377 [info] > git config --get commit.template [22ms]
2025-06-08 10:07:12.379 [info] > git for-each-ref --format=%(refname)%00%(upstream:short)%00%(objectname)%00%(upstream:track)%00%(upstream:remotename)%00%(upstream:remoteref) refs/heads/rewrite refs/remotes/rewrite [4ms]
2025-06-08 10:07:12.425 [info] > git status -z -uall [24ms]
2025-06-08 10:07:12.428 [info] > git for-each-ref --sort -committerdate --format %(refname)%00%(objectname)%00%(*objectname) [4ms]
2025-06-08 10:07:43.520 [info] > git config --get commit.template [23ms]
2025-06-08 10:07:43.524 [info] > git for-each-ref --format=%(refname)%00%(upstream:short)%00%(objectname)%00%(upstream:track)%00%(upstream:remotename)%00%(upstream:remoteref) refs/heads/rewrite refs/remotes/rewrite [6ms]
2025-06-08 10:07:43.574 [info] > git status -z -uall [26ms]
2025-06-08 10:07:43.577 [info] > git for-each-ref --sort -committerdate --format %(refname)%00%(objectname)%00%(*objectname) [5ms]
2025-06-08 10:07:48.636 [info] > git config --get commit.template [29ms]
2025-06-08 10:07:48.637 [info] > git for-each-ref --format=%(refname)%00%(upstream:short)%00%(objectname)%00%(upstream:track)%00%(upstream:remotename)%00%(upstream:remoteref) refs/heads/rewrite refs/remotes/rewrite [6ms]
2025-06-08 10:07:48.678 [info] > git status -z -uall [21ms]
2025-06-08 10:07:48.681 [info] > git for-each-ref --sort -committerdate --format %(refname)%00%(objectname)%00%(*objectname) [4ms]
2025-06-08 10:07:55.059 [info] > git config --get commit.template [26ms]
2025-06-08 10:07:55.063 [info] > git for-each-ref --format=%(refname)%00%(upstream:short)%00%(objectname)%00%(upstream:track)%00%(upstream:remotename)%00%(upstream:remoteref) refs/heads/rewrite refs/remotes/rewrite [6ms]
2025-06-08 10:07:55.109 [info] > git status -z -uall [23ms]
2025-06-08 10:07:55.111 [info] > git for-each-ref --sort -committerdate --format %(refname)%00%(objectname)%00%(*objectname) [5ms]
2025-06-08 10:08:00.164 [info] > git config --get commit.template [21ms]
2025-06-08 10:08:00.166 [info] > git for-each-ref --format=%(refname)%00%(upstream:short)%00%(objectname)%00%(upstream:track)%00%(upstream:remotename)%00%(upstream:remoteref) refs/heads/rewrite refs/remotes/rewrite [4ms]
2025-06-08 10:08:00.213 [info] > git status -z -uall [23ms]
2025-06-08 10:08:00.216 [info] > git for-each-ref --sort -committerdate --format %(refname)%00%(objectname)%00%(*objectname) [5ms]
2025-06-08 10:08:25.311 [info] > git config --get commit.template [21ms]
2025-06-08 10:08:25.315 [info] > git for-each-ref --format=%(refname)%00%(upstream:short)%00%(objectname)%00%(upstream:track)%00%(upstream:remotename)%00%(upstream:remoteref) refs/heads/rewrite refs/remotes/rewrite [5ms]
2025-06-08 10:08:25.358 [info] > git status -z -uall [22ms]
2025-06-08 10:08:25.359 [info] > git for-each-ref --sort -committerdate --format %(refname)%00%(objectname)%00%(*objectname) [4ms]
2025-06-08 10:08:35.304 [info] > git config --get commit.template [21ms]
2025-06-08 10:08:35.308 [info] > git for-each-ref --format=%(refname)%00%(upstream:short)%00%(objectname)%00%(upstream:track)%00%(upstream:remotename)%00%(upstream:remoteref) refs/heads/rewrite refs/remotes/rewrite [5ms]
2025-06-08 10:08:35.348 [info] > git status -z -uall [20ms]
2025-06-08 10:08:35.352 [info] > git for-each-ref --sort -committerdate --format %(refname)%00%(objectname)%00%(*objectname) [5ms]
2025-06-08 10:08:55.096 [info] > git show --textconv :hydra-lang/tests/test.hydra [23ms]
2025-06-08 10:08:55.100 [info] > git ls-files --stage -- hydra-lang/tests/test.hydra [5ms]
2025-06-08 10:08:55.127 [info] > git cat-file -s f1b8167349c185638f0ef8a302c34de7593a5776 [4ms]
2025-06-08 10:08:57.231 [info] > git show --textconv :hydra-lang/tests/test.tokens [27ms]
2025-06-08 10:08:57.233 [info] > git ls-files --stage -- hydra-lang/tests/test.tokens [6ms]
2025-06-08 10:08:57.259 [info] > git cat-file -s 35c4259df6395acdb0fdcdfccaca175ab3001f1a [3ms]
2025-06-08 10:09:00.761 [info] > git config --get commit.template [21ms]
2025-06-08 10:09:00.765 [info] > git for-each-ref --format=%(refname)%00%(upstream:short)%00%(objectname)%00%(upstream:track)%00%(upstream:remotename)%00%(upstream:remoteref) refs/heads/rewrite refs/remotes/rewrite [5ms]
2025-06-08 10:09:00.806 [info] > git status -z -uall [21ms]
2025-06-08 10:09:00.810 [info] > git for-each-ref --sort -committerdate --format %(refname)%00%(objectname)%00%(*objectname) [5ms]
2025-06-08 10:09:06.870 [info] > git show --textconv :hydra-lang/tests/test.hydra [20ms]
2025-06-08 10:09:06.873 [info] > git ls-files --stage -- hydra-lang/tests/test.hydra [5ms]
2025-06-08 10:09:06.896 [info] > git cat-file -s f1b8167349c185638f0ef8a302c34de7593a5776 [3ms]
2025-06-08 10:09:23.642 [info] > git show --textconv :hydra-lang/src/hydrac/parse/lexer/lexer.rs [24ms]
2025-06-08 10:09:23.645 [info] > git ls-files --stage -- hydra-lang/src/hydrac/parse/lexer/lexer.rs [7ms]
2025-06-08 10:09:23.672 [info] > git cat-file -s c0b2b61e29632ae560903247fa0884592cefa5cd [4ms]
2025-06-08 10:09:25.212 [info] > git show --textconv :hydra-lang/src/main.rs [18ms]
2025-06-08 10:09:25.214 [info] > git ls-files --stage -- hydra-lang/src/main.rs [4ms]
2025-06-08 10:09:25.236 [info] > git cat-file -s eaa73d6d1a2e5a857777e14785267fdf97c0abb6 [4ms]
2025-06-08 10:09:34.907 [info] > git show --textconv :hydra-lang/src/hydrac/parse/lexer/lexer.rs [30ms]
2025-06-08 10:09:34.911 [info] > git ls-files --stage -- hydra-lang/src/hydrac/parse/lexer/lexer.rs [7ms]
2025-06-08 10:09:34.938 [info] > git cat-file -s c0b2b61e29632ae560903247fa0884592cefa5cd [3ms]
2025-06-08 10:09:51.444 [info] > git config --get commit.template [21ms]
2025-06-08 10:09:51.448 [info] > git for-each-ref --format=%(refname)%00%(upstream:short)%00%(objectname)%00%(upstream:track)%00%(upstream:remotename)%00%(upstream:remoteref) refs/heads/rewrite refs/remotes/rewrite [5ms]
2025-06-08 10:09:51.490 [info] > git status -z -uall [22ms]
2025-06-08 10:09:51.494 [info] > git for-each-ref --sort -committerdate --format %(refname)%00%(objectname)%00%(*objectname) [5ms]
2025-06-08 10:11:13.640 [info] > git config --get commit.template [23ms]
2025-06-08 10:11:13.644 [info] > git for-each-ref --format=%(refname)%00%(upstream:short)%00%(objectname)%00%(upstream:track)%00%(upstream:remotename)%00%(upstream:remoteref) refs/heads/rewrite refs/remotes/rewrite [4ms]
2025-06-08 10:11:13.686 [info] > git status -z -uall [22ms]
2025-06-08 10:11:13.690 [info] > git for-each-ref --sort -committerdate --format %(refname)%00%(objectname)%00%(*objectname) [6ms]
2025-06-08 10:11:18.746 [info] > git for-each-ref --format=%(refname)%00%(upstream:short)%00%(objectname)%00%(upstream:track)%00%(upstream:remotename)%00%(upstream:remoteref) refs/heads/rewrite refs/remotes/rewrite [8ms]
2025-06-08 10:11:18.746 [info] > git config --get commit.template [29ms]
2025-06-08 10:11:18.788 [info] > git status -z -uall [22ms]
2025-06-08 10:11:18.791 [info] > git for-each-ref --sort -committerdate --format %(refname)%00%(objectname)%00%(*objectname) [4ms]
2025-06-08 10:11:23.842 [info] > git config --get commit.template [22ms]
2025-06-08 10:11:23.842 [info] > git for-each-ref --format=%(refname)%00%(upstream:short)%00%(objectname)%00%(upstream:track)%00%(upstream:remotename)%00%(upstream:remoteref) refs/heads/rewrite refs/remotes/rewrite [3ms]
2025-06-08 10:11:23.885 [info] > git status -z -uall [21ms]
2025-06-08 10:11:23.888 [info] > git for-each-ref --sort -committerdate --format %(refname)%00%(objectname)%00%(*objectname) [4ms]
2025-06-08 10:11:36.173 [info] > git config --get commit.template [22ms]
2025-06-08 10:11:36.176 [info] > git for-each-ref --format=%(refname)%00%(upstream:short)%00%(objectname)%00%(upstream:track)%00%(upstream:remotename)%00%(upstream:remoteref) refs/heads/rewrite refs/remotes/rewrite [5ms]
2025-06-08 10:11:36.223 [info] > git status -z -uall [25ms]
2025-06-08 10:11:36.227 [info] > git for-each-ref --sort -committerdate --format %(refname)%00%(objectname)%00%(*objectname) [5ms]
2025-06-08 10:11:58.160 [info] > git config --get commit.template [23ms]
2025-06-08 10:11:58.163 [info] > git for-each-ref --format=%(refname)%00%(upstream:short)%00%(objectname)%00%(upstream:track)%00%(upstream:remotename)%00%(upstream:remoteref) refs/heads/rewrite refs/remotes/rewrite [5ms]
2025-06-08 10:11:58.208 [info] > git status -z -uall [23ms]
2025-06-08 10:11:58.211 [info] > git for-each-ref --sort -committerdate --format %(refname)%00%(objectname)%00%(*objectname) [5ms]
2025-06-08 10:12:03.264 [info] > git config --get commit.template [27ms]
2025-06-08 10:12:03.266 [info] > git for-each-ref --format=%(refname)%00%(upstream:short)%00%(objectname)%00%(upstream:track)%00%(upstream:remotename)%00%(upstream:remoteref) refs/heads/rewrite refs/remotes/rewrite [5ms]
2025-06-08 10:12:03.325 [info] > git status -z -uall [29ms]
2025-06-08 10:12:03.327 [info] > git for-each-ref --sort -committerdate --format %(refname)%00%(objectname)%00%(*objectname) [5ms]
2025-06-08 10:12:10.350 [info] > git config --get commit.template [21ms]
2025-06-08 10:12:10.354 [info] > git for-each-ref --format=%(refname)%00%(upstream:short)%00%(objectname)%00%(upstream:track)%00%(upstream:remotename)%00%(upstream:remoteref) refs/heads/rewrite refs/remotes/rewrite [5ms]
2025-06-08 10:12:10.395 [info] > git status -z -uall [20ms]
2025-06-08 10:12:10.397 [info] > git for-each-ref --sort -committerdate --format %(refname)%00%(objectname)%00%(*objectname) [4ms]
2025-06-08 10:12:19.602 [info] > git config --get commit.template [30ms]
2025-06-08 10:12:19.608 [info] > git for-each-ref --format=%(refname)%00%(upstream:short)%00%(objectname)%00%(upstream:track)%00%(upstream:remotename)%00%(upstream:remoteref) refs/heads/rewrite refs/remotes/rewrite [8ms]
2025-06-08 10:12:19.652 [info] > git status -z -uall [24ms]
2025-06-08 10:12:19.655 [info] > git for-each-ref --sort -committerdate --format %(refname)%00%(objectname)%00%(*objectname) [5ms]
2025-06-08 10:12:24.704 [info] > git config --get commit.template [22ms]
2025-06-08 10:12:24.708 [info] > git for-each-ref --format=%(refname)%00%(upstream:short)%00%(objectname)%00%(upstream:track)%00%(upstream:remotename)%00%(upstream:remoteref) refs/heads/rewrite refs/remotes/rewrite [5ms]
2025-06-08 10:12:24.753 [info] > git status -z -uall [24ms]
2025-06-08 10:12:24.757 [info] > git for-each-ref --sort -committerdate --format %(refname)%00%(objectname)%00%(*objectname) [6ms]
2025-06-08 10:12:30.520 [info] > git config --get commit.template [21ms]
2025-06-08 10:12:30.524 [info] > git for-each-ref --format=%(refname)%00%(upstream:short)%00%(objectname)%00%(upstream:track)%00%(upstream:remotename)%00%(upstream:remoteref) refs/heads/rewrite refs/remotes/rewrite [5ms]
2025-06-08 10:12:30.565 [info] > git status -z -uall [22ms]
2025-06-08 10:12:30.568 [info] > git for-each-ref --sort -committerdate --format %(refname)%00%(objectname)%00%(*objectname) [5ms]
2025-06-08 10:15:49.093 [info] > git show --textconv :hydra-lang/src/main.rs [29ms]
2025-06-08 10:15:49.096 [info] > git ls-files --stage -- hydra-lang/src/main.rs [5ms]
2025-06-08 10:15:49.121 [info] > git cat-file -s eaa73d6d1a2e5a857777e14785267fdf97c0abb6 [3ms]
2025-06-08 10:18:31.278 [info] > git config --get commit.template [24ms]
2025-06-08 10:18:31.279 [info] > git for-each-ref --format=%(refname)%00%(upstream:short)%00%(objectname)%00%(upstream:track)%00%(upstream:remotename)%00%(upstream:remoteref) refs/heads/rewrite refs/remotes/rewrite [3ms]
2025-06-08 10:18:31.315 [info] > git status -z -uall [18ms]
2025-06-08 10:18:31.318 [info] > git for-each-ref --sort -committerdate --format %(refname)%00%(objectname)%00%(*objectname) [3ms]
2025-06-08 10:23:17.589 [info] > git config --get commit.template [27ms]
2025-06-08 10:23:17.593 [info] > git for-each-ref --format=%(refname)%00%(upstream:short)%00%(objectname)%00%(upstream:track)%00%(upstream:remotename)%00%(upstream:remoteref) refs/heads/rewrite refs/remotes/rewrite [6ms]
2025-06-08 10:23:17.640 [info] > git status -z -uall [24ms]
2025-06-08 10:23:17.642 [info] > git for-each-ref --sort -committerdate --format %(refname)%00%(objectname)%00%(*objectname) [4ms]
2025-06-08 10:24:07.864 [info] > git config --get commit.template [24ms]
2025-06-08 10:24:07.866 [info] > git for-each-ref --format=%(refname)%00%(upstream:short)%00%(objectname)%00%(upstream:track)%00%(upstream:remotename)%00%(upstream:remoteref) refs/heads/rewrite refs/remotes/rewrite [3ms]
2025-06-08 10:24:07.906 [info] > git status -z -uall [19ms]
2025-06-08 10:24:07.908 [info] > git for-each-ref --sort -committerdate --format %(refname)%00%(objectname)%00%(*objectname) [4ms]
2025-06-08 10:24:09.501 [info] > git show --textconv :hydra-lang/tests/test.tokens [20ms]
2025-06-08 10:24:09.503 [info] > git ls-files --stage -- hydra-lang/tests/test.tokens [4ms]
2025-06-08 10:24:09.525 [info] > git cat-file -s 35c4259df6395acdb0fdcdfccaca175ab3001f1a [3ms]
2025-06-08 10:24:33.403 [info] > git show --textconv :hydra-lang/tests/test.hydra [26ms]
2025-06-08 10:24:33.406 [info] > git ls-files --stage -- hydra-lang/tests/test.hydra [4ms]
2025-06-08 10:24:33.428 [info] > git cat-file -s f1b8167349c185638f0ef8a302c34de7593a5776 [3ms]
2025-06-08 10:24:39.286 [info] > git show --textconv :hydra-lang/tests/test.tokens [24ms]
2025-06-08 10:24:39.289 [info] > git ls-files --stage -- hydra-lang/tests/test.tokens [4ms]
2025-06-08 10:24:39.318 [info] > git cat-file -s 35c4259df6395acdb0fdcdfccaca175ab3001f1a [3ms]
2025-06-08 10:24:59.051 [info] > git show --textconv :hydra-lang/tests/test.hydra [27ms]
2025-06-08 10:24:59.055 [info] > git ls-files --stage -- hydra-lang/tests/test.hydra [6ms]
2025-06-08 10:24:59.080 [info] > git cat-file -s f1b8167349c185638f0ef8a302c34de7593a5776 [3ms]
2025-06-08 10:25:10.266 [info] > git show --textconv :hydra-lang/tests/test.tokens [30ms]
2025-06-08 10:25:10.270 [info] > git ls-files --stage -- hydra-lang/tests/test.tokens [6ms]
2025-06-08 10:25:10.301 [info] > git cat-file -s 35c4259df6395acdb0fdcdfccaca175ab3001f1a [5ms]
2025-06-08 10:27:07.619 [info] > git show --textconv :hydra-lang/tests/lex_benchmark.hydra [21ms]
2025-06-08 10:27:07.622 [info] > git ls-files --stage -- hydra-lang/tests/lex_benchmark.hydra [4ms]
2025-06-08 10:27:07.652 [info] > git cat-file -s b96cdcfb997d53cd2590925a2f7e8704004ad903 [6ms]
2025-06-08 10:27:14.471 [info] > git show --textconv :hydra-lang/tests/test.tokens [21ms]
2025-06-08 10:27:14.475 [info] > git ls-files --stage -- hydra-lang/tests/test.tokens [5ms]
2025-06-08 10:27:14.501 [info] > git cat-file -s 35c4259df6395acdb0fdcdfccaca175ab3001f1a [4ms]
2025-06-08 10:27:15.353 [info] > git config --get commit.template [32ms]
2025-06-08 10:27:15.358 [info] > git for-each-ref --format=%(refname)%00%(upstream:short)%00%(objectname)%00%(upstream:track)%00%(upstream:remotename)%00%(upstream:remoteref) refs/heads/rewrite refs/remotes/rewrite [7ms]
2025-06-08 10:27:15.404 [info] > git status -z -uall [20ms]
2025-06-08 10:27:15.408 [info] > git for-each-ref --sort -committerdate --format %(refname)%00%(objectname)%00%(*objectname) [4ms]
2025-06-08 10:27:20.460 [info] > git config --get commit.template [23ms]
2025-06-08 10:27:20.464 [info] > git for-each-ref --format=%(refname)%00%(upstream:short)%00%(objectname)%00%(upstream:track)%00%(upstream:remotename)%00%(upstream:remoteref) refs/heads/rewrite refs/remotes/rewrite [5ms]
2025-06-08 10:27:20.509 [info] > git status -z -uall [23ms]
2025-06-08 10:27:20.510 [info] > git for-each-ref --sort -committerdate --format %(refname)%00%(objectname)%00%(*objectname) [5ms]
2025-06-08 10:27:25.980 [info] > git show --textconv :syntax_rules.txt [22ms]
2025-06-08 10:27:25.983 [info] > git ls-files --stage -- syntax_rules.txt [3ms]
2025-06-08 10:27:26.006 [info] > git cat-file -s a90f16af24ece1b2d02f765cc5ce5116365e960a [4ms]
2025-06-08 10:27:38.197 [info] > git config --get commit.template [5ms]
2025-06-08 10:27:38.222 [info] > git for-each-ref --format=%(refname)%00%(upstream:short)%00%(objectname)%00%(upstream:track)%00%(upstream:remotename)%00%(upstream:remoteref) refs/heads/rewrite refs/remotes/rewrite [4ms]
2025-06-08 10:27:38.266 [info] > git status -z -uall [20ms]
2025-06-08 10:27:38.268 [info] > git for-each-ref --sort -committerdate --format %(refname)%00%(objectname)%00%(*objectname) [4ms]
2025-06-08 10:27:39.348 [info] > git ls-files --stage -- syntax_rules.txt [4ms]
2025-06-08 10:27:39.373 [info] > git cat-file -s a90f16af24ece1b2d02f765cc5ce5116365e960a [3ms]
2025-06-08 10:27:39.402 [info] > git show --textconv :syntax_rules.txt [4ms]
2025-06-08 10:28:15.068 [info] > git config --get commit.template [28ms]
2025-06-08 10:28:15.070 [info] > git for-each-ref --format=%(refname)%00%(upstream:short)%00%(objectname)%00%(upstream:track)%00%(upstream:remotename)%00%(upstream:remoteref) refs/heads/rewrite refs/remotes/rewrite [4ms]
2025-06-08 10:28:15.107 [info] > git status -z -uall [20ms]
2025-06-08 10:28:15.109 [info] > git for-each-ref --sort -committerdate --format %(refname)%00%(objectname)%00%(*objectname) [3ms]
2025-06-08 10:28:15.150 [info] > git blame --root --incremental 9f987ede051db835162524c7ea30ef0401e92067 -- syntax_rules.txt [20ms]
2025-06-08 10:28:15.153 [info] > git merge-base refs/heads/rewrite refs/remotes/origin/rewrite [5ms]
2025-06-08 10:28:15.179 [info] > git diff --name-status -z --diff-filter=ADMR bc48938b9af43fd2b714339a625a6533267f33dc...refs/remotes/origin/rewrite [6ms]
2025-06-08 10:28:16.190 [info] > git ls-files --stage -- syntax_rules.txt [3ms]
2025-06-08 10:28:16.213 [info] > git cat-file -s a90f16af24ece1b2d02f765cc5ce5116365e960a [3ms]
2025-06-08 10:28:16.243 [info] > git show --textconv :syntax_rules.txt [5ms]
2025-06-08 10:28:22.450 [info] > git config --get commit.template [4ms]
2025-06-08 10:28:22.472 [info] > git for-each-ref --format=%(refname)%00%(upstream:short)%00%(objectname)%00%(upstream:track)%00%(upstream:remotename)%00%(upstream:remoteref) refs/heads/rewrite refs/remotes/rewrite [4ms]
2025-06-08 10:28:22.512 [info] > git status -z -uall [22ms]
2025-06-08 10:28:22.515 [info] > git for-each-ref --sort -committerdate --format %(refname)%00%(objectname)%00%(*objectname) [5ms]
2025-06-08 10:28:22.541 [info] > git merge-base refs/heads/rewrite refs/remotes/origin/rewrite [4ms]
2025-06-08 10:28:22.565 [info] > git diff --name-status -z --diff-filter=ADMR 9f987ede051db835162524c7ea30ef0401e92067...refs/remotes/origin/rewrite [4ms]
2025-06-08 10:28:23.640 [info] > git ls-files --stage -- syntax_rules.txt [4ms]
2025-06-08 10:28:23.665 [info] > git cat-file -s a90f16af24ece1b2d02f765cc5ce5116365e960a [5ms]
2025-06-08 10:28:23.692 [info] > git show --textconv :syntax_rules.txt [5ms]
2025-06-08 10:28:28.622 [info] > git show --textconv :hydra-lang/tests/test.tokens [26ms]
2025-06-08 10:28:28.626 [info] > git ls-files --stage -- hydra-lang/tests/test.tokens [7ms]
2025-06-08 10:28:28.653 [info] > git cat-file -s 8eb8d2e6bcaafe56acbec171180f65bb90454c26 [5ms]
2025-06-08 10:28:28.685 [info] > git blame --root --incremental 9f987ede051db835162524c7ea30ef0401e92067 -- hydra-lang/tests/test.tokens [6ms]
2025-06-08 10:28:29.396 [info] > git show --textconv :hydra-lang/src/hydrac/parse/lexer/lexer.rs [27ms]
2025-06-08 10:28:29.400 [info] > git ls-files --stage -- hydra-lang/src/hydrac/parse/lexer/lexer.rs [4ms]
2025-06-08 10:28:29.428 [info] > git cat-file -s 8f180924d28cfab59d6f75804bc136b02aedaabd [4ms]
2025-06-08 10:28:29.474 [info] > git blame --root --incremental 9f987ede051db835162524c7ea30ef0401e92067 -- hydra-lang/src/hydrac/parse/lexer/lexer.rs [11ms]
2025-06-08 10:28:30.177 [info] > git show --textconv :hydra-lang/tests/test.tokens [25ms]
2025-06-08 10:28:30.179 [info] > git ls-files --stage -- hydra-lang/tests/test.tokens [4ms]
2025-06-08 10:28:30.205 [info] > git cat-file -s 8eb8d2e6bcaafe56acbec171180f65bb90454c26 [5ms]
2025-06-08 10:28:30.948 [info] > git show --textconv :hydra-lang/tests/test.hydra [20ms]
2025-06-08 10:28:30.951 [info] > git ls-files --stage -- hydra-lang/tests/test.hydra [4ms]
2025-06-08 10:28:30.975 [info] > git cat-file -s b96cdcfb997d53cd2590925a2f7e8704004ad903 [4ms]
2025-06-08 10:28:31.008 [info] > git blame --root --incremental 9f987ede051db835162524c7ea30ef0401e92067 -- hydra-lang/tests/test.hydra [6ms]
