2025-06-07 15:42:11.098 [info] [main] Log level: Info
2025-06-07 15:42:11.098 [info] [main] Validating found git in: "git"
2025-06-07 15:42:11.098 [info] [main] Using git "2.43.0" from "git"
2025-06-07 15:42:11.098 [info] [Model][doInitialScan] Initial repository scan started
2025-06-07 15:42:11.098 [info] > git rev-parse --show-toplevel [4ms]
2025-06-07 15:42:11.098 [info] fatal: not a git repository (or any of the parent directories): .git
2025-06-07 15:42:11.100 [info] > git rev-parse --show-toplevel [3ms]
2025-06-07 15:42:11.100 [info] fatal: not a git repository (or any of the parent directories): .git
2025-06-07 15:42:11.120 [info] > git rev-parse --show-toplevel [5ms]
2025-06-07 15:42:11.120 [info] fatal: not a git repository (or any of the parent directories): .git
2025-06-07 15:42:11.125 [info] [Model][doInitialScan] Initial repository scan completed - repositories (0), closed repositories (0), parent repositories (0), unsafe repositories (0)
2025-06-07 15:42:11.450 [info] > git rev-parse --show-toplevel [4ms]
2025-06-07 15:42:11.450 [info] fatal: not a git repository (or any of the parent directories): .git
2025-06-07 15:42:12.288 [info] > git rev-parse --show-toplevel [12ms]
2025-06-07 15:42:12.288 [info] fatal: not a git repository (or any of the parent directories): .git
2025-06-07 15:42:12.496 [info] > git rev-parse --show-toplevel [3ms]
2025-06-07 15:42:12.496 [info] fatal: not a git repository (or any of the parent directories): .git
2025-06-07 15:42:12.711 [info] > git rev-parse --show-toplevel [4ms]
2025-06-07 15:42:12.712 [info] fatal: not a git repository (or any of the parent directories): .git
2025-06-07 15:42:20.587 [info] > git rev-parse --show-toplevel [7ms]
2025-06-07 15:42:20.588 [info] fatal: not a git repository (or any of the parent directories): .git
2025-06-07 15:44:26.037 [info] > git rev-parse --show-toplevel [4ms]
2025-06-07 15:44:26.037 [info] fatal: not a git repository (or any of the parent directories): .git
2025-06-07 15:44:32.130 [info] > git rev-parse --show-toplevel [7ms]
2025-06-07 15:44:32.130 [info] fatal: not a git repository (or any of the parent directories): .git
2025-06-07 15:44:36.548 [info] > git rev-parse --show-toplevel [6ms]
2025-06-07 15:44:36.549 [info] fatal: not a git repository (or any of the parent directories): .git
2025-06-07 15:44:41.880 [info] > git rev-parse --show-toplevel [4ms]
2025-06-07 15:44:41.880 [info] fatal: not a git repository (or any of the parent directories): .git
2025-06-07 15:44:42.990 [info] > git rev-parse --show-toplevel [6ms]
2025-06-07 15:44:42.991 [info] fatal: not a git repository (or any of the parent directories): .git
2025-06-07 15:44:43.785 [info] > git rev-parse --show-toplevel [5ms]
2025-06-07 15:44:43.785 [info] fatal: not a git repository (or any of the parent directories): .git
2025-06-07 15:44:50.605 [info] > git rev-parse --show-toplevel [5ms]
2025-06-07 15:44:50.606 [info] fatal: not a git repository (or any of the parent directories): .git
2025-06-07 15:45:00.528 [info] > git rev-parse --show-toplevel [5ms]
2025-06-07 15:45:00.529 [info] fatal: not a git repository (or any of the parent directories): .git
2025-06-07 15:45:01.735 [info] > git rev-parse --show-toplevel [4ms]
2025-06-07 15:45:01.735 [info] fatal: not a git repository (or any of the parent directories): .git
2025-06-07 15:45:08.298 [info] > git rev-parse --show-toplevel [6ms]
2025-06-07 15:45:08.298 [info] fatal: not a git repository (or any of the parent directories): .git
2025-06-07 15:45:09.559 [info] > git rev-parse --show-toplevel [5ms]
2025-06-07 15:45:09.559 [info] fatal: not a git repository (or any of the parent directories): .git
2025-06-07 15:53:27.796 [info] > git rev-parse --show-toplevel [5ms]
2025-06-07 15:53:27.797 [info] fatal: not a git repository (or any of the parent directories): .git
2025-06-07 15:53:28.492 [info] > git rev-parse --show-toplevel [4ms]
2025-06-07 15:53:28.492 [info] fatal: not a git repository (or any of the parent directories): .git
2025-06-07 15:54:42.423 [info] > git rev-parse --show-toplevel [4ms]
2025-06-07 15:54:42.423 [info] fatal: not a git repository (or any of the parent directories): .git
2025-06-07 15:54:50.385 [info] > git rev-parse --show-toplevel [3ms]
2025-06-07 15:54:50.385 [info] fatal: not a git repository (or any of the parent directories): .git
2025-06-07 15:57:34.644 [info] > git rev-parse --show-toplevel [6ms]
2025-06-07 15:57:34.644 [info] fatal: not a git repository (or any of the parent directories): .git
2025-06-07 16:41:51.742 [info] > git rev-parse --show-toplevel [4ms]
2025-06-07 16:41:51.742 [info] fatal: not a git repository (or any of the parent directories): .git
2025-06-07 16:43:44.870 [info] > git rev-parse --show-toplevel [4ms]
2025-06-07 16:43:44.870 [info] fatal: not a git repository (or any of the parent directories): .git
2025-06-07 16:43:51.486 [info] > git rev-parse --show-toplevel [3ms]
2025-06-07 16:43:51.486 [info] fatal: not a git repository (or any of the parent directories): .git
2025-06-07 16:44:20.551 [info] > git rev-parse --show-toplevel [5ms]
2025-06-07 16:44:20.551 [info] fatal: not a git repository (or any of the parent directories): .git
2025-06-07 16:45:58.320 [info] > git rev-parse --show-toplevel [4ms]
2025-06-07 16:45:58.321 [info] fatal: not a git repository (or any of the parent directories): .git
2025-06-07 17:10:42.605 [info] > git rev-parse --show-toplevel [4ms]
2025-06-07 17:10:42.605 [info] fatal: not a git repository (or any of the parent directories): .git
2025-06-07 17:10:46.654 [info] > git rev-parse --show-toplevel [3ms]
2025-06-07 17:10:46.654 [info] fatal: not a git repository (or any of the parent directories): .git
2025-06-07 17:10:47.930 [info] > git rev-parse --show-toplevel [4ms]
2025-06-07 17:10:47.930 [info] fatal: not a git repository (or any of the parent directories): .git
2025-06-07 17:10:51.818 [info] > git rev-parse --show-toplevel [4ms]
2025-06-07 17:10:51.818 [info] fatal: not a git repository (or any of the parent directories): .git
2025-06-07 17:10:55.242 [info] > git rev-parse --show-toplevel [3ms]
2025-06-07 17:10:55.243 [info] fatal: not a git repository (or any of the parent directories): .git
2025-06-07 17:11:08.012 [info] > git rev-parse --show-toplevel [2ms]
2025-06-07 17:11:08.012 [info] fatal: not a git repository (or any of the parent directories): .git
2025-06-07 17:11:10.859 [info] > git rev-parse --show-toplevel [4ms]
2025-06-07 17:11:10.859 [info] fatal: not a git repository (or any of the parent directories): .git
2025-06-07 17:11:45.177 [info] > git rev-parse --show-toplevel [4ms]
2025-06-07 17:11:45.177 [info] fatal: not a git repository (or any of the parent directories): .git
2025-06-07 17:13:26.213 [info] > git rev-parse --show-toplevel [4ms]
2025-06-07 17:13:26.213 [info] fatal: not a git repository (or any of the parent directories): .git
2025-06-07 17:13:39.743 [info] > git rev-parse --show-toplevel [4ms]
2025-06-07 17:13:39.743 [info] fatal: not a git repository (or any of the parent directories): .git
2025-06-07 17:13:40.881 [info] > git rev-parse --show-toplevel [4ms]
2025-06-07 17:13:40.881 [info] fatal: not a git repository (or any of the parent directories): .git
2025-06-07 17:13:46.061 [info] > git rev-parse --show-toplevel [4ms]
2025-06-07 17:13:46.061 [info] fatal: not a git repository (or any of the parent directories): .git
2025-06-07 17:13:55.573 [info] > git rev-parse --show-toplevel [3ms]
2025-06-07 17:13:55.573 [info] fatal: not a git repository (or any of the parent directories): .git
2025-06-07 17:13:58.510 [info] > git rev-parse --show-toplevel [3ms]
2025-06-07 17:13:58.510 [info] fatal: not a git repository (or any of the parent directories): .git
2025-06-07 17:33:05.881 [info] > git rev-parse --show-toplevel [4ms]
2025-06-07 17:33:05.881 [info] fatal: not a git repository (or any of the parent directories): .git
2025-06-07 17:33:31.544 [info] > git rev-parse --show-toplevel [4ms]
2025-06-07 17:33:31.544 [info] fatal: not a git repository (or any of the parent directories): .git
2025-06-07 17:34:10.444 [info] > git rev-parse --show-toplevel [3ms]
2025-06-07 17:34:10.445 [info] fatal: not a git repository (or any of the parent directories): .git
2025-06-07 17:34:11.298 [info] > git rev-parse --show-toplevel [3ms]
2025-06-07 17:34:11.298 [info] fatal: not a git repository (or any of the parent directories): .git
2025-06-07 17:58:05.913 [info] > git rev-parse --show-toplevel [3ms]
2025-06-07 17:58:05.913 [info] fatal: not a git repository (or any of the parent directories): .git
2025-06-07 17:58:59.484 [info] > git rev-parse --show-toplevel [4ms]
2025-06-07 17:58:59.484 [info] fatal: not a git repository (or any of the parent directories): .git
2025-06-07 17:59:01.979 [info] > git rev-parse --show-toplevel [3ms]
2025-06-07 17:59:01.979 [info] fatal: not a git repository (or any of the parent directories): .git
2025-06-07 17:59:03.260 [info] > git rev-parse --show-toplevel [4ms]
2025-06-07 17:59:03.260 [info] fatal: not a git repository (or any of the parent directories): .git
2025-06-07 17:59:04.031 [info] > git rev-parse --show-toplevel [3ms]
2025-06-07 17:59:04.031 [info] fatal: not a git repository (or any of the parent directories): .git
2025-06-07 17:59:05.861 [info] > git rev-parse --show-toplevel [4ms]
2025-06-07 17:59:05.861 [info] fatal: not a git repository (or any of the parent directories): .git
2025-06-07 18:00:32.946 [info] > git rev-parse --show-toplevel [3ms]
2025-06-07 18:00:32.946 [info] fatal: not a git repository (or any of the parent directories): .git
2025-06-07 18:01:29.679 [info] > git rev-parse --show-toplevel [3ms]
2025-06-07 18:01:29.679 [info] fatal: not a git repository (or any of the parent directories): .git
2025-06-07 18:02:58.141 [info] > git rev-parse --show-toplevel [4ms]
2025-06-07 18:02:58.141 [info] fatal: not a git repository (or any of the parent directories): .git
2025-06-07 18:03:34.291 [info] > git rev-parse --show-toplevel [4ms]
2025-06-07 18:03:34.291 [info] fatal: not a git repository (or any of the parent directories): .git
2025-06-07 18:03:54.059 [info] > git rev-parse --show-toplevel [4ms]
2025-06-07 18:03:54.059 [info] fatal: not a git repository (or any of the parent directories): .git
2025-06-07 18:04:01.468 [info] > git rev-parse --show-toplevel [5ms]
2025-06-07 18:04:01.468 [info] fatal: not a git repository (or any of the parent directories): .git
2025-06-07 18:04:03.325 [info] > git rev-parse --show-toplevel [4ms]
2025-06-07 18:04:03.325 [info] fatal: not a git repository (or any of the parent directories): .git
2025-06-07 18:04:26.309 [info] > git rev-parse --show-toplevel [5ms]
2025-06-07 18:04:26.309 [info] fatal: not a git repository (or any of the parent directories): .git
2025-06-07 18:04:27.628 [info] > git rev-parse --show-toplevel [4ms]
2025-06-07 18:04:27.628 [info] fatal: not a git repository (or any of the parent directories): .git
2025-06-07 18:04:28.839 [info] > git rev-parse --show-toplevel [3ms]
2025-06-07 18:04:28.839 [info] fatal: not a git repository (or any of the parent directories): .git
2025-06-07 18:04:36.899 [info] > git rev-parse --show-toplevel [4ms]
2025-06-07 18:04:36.899 [info] fatal: not a git repository (or any of the parent directories): .git
2025-06-07 18:04:39.974 [info] > git rev-parse --show-toplevel [3ms]
2025-06-07 18:04:39.974 [info] fatal: not a git repository (or any of the parent directories): .git
2025-06-07 18:12:43.992 [info] > git rev-parse --show-toplevel [3ms]
2025-06-07 18:12:43.992 [info] fatal: not a git repository (or any of the parent directories): .git
2025-06-07 18:47:35.392 [info] > git rev-parse --show-toplevel [4ms]
2025-06-07 18:47:35.392 [info] fatal: not a git repository (or any of the parent directories): .git
2025-06-07 18:48:05.652 [info] > git rev-parse --show-toplevel [3ms]
2025-06-07 18:48:05.652 [info] fatal: not a git repository (or any of the parent directories): .git
2025-06-07 18:48:47.001 [info] > git rev-parse --show-toplevel [3ms]
2025-06-07 18:48:47.001 [info] fatal: not a git repository (or any of the parent directories): .git
2025-06-07 18:51:44.031 [info] > git rev-parse --show-toplevel [4ms]
2025-06-07 18:51:44.031 [info] fatal: not a git repository (or any of the parent directories): .git
2025-06-07 18:53:10.629 [info] > git rev-parse --show-toplevel [2ms]
2025-06-07 18:53:10.629 [info] fatal: not a git repository (or any of the parent directories): .git
2025-06-07 18:53:27.859 [info] > git rev-parse --show-toplevel [4ms]
2025-06-07 18:53:27.859 [info] fatal: not a git repository (or any of the parent directories): .git
2025-06-07 18:53:29.686 [info] > git rev-parse --show-toplevel [3ms]
2025-06-07 18:53:29.686 [info] fatal: not a git repository (or any of the parent directories): .git
2025-06-07 18:53:30.456 [info] > git rev-parse --show-toplevel [3ms]
2025-06-07 18:53:30.456 [info] fatal: not a git repository (or any of the parent directories): .git
2025-06-07 18:58:38.583 [info] > git rev-parse --show-toplevel [4ms]
2025-06-07 18:58:38.583 [info] fatal: not a git repository (or any of the parent directories): .git
2025-06-07 18:59:53.345 [info] > git rev-parse --show-toplevel [3ms]
2025-06-07 18:59:53.345 [info] fatal: not a git repository (or any of the parent directories): .git
2025-06-07 18:59:59.541 [info] > git rev-parse --show-toplevel [2ms]
2025-06-07 18:59:59.541 [info] fatal: not a git repository (or any of the parent directories): .git
2025-06-07 19:01:15.366 [info] > git rev-parse --show-toplevel [4ms]
2025-06-07 19:01:15.366 [info] fatal: not a git repository (or any of the parent directories): .git
2025-06-07 19:01:26.305 [info] > git rev-parse --show-toplevel [3ms]
2025-06-07 19:01:26.305 [info] fatal: not a git repository (or any of the parent directories): .git
2025-06-07 19:01:33.878 [info] > git rev-parse --show-toplevel [2ms]
2025-06-07 19:01:33.878 [info] fatal: not a git repository (or any of the parent directories): .git
2025-06-07 19:01:37.183 [info] > git rev-parse --show-toplevel [2ms]
2025-06-07 19:01:37.183 [info] fatal: not a git repository (or any of the parent directories): .git
2025-06-07 19:01:41.361 [info] > git rev-parse --show-toplevel [4ms]
2025-06-07 19:01:41.361 [info] fatal: not a git repository (or any of the parent directories): .git
2025-06-07 19:01:50.748 [info] > git rev-parse --show-toplevel [3ms]
2025-06-07 19:01:50.748 [info] fatal: not a git repository (or any of the parent directories): .git
2025-06-07 19:02:05.642 [info] > git rev-parse --show-toplevel [3ms]
2025-06-07 19:02:05.642 [info] fatal: not a git repository (or any of the parent directories): .git
2025-06-07 19:02:20.610 [info] > git rev-parse --show-toplevel [4ms]
2025-06-07 19:02:20.610 [info] fatal: not a git repository (or any of the parent directories): .git
2025-06-07 19:02:28.629 [info] > git rev-parse --show-toplevel [3ms]
2025-06-07 19:02:28.629 [info] fatal: not a git repository (or any of the parent directories): .git
