2025-06-09 12:50:26.874 [info] Reading sessions from keychain...
2025-06-09 12:50:26.874 [info] Getting sessions for all scopes...
2025-06-09 12:50:26.874 [info] Getting sessions for all scopes...
2025-06-09 12:50:26.874 [info] Getting sessions for all scopes...
2025-06-09 12:50:26.874 [info] Getting sessions for all scopes...
2025-06-09 12:50:26.874 [info] Getting sessions for all scopes...
2025-06-09 12:50:26.874 [info] Getting sessions for all scopes...
2025-06-09 12:50:26.874 [info] Getting sessions for all scopes...
2025-06-09 12:50:27.153 [info] Got stored sessions!
2025-06-09 12:50:27.153 [info] Got 1 verified sessions.
2025-06-09 12:50:27.153 [info] Got 1 sessions for ...
2025-06-09 12:50:27.153 [info] Got 1 sessions for ...
2025-06-09 12:50:27.153 [info] Got 1 sessions for ...
2025-06-09 12:50:27.153 [info] Got 1 sessions for ...
2025-06-09 12:50:27.153 [info] Got 1 sessions for ...
2025-06-09 12:50:27.153 [info] Got 1 sessions for ...
2025-06-09 12:50:27.153 [info] Got 1 sessions for ...
2025-06-09 12:50:27.303 [info] Getting sessions for all scopes...
2025-06-09 12:50:27.303 [info] Got 1 sessions for ...
2025-06-09 12:50:27.303 [info] Getting sessions for all scopes...
2025-06-09 12:50:27.303 [info] Got 1 sessions for ...
2025-06-09 12:50:27.304 [info] Getting sessions for all scopes...
2025-06-09 12:50:27.304 [info] Got 1 sessions for ...
2025-06-09 12:50:27.304 [info] Getting sessions for all scopes...
2025-06-09 12:50:27.304 [info] Got 1 sessions for ...
2025-06-09 12:50:27.304 [info] Getting sessions for all scopes...
2025-06-09 12:50:27.304 [info] Got 1 sessions for ...
2025-06-09 12:50:27.304 [info] Getting sessions for all scopes...
2025-06-09 12:50:27.304 [info] Got 1 sessions for ...
2025-06-09 12:50:27.636 [info] Getting sessions for all scopes...
2025-06-09 12:50:27.636 [info] Got 1 sessions for ...
2025-06-09 12:50:28.370 [info] Getting sessions for read:user,repo,user:email,workflow...
2025-06-09 12:50:28.370 [info] Got 1 sessions for read:user,repo,user:email,workflow...
2025-06-09 12:50:28.620 [info] Getting sessions for all scopes...
2025-06-09 12:50:28.620 [info] Got 1 sessions for ...
2025-06-09 12:50:28.797 [info] Getting sessions for read:user,repo,user:email,workflow...
2025-06-09 12:50:28.797 [info] Got 1 sessions for read:user,repo,user:email,workflow...
2025-06-09 12:50:28.858 [info] Getting sessions for all scopes...
2025-06-09 12:50:28.858 [info] Got 1 sessions for ...
